TN:
SF:src/lib/ai-chat.ts
FN:50,buildUserMessageWithActiveFile
FN:71,resolveProviderConfig
FN:111,createOpenAIRequestBody
FN:133,createAnthropicRequestBody
FN:151,isChatMessageArray
FNF:5
FNH:4
FNDA:3,buildUserMessageWithActiveFile
FNDA:2,resolveProviderConfig
FNDA:1,createOpenAIRequestBody
FNDA:1,createAnthropicRequestBody
FNDA:0,isChatMessageArray
DA:29,1
DA:30,1
DA:32,1
DA:48,1
DA:50,1
DA:51,3
DA:52,3
DA:53,3
DA:54,3
DA:55,0
DA:56,0
DA:58,3
DA:59,3
DA:60,3
DA:61,3
DA:62,3
DA:63,3
DA:64,3
DA:65,3
DA:66,3
DA:67,3
DA:68,3
DA:69,3
DA:71,1
DA:72,2
DA:73,2
DA:74,2
DA:75,2
DA:76,2
DA:78,2
DA:79,2
DA:80,1
DA:82,2
DA:83,0
DA:84,0
DA:85,0
DA:86,0
DA:88,2
DA:89,1
DA:90,0
DA:91,0
DA:93,1
DA:94,1
DA:95,1
DA:96,1
DA:97,1
DA:98,1
DA:100,2
DA:101,0
DA:102,0
DA:104,1
DA:105,1
DA:106,1
DA:107,2
DA:108,2
DA:109,2
DA:111,1
DA:112,1
DA:113,1
DA:114,1
DA:115,1
DA:116,1
DA:117,1
DA:118,1
DA:119,1
DA:120,1
DA:121,1
DA:122,1
DA:123,1
DA:124,3
DA:125,3
DA:126,3
DA:127,1
DA:128,2
DA:129,1
DA:130,1
DA:131,1
DA:133,1
DA:134,1
DA:135,1
DA:136,1
DA:137,1
DA:138,1
DA:139,1
DA:140,1
DA:141,1
DA:142,1
DA:143,1
DA:144,1
DA:145,1
DA:146,1
DA:147,0
DA:148,1
DA:149,1
DA:151,1
DA:152,0
DA:153,0
DA:154,0
DA:155,0
DA:156,0
DA:157,0
DA:158,0
DA:159,0
DA:160,0
DA:161,0
LF:105
LH:84
BRDA:50,0,0,3
BRDA:54,1,0,0
BRDA:71,2,0,2
BRDA:79,3,0,1
BRDA:80,4,0,0
BRDA:82,5,0,0
BRDA:88,6,0,1
BRDA:89,7,0,0
BRDA:100,8,0,0
BRDA:102,9,0,1
BRDA:107,10,0,0
BRDA:111,11,0,1
BRDA:123,12,0,3
BRDA:126,13,0,2
BRDA:126,14,0,1
BRDA:127,15,0,2
BRDA:133,16,0,1
BRDA:142,17,0,1
BRDA:146,18,0,0
BRF:19
BRH:12
end_of_record
TN:
SF:src/lib/bindingsGenerator.ts
FN:23,toPascalCase
FN:31,normaliseIdentifier
FN:36,splitTopLevel
FN:58,rustTypeToTs
FN:109,abiTypeToTs
FN:144,findContractNode
FN:149,flattenFiles
FN:160,findBestAbiCandidate
FN:168,inferFunctionsFromAbi
FN:246,inferFunctionsFromRust
FN:275,renderArgsType
FN:280,renderBindingsSource
FN:331,createBindingsExportFromWorkspace
FN:384,downloadBindingsFile
FNF:14
FNH:13
FNDA:4,toPascalCase
FNDA:8,normaliseIdentifier
FNDA:2,splitTopLevel
FNDA:9,rustTypeToTs
FNDA:3,abiTypeToTs
FNDA:2,findContractNode
FNDA:3,flattenFiles
FNDA:2,findBestAbiCandidate
FNDA:1,inferFunctionsFromAbi
FNDA:1,inferFunctionsFromRust
FNDA:8,renderArgsType
FNDA:2,renderBindingsSource
FNDA:2,createBindingsExportFromWorkspace
FNDA:0,downloadBindingsFile
DA:21,1
DA:23,1
DA:24,4
DA:25,4
DA:26,4
DA:27,4
DA:28,4
DA:29,4
DA:31,1
DA:32,8
DA:33,8
DA:34,8
DA:36,1
DA:37,2
DA:38,2
DA:39,2
DA:41,2
DA:42,44
DA:43,44
DA:45,44
DA:46,3
DA:47,3
DA:48,3
DA:49,3
DA:51,41
DA:52,41
DA:54,2
DA:55,2
DA:56,2
DA:58,1
DA:59,9
DA:61,9
DA:62,9
DA:63,9
DA:64,0
DA:65,0
DA:66,0
DA:67,9
DA:68,0
DA:69,0
DA:70,9
DA:71,1
DA:72,1
DA:73,9
DA:74,0
DA:75,0
DA:76,0
DA:77,9
DA:78,0
DA:79,0
DA:80,0
DA:82,8
DA:83,9
DA:84,0
DA:85,9
DA:86,9
DA:87,9
DA:88,9
DA:89,9
DA:90,9
DA:91,3
DA:92,9
DA:93,9
DA:94,9
DA:95,9
DA:96,2
DA:97,9
DA:98,9
DA:99,9
DA:100,9
DA:101,9
DA:102,9
DA:103,3
DA:104,9
DA:105,0
DA:106,9
DA:107,9
DA:109,1
DA:110,3
DA:111,3
DA:112,3
DA:114,3
DA:115,0
DA:116,0
DA:118,0
DA:120,0
DA:121,0
DA:122,0
DA:124,0
DA:125,0
DA:126,0
DA:128,0
DA:129,0
DA:130,0
DA:132,3
DA:133,0
DA:134,0
DA:135,0
DA:137,0
DA:138,0
DA:139,0
DA:141,0
DA:142,0
DA:144,1
DA:145,2
DA:146,2
DA:147,2
DA:149,1
DA:150,3
DA:151,8
DA:153,8
DA:154,0
DA:155,0
DA:157,8
DA:158,8
DA:160,1
DA:161,2
DA:162,2
DA:163,2
DA:165,2
DA:166,2
DA:168,1
DA:169,1
DA:170,0
DA:171,1
DA:172,1
DA:173,0
DA:174,0
DA:175,0
DA:176,0
DA:177,0
DA:179,1
DA:181,1
DA:182,1
DA:183,2
DA:184,2
DA:185,2
DA:186,2
DA:188,2
DA:189,2
DA:190,0
DA:191,0
DA:192,0
DA:193,0
DA:194,0
DA:196,2
DA:197,2
DA:198,0
DA:199,0
DA:200,0
DA:201,0
DA:202,0
DA:204,2
DA:205,1
DA:206,1
DA:207,1
DA:208,1
DA:209,0
DA:210,0
DA:211,0
DA:213,1
DA:214,1
DA:215,1
DA:216,1
DA:217,2
DA:219,2
DA:220,0
DA:221,2
DA:222,2
DA:223,2
DA:224,2
DA:225,0
DA:226,2
DA:227,0
DA:228,0
DA:229,0
DA:230,0
DA:231,0
DA:232,0
DA:233,0
DA:234,0
DA:235,0
DA:237,2
DA:238,2
DA:239,2
DA:240,2
DA:241,2
DA:242,1
DA:243,1
DA:244,1
DA:246,1
DA:247,1
DA:248,1
DA:249,1
DA:251,1
DA:252,2
DA:253,2
DA:254,2
DA:255,2
DA:256,2
DA:257,2
DA:258,2
DA:259,2
DA:260,3
DA:261,3
DA:262,3
DA:263,3
DA:264,3
DA:265,2
DA:267,2
DA:268,2
DA:269,2
DA:270,2
DA:271,2
DA:272,1
DA:273,1
DA:275,1
DA:276,8
DA:277,6
DA:278,6
DA:280,1
DA:281,2
DA:282,2
DA:283,2
DA:284,2
DA:285,2
DA:286,2
DA:287,2
DA:288,2
DA:289,0
DA:291,2
DA:292,4
DA:293,4
DA:294,2
DA:296,2
DA:297,4
DA:298,4
DA:300,4
DA:301,4
DA:302,4
DA:303,4
DA:304,4
DA:305,2
DA:307,2
DA:308,2
DA:309,2
DA:310,2
DA:311,2
DA:312,2
DA:313,2
DA:314,2
DA:315,2
DA:316,2
DA:317,2
DA:318,2
DA:319,2
DA:320,2
DA:321,2
DA:322,2
DA:323,2
DA:324,2
DA:325,2
DA:326,2
DA:327,2
DA:328,2
DA:329,2
DA:331,1
DA:332,2
DA:333,2
DA:334,2
DA:335,2
DA:337,2
DA:338,0
DA:339,0
DA:341,2
DA:342,2
DA:344,2
DA:345,1
DA:346,1
DA:347,1
DA:349,1
DA:350,1
DA:351,1
DA:352,1
DA:353,1
DA:354,1
DA:355,1
DA:356,1
DA:357,1
DA:359,0
DA:360,1
DA:362,2
DA:363,2
DA:364,2
DA:366,2
DA:367,0
DA:368,0
DA:370,1
DA:372,2
DA:373,0
DA:374,0
DA:376,1
DA:377,1
DA:378,1
DA:379,1
DA:380,1
DA:381,1
DA:382,1
DA:384,1
DA:385,0
DA:386,0
DA:387,0
DA:388,0
DA:389,0
DA:390,0
DA:391,0
DA:392,0
LF:317
LH:236
BRDA:23,0,0,4
BRDA:28,1,0,6
BRDA:31,2,0,8
BRDA:33,3,0,0
BRDA:36,4,0,2
BRDA:41,5,0,44
BRDA:42,6,0,0
BRDA:43,7,0,0
BRDA:45,8,0,3
BRDA:45,9,0,3
BRDA:49,10,0,41
BRDA:58,11,0,9
BRDA:61,12,0,0
BRDA:62,13,0,0
BRDA:63,14,0,0
BRDA:67,15,0,0
BRDA:70,16,0,1
BRDA:72,17,0,8
BRDA:73,18,0,0
BRDA:76,19,0,8
BRDA:77,20,0,0
BRDA:77,21,0,0
BRDA:80,22,0,8
BRDA:83,23,0,0
BRDA:85,24,0,0
BRDA:86,25,0,0
BRDA:87,26,0,2
BRDA:88,27,0,2
BRDA:89,28,0,2
BRDA:90,29,0,3
BRDA:92,30,0,2
BRDA:93,31,0,2
BRDA:94,32,0,2
BRDA:95,33,0,2
BRDA:97,34,0,3
BRDA:98,35,0,3
BRDA:99,36,0,3
BRDA:100,37,0,3
BRDA:101,38,0,3
BRDA:102,39,0,3
BRDA:104,40,0,0
BRDA:109,41,0,3
BRDA:112,42,0,0
BRDA:114,43,0,0
BRDA:132,44,0,0
BRDA:144,45,0,2
BRDA:145,46,0,0
BRDA:146,47,0,0
BRDA:146,48,0,2
BRDA:149,49,0,3
BRDA:150,50,0,8
BRDA:153,51,0,0
BRDA:160,52,0,2
BRDA:161,53,0,0
BRDA:162,54,0,5
BRDA:165,55,0,4
BRDA:168,56,0,1
BRDA:169,57,0,0
BRDA:172,58,0,0
BRDA:173,59,0,0
BRDA:174,60,0,0
BRDA:175,61,0,0
BRDA:176,62,0,0
BRDA:179,63,0,0
BRDA:182,64,0,2
BRDA:183,65,0,0
BRDA:185,66,0,0
BRDA:186,67,0,0
BRDA:189,68,0,0
BRDA:197,69,0,0
BRDA:219,70,0,0
BRDA:224,71,0,0
BRDA:224,72,0,0
BRDA:226,73,0,0
BRDA:204,74,0,1
BRDA:205,75,0,0
BRDA:208,76,0,0
BRDA:215,77,0,0
BRDA:215,78,0,0
BRDA:243,79,0,2
BRDA:246,80,0,1
BRDA:251,81,0,2
BRDA:252,82,0,0
BRDA:253,83,0,0
BRDA:254,84,0,0
BRDA:256,85,0,5
BRDA:258,86,0,5
BRDA:259,87,0,3
BRDA:262,88,0,0
BRDA:275,89,0,8
BRDA:276,90,0,2
BRDA:276,91,0,6
BRDA:277,92,0,8
BRDA:280,93,0,2
BRDA:288,94,0,0
BRDA:314,95,0,0
BRDA:325,96,0,0
BRDA:288,97,0,4
BRDA:291,98,0,4
BRDA:293,99,0,3
BRDA:293,100,0,1
BRDA:296,101,0,4
BRDA:298,102,0,3
BRDA:298,103,0,1
BRDA:301,104,0,3
BRDA:301,105,0,1
BRDA:331,106,0,2
BRDA:337,107,0,0
BRDA:344,108,0,1
BRDA:344,109,0,1
BRDA:357,110,0,0
BRDA:362,111,0,0
BRDA:366,112,0,1
BRDA:366,113,0,0
BRDA:368,114,0,1
BRDA:372,115,0,0
BRDA:374,116,0,1
BRDA:363,117,0,1
BRDA:363,118,0,0
BRF:119
BRH:65
end_of_record
TN:
SF:src/lib/build-contract.ts
FN:21,<instance_members_initializer>
FN:24,CompileRequestError
FN:34,flattenFiles
FN:51,stringifyOutput
FN:60,createBuildWorkspacePayload
FN:68,compileWorkspace
FNF:6
FNH:6
FNDA:1,<instance_members_initializer>
FNDA:1,CompileRequestError
FNDA:24,flattenFiles
FNDA:1,stringifyOutput
FNDA:3,createBuildWorkspacePayload
FNDA:2,compileWorkspace
DA:20,1
DA:21,1
DA:22,1
DA:24,1
DA:25,1
DA:26,1
DA:27,1
DA:28,1
DA:29,1
DA:30,1
DA:32,1
DA:34,1
DA:35,24
DA:36,78
DA:38,78
DA:39,21
DA:40,21
DA:42,57
DA:43,57
DA:44,57
DA:45,78
DA:46,78
DA:47,78
DA:48,78
DA:49,78
DA:51,1
DA:52,1
DA:53,0
DA:54,0
DA:55,0
DA:56,0
DA:57,0
DA:58,0
DA:60,1
DA:61,3
DA:62,3
DA:63,3
DA:64,3
DA:65,3
DA:66,3
DA:68,2
DA:69,2
DA:70,2
DA:71,2
DA:72,2
DA:73,2
DA:74,2
DA:75,2
DA:76,2
DA:77,2
DA:78,2
DA:79,2
DA:80,2
DA:81,2
DA:83,2
DA:85,2
DA:86,1
DA:87,1
DA:88,0
DA:90,1
DA:91,1
DA:93,2
DA:94,0
DA:95,0
DA:97,1
DA:98,1
DA:107,2
DA:108,0
DA:109,0
DA:110,0
DA:111,0
DA:113,1
DA:114,2
DA:115,2
DA:116,2
DA:117,2
DA:118,2
DA:119,2
DA:120,0
DA:121,0
DA:122,0
DA:123,0
DA:124,2
LF:83
LH:66
BRDA:21,0,0,1
BRDA:24,1,0,1
BRDA:34,2,0,24
BRDA:35,3,0,78
BRDA:36,4,0,57
BRDA:36,5,0,21
BRDA:38,6,0,21
BRDA:39,7,0,0
BRDA:40,8,0,57
BRDA:45,9,0,0
BRDA:46,10,0,9
BRDA:51,11,0,1
BRDA:52,12,0,0
BRDA:60,13,0,3
BRDA:68,14,0,2
BRDA:85,15,0,1
BRDA:87,16,0,0
BRDA:93,17,0,0
BRDA:95,18,0,1
BRDA:107,19,0,0
BRDA:111,20,0,1
BRDA:114,21,0,0
BRDA:115,22,0,0
BRDA:115,23,0,0
BRDA:117,24,0,1
BRDA:117,25,0,0
BRDA:119,26,0,0
BRF:27
BRH:16
end_of_record
TN:
SF:src/lib/ciTemplates.ts
FN:26,toPosixPath
FN:28,flattenFiles
FN:36,parsePackageName
FN:43,sanitizeName
FN:49,inferCiProjectInfo
FN:74,toManifestArrayLiteral
FN:77,buildCommandScript
FN:91,formatContractList
FN:93,githubTemplate
FN:170,gitlabTemplate
FN:218,circleCiTemplate
FN:298,generateCiTemplate
FNF:12
FNH:12
FNDA:15,toPosixPath
FNDA:15,flattenFiles
FNDA:10,parsePackageName
FNDA:10,sanitizeName
FNDA:5,inferCiProjectInfo
FNDA:16,toManifestArrayLiteral
FNDA:16,buildCommandScript
FNDA:4,formatContractList
FNDA:2,githubTemplate
FNDA:1,gitlabTemplate
FNDA:1,circleCiTemplate
FNDA:4,generateCiTemplate
DA:24,1
DA:26,1
DA:28,1
DA:29,15
DA:30,25
DA:31,25
DA:32,25
DA:33,15
DA:34,15
DA:36,1
DA:37,10
DA:38,10
DA:39,10
DA:40,10
DA:41,10
DA:43,1
DA:44,10
DA:45,10
DA:46,10
DA:47,10
DA:49,1
DA:50,5
DA:51,5
DA:53,5
DA:54,10
DA:55,10
DA:56,10
DA:57,10
DA:58,10
DA:59,10
DA:60,10
DA:61,5
DA:63,5
DA:64,5
DA:65,5
DA:67,5
DA:68,5
DA:69,5
DA:70,5
DA:71,5
DA:72,5
DA:74,1
DA:75,16
DA:77,1
DA:78,16
DA:83,16
DA:91,1
DA:93,1
DA:94,2
DA:95,2
DA:97,2
DA:135,2
DA:136,2
DA:144,2
DA:149,2
DA:154,2
DA:159,2
DA:162,2
DA:163,2
DA:164,2
DA:165,2
DA:166,2
DA:167,2
DA:168,2
DA:170,1
DA:171,1
DA:172,1
DA:174,1
DA:194,1
DA:195,1
DA:201,1
DA:203,1
DA:205,1
DA:207,1
DA:210,1
DA:211,1
DA:212,1
DA:213,1
DA:214,1
DA:215,1
DA:216,1
DA:218,1
DA:219,1
DA:220,1
DA:222,1
DA:247,1
DA:248,1
DA:253,1
DA:258,1
DA:263,1
DA:268,1
DA:284,1
DA:285,1
DA:286,1
DA:287,1
DA:288,1
DA:289,1
DA:290,1
DA:292,1
DA:293,1
DA:294,1
DA:295,1
DA:296,1
DA:298,1
DA:299,4
LF:105
LH:105
BRDA:26,0,0,15
BRDA:28,1,0,15
BRDA:29,2,0,25
BRDA:31,3,0,10
BRDA:31,4,0,0
BRDA:31,5,0,15
BRDA:32,6,0,0
BRDA:36,7,0,10
BRDA:38,8,0,0
BRDA:40,9,0,0
BRDA:43,10,0,10
BRDA:47,11,0,0
BRDA:49,12,0,5
BRDA:65,13,0,0
BRDA:69,14,0,0
BRDA:70,15,0,0
BRDA:51,16,0,15
BRDA:53,17,0,10
BRDA:56,18,0,0
BRDA:56,19,0,0
BRDA:63,20,0,10
BRDA:64,21,0,10
BRDA:74,22,0,16
BRDA:75,23,0,32
BRDA:77,24,0,16
BRDA:91,25,0,4
BRDA:93,26,0,2
BRDA:170,27,0,1
BRDA:218,28,0,1
BRDA:298,29,0,4
BRF:30
BRH:20
end_of_record
TN:
SF:src/lib/compilationToasts.ts
FN:7,showCompilationSuccessToast
FN:11,showCompilationFailedToast
FN:16,onClick
FNF:3
FNH:3
FNDA:1,showCompilationSuccessToast
FNDA:1,showCompilationFailedToast
FNDA:1,onClick
DA:1,1
DA:3,1
DA:4,1
DA:5,1
DA:7,1
DA:8,1
DA:9,1
DA:11,1
DA:12,1
DA:13,1
DA:14,1
DA:15,1
DA:16,1
DA:17,1
DA:18,1
DA:19,1
DA:20,1
DA:21,1
DA:22,1
LF:19
LH:19
BRDA:7,0,0,1
BRDA:11,1,0,1
BRDA:16,2,0,1
BRF:3
BRH:3
end_of_record
TN:
SF:src/lib/contractAbiParser.ts
FN:50,flattenFiles
FN:61,findContractNode
FN:66,stringifyUnknownType
FN:86,jsonSchemaFromFunctions
FN:109,parseJsonFunctionSpecs
FN:182,describeSpecType
FN:243,createFunctionSpecsFromContractSpec
FN:258,createPreview
FN:261,createResultFromContractSpec
FN:280,looksLikeBase64
FN:282,parseWorkspaceSpecCandidate
FN:338,resolveContractSchema
FN:353,operation
FNF:13
FNH:12
FNDA:2,flattenFiles
FNDA:2,findContractNode
FNDA:2,stringifyUnknownType
FNDA:1,jsonSchemaFromFunctions
FNDA:1,parseJsonFunctionSpecs
FNDA:61,describeSpecType
FNDA:1,createFunctionSpecsFromContractSpec
FNDA:2,createPreview
FNDA:1,createResultFromContractSpec
FNDA:1,looksLikeBase64
FNDA:2,parseWorkspaceSpecCandidate
FNDA:2,resolveContractSchema
FNDA:0,operation
DA:1,1
DA:45,1
DA:46,1
DA:47,1
DA:48,1
DA:50,1
DA:51,2
DA:52,2
DA:54,2
DA:55,0
DA:56,0
DA:58,2
DA:59,2
DA:61,1
DA:62,2
DA:63,2
DA:64,2
DA:66,1
DA:67,2
DA:68,2
DA:69,0
DA:71,0
DA:72,0
DA:73,0
DA:74,0
DA:75,0
DA:76,0
DA:77,0
DA:78,0
DA:79,0
DA:80,0
DA:81,0
DA:83,0
DA:84,0
DA:86,1
DA:87,1
DA:88,1
DA:89,1
DA:90,1
DA:91,1
DA:92,1
DA:93,1
DA:94,1
DA:95,1
DA:96,1
DA:97,1
DA:98,1
DA:99,1
DA:100,1
DA:101,1
DA:102,1
DA:103,1
DA:104,1
DA:105,1
DA:106,1
DA:107,1
DA:109,1
DA:110,1
DA:111,0
DA:112,1
DA:113,1
DA:114,0
DA:115,0
DA:116,0
DA:117,0
DA:118,0
DA:120,1
DA:122,1
DA:123,1
DA:124,1
DA:125,1
DA:126,1
DA:127,1
DA:128,1
DA:129,0
DA:130,0
DA:131,0
DA:133,1
DA:135,1
DA:136,1
DA:137,0
DA:138,0
DA:139,0
DA:140,0
DA:141,0
DA:143,1
DA:144,1
DA:145,0
DA:146,0
DA:147,0
DA:148,0
DA:149,0
DA:151,1
DA:152,1
DA:153,1
DA:154,1
DA:155,1
DA:156,1
DA:157,1
DA:158,1
DA:159,0
DA:160,0
DA:161,0
DA:163,1
DA:164,1
DA:165,1
DA:166,1
DA:167,1
DA:168,1
DA:169,1
DA:170,1
DA:171,1
DA:172,1
DA:173,0
DA:174,1
DA:175,1
DA:176,1
DA:177,1
DA:178,1
DA:179,1
DA:180,1
DA:182,1
DA:183,61
DA:185,61
DA:186,61
DA:187,0
DA:188,61
DA:189,3
DA:190,61
DA:191,0
DA:192,61
DA:193,0
DA:194,61
DA:195,3
DA:196,61
DA:197,0
DA:198,61
DA:199,0
DA:200,61
DA:201,0
DA:202,61
DA:203,0
DA:204,61
DA:205,0
DA:206,61
DA:207,0
DA:208,61
DA:209,16
DA:210,61
DA:211,0
DA:212,61
DA:213,0
DA:214,61
DA:215,0
DA:216,61
DA:217,2
DA:218,61
DA:219,0
DA:220,61
DA:221,37
DA:222,61
DA:223,0
DA:224,61
DA:225,0
DA:226,61
DA:227,0
DA:228,61
DA:229,0
DA:230,61
DA:231,0
DA:232,61
DA:233,0
DA:234,61
DA:235,0
DA:236,61
DA:237,0
DA:238,61
DA:239,0
DA:240,61
DA:241,61
DA:243,1
DA:244,1
DA:245,16
DA:246,16
DA:247,16
DA:248,27
DA:249,27
DA:250,27
DA:251,16
DA:252,16
DA:253,7
DA:254,16
DA:255,16
DA:256,1
DA:258,1
DA:259,2
DA:261,1
DA:262,1
DA:263,1
DA:264,1
DA:265,1
DA:266,1
DA:267,1
DA:268,1
DA:269,1
DA:270,1
DA:271,1
DA:272,1
DA:274,1
DA:275,1
DA:276,1
DA:277,1
DA:278,1
DA:280,1
DA:282,1
DA:283,2
DA:284,2
DA:285,2
DA:286,2
DA:287,2
DA:288,2
DA:289,0
DA:291,2
DA:292,2
DA:293,1
DA:295,1
DA:296,0
DA:297,0
DA:298,0
DA:300,1
DA:301,0
DA:302,0
DA:303,0
DA:304,0
DA:305,0
DA:306,0
DA:308,1
DA:309,1
DA:310,1
DA:311,1
DA:312,1
DA:313,1
DA:314,1
DA:316,1
DA:317,1
DA:318,1
DA:319,1
DA:320,1
DA:321,1
DA:323,1
DA:324,2
DA:325,1
DA:326,1
DA:327,1
DA:329,0
DA:330,2
DA:331,0
DA:332,0
DA:333,0
DA:335,0
DA:336,0
DA:338,1
DA:339,2
DA:340,2
DA:341,2
DA:342,2
DA:343,2
DA:344,2
DA:345,2
DA:346,2
DA:348,2
DA:349,0
DA:350,0
DA:351,0
DA:352,0
DA:353,0
DA:354,0
DA:355,0
DA:356,0
DA:357,0
DA:358,0
DA:359,0
DA:360,0
DA:362,0
DA:363,0
DA:364,0
DA:365,0
DA:366,0
DA:367,0
DA:368,0
DA:370,0
DA:371,0
DA:372,0
DA:373,0
DA:375,2
DA:376,2
DA:378,0
DA:379,0
LF:298
LH:196
BRDA:50,0,0,2
BRDA:51,1,0,2
BRDA:54,2,0,0
BRDA:61,3,0,2
BRDA:62,4,0,0
BRDA:63,5,0,0
BRDA:63,6,0,2
BRDA:66,7,0,2
BRDA:67,8,0,0
BRDA:68,9,0,0
BRDA:86,10,0,1
BRDA:89,11,0,1
BRDA:95,12,0,1
BRDA:98,13,0,0
BRDA:103,14,0,1
BRDA:103,15,0,1
BRDA:109,16,0,1
BRDA:110,17,0,0
BRDA:113,18,0,0
BRDA:114,19,0,0
BRDA:115,20,0,0
BRDA:116,21,0,0
BRDA:117,22,0,0
BRDA:120,23,0,0
BRDA:123,24,0,1
BRDA:124,25,0,0
BRDA:128,26,0,0
BRDA:133,27,0,0
BRDA:136,28,0,0
BRDA:144,29,0,0
BRDA:153,30,0,0
BRDA:176,31,0,0
BRDA:176,32,0,0
BRDA:154,33,0,1
BRDA:155,34,0,0
BRDA:158,35,0,0
BRDA:165,36,0,0
BRDA:165,37,0,0
BRDA:166,38,0,0
BRDA:166,39,0,0
BRDA:169,40,0,1
BRDA:172,41,0,0
BRDA:172,42,0,0
BRDA:179,43,0,1
BRDA:182,44,0,61
BRDA:186,45,0,0
BRDA:188,46,0,3
BRDA:190,47,0,0
BRDA:192,48,0,0
BRDA:194,49,0,3
BRDA:196,50,0,0
BRDA:198,51,0,0
BRDA:200,52,0,0
BRDA:202,53,0,0
BRDA:204,54,0,0
BRDA:206,55,0,0
BRDA:208,56,0,16
BRDA:210,57,0,0
BRDA:212,58,0,0
BRDA:214,59,0,0
BRDA:216,60,0,2
BRDA:218,61,0,0
BRDA:220,62,0,37
BRDA:222,63,0,0
BRDA:224,64,0,0
BRDA:226,65,0,0
BRDA:228,66,0,0
BRDA:230,67,0,0
BRDA:232,68,0,0
BRDA:234,69,0,0
BRDA:236,70,0,0
BRDA:238,71,0,0
BRDA:243,72,0,1
BRDA:244,73,0,16
BRDA:246,74,0,0
BRDA:247,75,0,27
BRDA:252,76,0,7
BRDA:258,77,0,2
BRDA:261,78,0,1
BRDA:280,79,0,1
BRDA:282,80,0,2
BRDA:288,81,0,0
BRDA:288,82,0,0
BRDA:292,83,0,1
BRDA:292,84,0,1
BRDA:295,85,0,0
BRDA:295,86,0,0
BRDA:300,87,0,0
BRDA:324,88,0,1
BRDA:324,89,0,1
BRDA:327,90,0,0
BRDA:330,91,0,0
BRDA:330,92,0,0
BRDA:291,93,0,2
BRDA:291,94,0,1
BRDA:323,95,0,1
BRDA:338,96,0,2
BRDA:346,97,0,0
BRDA:348,98,0,0
BRDA:376,99,0,0
BRF:100
BRH:37
end_of_record
TN:
SF:src/lib/errorCodeMappings.ts
FNF:0
FNH:0
DA:14,1
DA:16,1
DA:17,1
DA:18,1
DA:19,1
DA:22,1
DA:23,1
DA:24,1
DA:25,1
DA:26,1
DA:27,1
DA:28,1
DA:29,1
DA:30,1
DA:31,1
DA:32,1
DA:33,1
DA:34,1
DA:35,1
DA:36,1
DA:37,1
DA:38,1
DA:39,1
DA:40,1
DA:41,1
DA:42,1
DA:43,1
DA:44,1
DA:45,1
DA:46,1
DA:47,1
DA:48,1
DA:49,1
DA:50,1
DA:51,1
DA:52,1
DA:53,1
DA:54,1
DA:55,1
DA:56,1
DA:57,1
DA:62,1
DA:63,1
DA:64,1
DA:65,1
DA:66,1
DA:67,1
DA:68,1
DA:69,1
DA:70,1
DA:71,1
DA:72,1
DA:73,1
DA:74,1
DA:75,1
DA:76,1
DA:77,1
DA:78,1
DA:79,1
DA:80,1
DA:81,1
DA:82,1
DA:83,1
DA:84,1
DA:85,1
DA:86,1
DA:87,1
DA:88,1
DA:89,1
DA:90,1
DA:91,1
DA:92,1
DA:93,1
DA:94,1
DA:95,1
DA:96,1
DA:97,1
DA:98,1
DA:99,1
DA:100,1
DA:101,1
DA:102,1
DA:103,1
DA:104,1
DA:105,1
DA:106,1
DA:107,1
DA:108,1
DA:109,1
DA:110,1
DA:111,1
DA:112,1
DA:113,1
DA:114,1
DA:115,1
DA:116,1
DA:117,1
DA:118,1
DA:119,1
DA:120,1
DA:121,1
DA:122,1
DA:123,1
DA:128,1
DA:129,1
DA:130,1
DA:131,1
DA:132,1
DA:133,1
DA:134,1
DA:135,1
DA:136,1
DA:137,1
DA:142,1
DA:143,1
DA:144,1
DA:145,1
DA:146,1
DA:147,1
DA:148,1
DA:149,1
DA:150,1
DA:151,1
DA:152,1
DA:158,1
DA:160,1
DA:161,1
DA:162,1
DA:163,1
DA:164,1
DA:165,1
DA:168,1
DA:169,1
DA:170,1
DA:171,1
DA:174,1
DA:175,1
DA:176,1
DA:177,1
DA:178,1
DA:181,1
DA:182,1
DA:183,1
DA:184,1
DA:185,1
DA:188,1
DA:189,1
DA:190,1
DA:193,1
DA:194,1
DA:195,1
DA:196,1
DA:199,1
DA:200,1
DA:201,1
DA:202,1
DA:203,1
DA:208,1
DA:209,1
DA:210,1
DA:211,1
DA:212,1
DA:213,1
DA:214,1
DA:215,1
DA:216,1
DA:217,1
DA:218,1
DA:219,1
DA:220,1
DA:221,1
DA:222,1
DA:223,1
DA:224,1
DA:225,1
DA:226,1
DA:227,1
DA:228,1
DA:229,1
DA:230,1
LF:180
LH:180
BRF:0
BRH:0
end_of_record
TN:
SF:src/lib/errorTranslator.ts
FN:38,translate
FN:80,extractErrorString
FN:108,extractNumericCode
FN:131,extractHttpStatus
FN:145,isRpcError
FN:153,matchCustomError
FN:165,matchErrorKeywords
FN:177,translateHostError
FN:207,translateRpcError
FN:258,translateHttpError
FN:293,translateCustomError
FN:321,translateKeywordError
FN:346,createUnknownError
FN:373,generateSuggestions
FN:426,generateKeywordSuggestions
FN:480,formatForDisplay
FNF:16
FNH:13
FNDA:5,translate
FNDA:5,extractErrorString
FNDA:5,extractNumericCode
FNDA:2,extractHttpStatus
FNDA:3,isRpcError
FNDA:2,matchCustomError
FNDA:1,matchErrorKeywords
FNDA:2,translateHostError
FNDA:1,translateRpcError
FNDA:0,translateHttpError
FNDA:1,translateCustomError
FNDA:0,translateKeywordError
FNDA:1,createUnknownError
FNDA:2,generateSuggestions
FNDA:0,generateKeywordSuggestions
FNDA:1,formatForDisplay
DA:1,1
DA:31,1
DA:38,1
DA:39,5
DA:40,5
DA:41,5
DA:42,5
DA:45,5
DA:46,5
DA:47,2
DA:48,2
DA:51,5
DA:52,1
DA:53,1
DA:56,2
DA:57,5
DA:58,0
DA:59,0
DA:62,2
DA:63,5
DA:64,1
DA:65,1
DA:68,1
DA:69,5
DA:70,0
DA:71,0
DA:74,1
DA:75,5
DA:80,1
DA:81,5
DA:82,5
DA:83,5
DA:85,0
DA:86,0
DA:87,0
DA:89,5
DA:90,0
DA:93,0
DA:94,0
DA:95,0
DA:96,0
DA:98,0
DA:99,0
DA:101,0
DA:102,5
DA:108,1
DA:110,5
DA:111,5
DA:112,5
DA:113,5
DA:114,5
DA:115,5
DA:116,5
DA:118,5
DA:119,17
DA:120,17
DA:121,2
DA:122,2
DA:123,17
DA:125,3
DA:126,5
DA:131,1
DA:132,2
DA:133,2
DA:134,0
DA:135,0
DA:136,0
DA:137,0
DA:138,0
DA:139,2
DA:140,2
DA:145,1
DA:146,3
DA:147,3
DA:148,3
DA:153,1
DA:154,2
DA:155,34
DA:156,1
DA:157,1
DA:158,34
DA:159,1
DA:160,2
DA:165,1
DA:166,1
DA:167,21
DA:168,0
DA:169,0
DA:170,21
DA:171,1
DA:172,1
DA:177,1
DA:178,2
DA:179,2
DA:180,2
DA:181,2
DA:182,2
DA:183,2
DA:186,2
DA:187,2
DA:188,2
DA:190,2
DA:191,2
DA:192,2
DA:193,2
DA:194,2
DA:195,2
DA:196,2
DA:197,2
DA:198,2
DA:199,2
DA:200,2
DA:201,2
DA:202,2
DA:207,1
DA:208,1
DA:209,1
DA:210,1
DA:211,1
DA:212,1
DA:214,1
DA:215,1
DA:216,1
DA:217,1
DA:218,0
DA:219,0
DA:220,0
DA:221,0
DA:222,0
DA:223,0
DA:224,0
DA:225,0
DA:226,0
DA:227,0
DA:228,0
DA:229,0
DA:230,0
DA:231,0
DA:232,0
DA:233,0
DA:234,0
DA:235,0
DA:237,1
DA:238,1
DA:239,1
DA:240,1
DA:241,1
DA:242,1
DA:243,1
DA:244,1
DA:245,1
DA:246,1
DA:247,1
DA:248,1
DA:249,1
DA:250,1
DA:251,1
DA:252,1
DA:253,1
DA:258,1
DA:259,0
DA:260,0
DA:261,0
DA:262,0
DA:263,0
DA:265,0
DA:266,0
DA:267,0
DA:268,0
DA:269,0
DA:270,0
DA:271,0
DA:272,0
DA:273,0
DA:274,0
DA:276,0
DA:277,0
DA:278,0
DA:279,0
DA:280,0
DA:281,0
DA:282,0
DA:283,0
DA:284,0
DA:285,0
DA:286,0
DA:287,0
DA:288,0
DA:293,1
DA:294,1
DA:295,1
DA:296,1
DA:297,1
DA:298,1
DA:300,1
DA:301,1
DA:302,1
DA:303,1
DA:304,1
DA:305,1
DA:306,1
DA:307,1
DA:308,1
DA:309,1
DA:310,1
DA:311,1
DA:312,1
DA:313,1
DA:314,1
DA:315,1
DA:316,1
DA:321,1
DA:322,0
DA:323,0
DA:324,0
DA:325,0
DA:326,0
DA:328,0
DA:330,0
DA:331,0
DA:332,0
DA:333,0
DA:334,0
DA:335,0
DA:336,0
DA:337,0
DA:338,0
DA:339,0
DA:340,0
DA:341,0
DA:346,1
DA:347,1
DA:348,1
DA:349,1
DA:350,1
DA:352,1
DA:353,1
DA:354,1
DA:355,1
DA:356,1
DA:357,1
DA:358,1
DA:359,1
DA:360,1
DA:361,1
DA:362,1
DA:363,1
DA:364,1
DA:365,1
DA:366,1
DA:367,1
DA:368,1
DA:373,1
DA:374,2
DA:375,2
DA:376,2
DA:377,2
DA:379,2
DA:380,2
DA:381,2
DA:382,2
DA:383,2
DA:384,2
DA:385,2
DA:387,2
DA:388,0
DA:389,0
DA:390,0
DA:392,2
DA:393,2
DA:394,0
DA:395,0
DA:396,0
DA:397,0
DA:399,2
DA:400,0
DA:401,0
DA:402,0
DA:404,2
DA:405,0
DA:406,0
DA:407,0
DA:409,2
DA:410,0
DA:411,0
DA:412,0
DA:414,2
DA:415,0
DA:416,0
DA:417,0
DA:418,2
DA:420,2
DA:421,2
DA:426,1
DA:427,0
DA:429,0
DA:430,0
DA:431,0
DA:432,0
DA:433,0
DA:434,0
DA:436,0
DA:437,0
DA:438,0
DA:439,0
DA:440,0
DA:442,0
DA:443,0
DA:444,0
DA:445,0
DA:447,0
DA:448,0
DA:449,0
DA:450,0
DA:452,0
DA:453,0
DA:454,0
DA:455,0
DA:456,0
DA:458,0
DA:459,0
DA:460,0
DA:461,0
DA:462,0
DA:464,0
DA:465,0
DA:466,0
DA:467,0
DA:469,0
DA:470,0
DA:471,0
DA:472,0
DA:474,0
DA:475,0
DA:480,1
DA:481,1
DA:482,1
DA:483,1
DA:484,1
DA:486,1
DA:487,1
DA:488,1
DA:490,1
DA:491,1
DA:492,1
DA:493,1
DA:495,1
DA:496,0
DA:497,0
DA:499,1
DA:500,1
DA:501,1
LF:352
LH:205
BRDA:38,0,0,5
BRDA:46,1,0,2
BRDA:48,2,0,3
BRDA:51,3,0,1
BRDA:53,4,0,2
BRDA:57,5,0,0
BRDA:59,6,0,2
BRDA:63,7,0,1
BRDA:69,8,0,0
BRDA:71,9,0,1
BRDA:80,10,0,5
BRDA:83,11,0,0
BRDA:89,12,0,0
BRDA:108,13,0,5
BRDA:118,14,0,17
BRDA:120,15,0,2
BRDA:120,16,0,2
BRDA:123,17,0,3
BRDA:131,18,0,2
BRDA:133,19,0,0
BRDA:133,20,0,0
BRDA:145,21,0,3
BRDA:147,22,0,13
BRDA:153,23,0,2
BRDA:154,24,0,34
BRDA:155,25,0,1
BRDA:158,26,0,1
BRDA:165,27,0,1
BRDA:166,28,0,21
BRDA:167,29,0,0
BRDA:177,30,0,2
BRDA:187,31,0,0
BRDA:188,32,0,0
BRDA:192,33,0,0
BRDA:207,34,0,1
BRDA:217,35,0,0
BRDA:293,36,0,1
BRDA:302,37,0,0
BRDA:346,38,0,1
BRDA:350,39,0,0
BRDA:350,40,0,0
BRDA:373,41,0,2
BRDA:380,42,0,1
BRDA:387,43,0,0
BRDA:392,44,0,0
BRDA:393,45,0,0
BRDA:399,46,0,0
BRDA:404,47,0,0
BRDA:409,48,0,0
BRDA:414,49,0,0
BRDA:480,50,0,1
BRDA:495,51,0,0
BRDA:495,52,0,0
BRDA:487,53,0,2
BRF:54
BRH:31
end_of_record
TN:
SF:src/lib/invokeResult.ts
FN:14,encodeBase64Utf8
FN:24,buildUnsignedEnvelope
FN:33,buildSignedEnvelope
FN:43,createInvocationDebugData
FNF:4
FNH:4
FNDA:2,encodeBase64Utf8
FNDA:1,buildUnsignedEnvelope
FNDA:1,buildSignedEnvelope
FNDA:1,createInvocationDebugData
DA:14,1
DA:15,2
DA:16,2
DA:17,2
DA:18,2
DA:19,2
DA:21,0
DA:22,0
DA:24,1
DA:25,1
DA:26,1
DA:27,1
DA:28,1
DA:29,1
DA:30,1
DA:31,1
DA:33,1
DA:34,1
DA:35,1
DA:36,1
DA:37,1
DA:38,1
DA:39,1
DA:40,1
DA:41,1
DA:43,1
DA:44,1
DA:45,1
DA:46,1
DA:47,1
DA:48,1
DA:49,1
DA:50,1
DA:51,1
DA:52,1
DA:53,1
DA:54,1
DA:55,1
DA:56,1
DA:57,1
DA:58,1
LF:41
LH:39
BRDA:14,0,0,2
BRDA:19,1,0,0
BRDA:17,2,0,269
BRDA:24,3,0,1
BRDA:33,4,0,1
BRDA:43,5,0,1
BRF:6
BRH:5
end_of_record
TN:
SF:src/lib/networkConfig.ts
FNF:0
FNH:0
DA:15,1
DA:16,1
DA:17,1
DA:18,1
DA:19,1
DA:20,1
DA:21,1
DA:22,1
DA:23,1
DA:24,1
DA:25,1
DA:26,1
DA:27,1
DA:28,1
DA:29,1
DA:30,1
DA:31,1
DA:32,1
DA:33,1
DA:34,1
DA:35,1
DA:36,1
DA:37,1
DA:38,1
DA:39,1
DA:40,1
DA:41,1
DA:42,1
DA:43,1
DA:44,1
DA:46,1
LF:31
LH:31
BRF:0
BRH:0
end_of_record
TN:
SF:src/lib/oracleSnippets.ts
FN:100,bandSnippet
FN:163,pythSnippet
FN:251,localStubSnippet
FN:314,generateOracleSnippet
FN:345,getProviderMeta
FNF:5
FNH:5
FNDA:4,bandSnippet
FNDA:4,pythSnippet
FNDA:4,localStubSnippet
FNDA:12,generateOracleSnippet
FNDA:3,getProviderMeta
DA:48,1
DA:49,1
DA:50,1
DA:51,1
DA:52,1
DA:53,1
DA:54,1
DA:55,1
DA:56,1
DA:57,1
DA:58,1
DA:59,1
DA:60,1
DA:61,1
DA:62,1
DA:63,1
DA:64,1
DA:65,1
DA:66,1
DA:67,1
DA:68,1
DA:69,1
DA:70,1
DA:71,1
DA:72,1
DA:73,1
DA:74,1
DA:75,1
DA:76,1
DA:77,1
DA:78,1
DA:79,1
DA:80,1
DA:81,1
DA:82,1
DA:83,1
DA:84,1
DA:85,1
DA:100,4
DA:101,4
DA:102,4
DA:104,4
DA:127,4
DA:129,4
DA:132,4
DA:133,4
DA:138,4
DA:155,1
DA:156,1
DA:157,1
DA:158,1
DA:159,1
DA:160,1
DA:161,1
DA:163,4
DA:164,4
DA:165,4
DA:166,4
DA:167,4
DA:169,4
DA:190,4
DA:192,4
DA:199,4
DA:203,4
DA:204,4
DA:241,4
DA:251,4
DA:252,4
DA:253,4
DA:254,4
DA:255,4
DA:257,4
DA:261,4
DA:262,4
DA:270,4
DA:272,4
DA:275,4
DA:278,4
DA:280,4
DA:283,4
DA:294,4
DA:300,4
DA:301,4
DA:305,4
DA:314,1
DA:315,12
DA:316,12
DA:317,12
DA:318,12
DA:320,12
DA:321,12
DA:322,4
DA:323,4
DA:324,12
DA:325,4
DA:326,4
DA:327,12
DA:328,4
DA:329,4
DA:330,12
DA:332,12
DA:334,12
DA:335,12
DA:336,12
DA:337,12
DA:338,12
DA:339,12
DA:340,12
DA:345,1
DA:346,3
DA:347,3
LF:111
LH:111
BRDA:100,0,0,4
BRDA:163,1,0,4
BRDA:166,2,0,0
BRDA:251,3,0,4
BRDA:314,4,0,12
BRDA:321,5,0,4
BRDA:324,6,0,4
BRDA:327,7,0,4
BRDA:332,8,0,24
BRDA:345,9,0,3
BRDA:346,10,0,6
BRF:11
BRH:10
end_of_record
TN:
SF:src/lib/resourceTelemetry.ts
FN:25,fetchUsage
FN:35,updateAfterBuild
FNF:2
FNH:2
FNDA:1,fetchUsage
FNDA:2,updateAfterBuild
DA:1,1
DA:17,1
DA:18,1
DA:19,1
DA:20,1
DA:21,1
DA:22,1
DA:23,1
DA:25,1
DA:26,1
DA:28,1
DA:29,1
DA:30,1
DA:31,1
DA:32,1
DA:33,1
DA:35,1
DA:36,2
DA:37,2
DA:38,2
DA:39,2
DA:40,2
DA:41,1
LF:23
LH:23
BRDA:17,0,0,1
BRDA:25,1,0,1
BRDA:28,2,0,1
BRDA:35,3,0,2
BRDA:36,4,0,2
BRF:5
BRH:5
end_of_record
TN:
SF:src/lib/rpcFailover.ts
FN:32,normalizeRpcUrl
FN:34,describeRpcUrl
FN:43,getErrorMessage
FN:46,getFailoverReason
FN:57,shouldFailoverOnError
FN:81,getRpcCandidateUrls
FN:91,notifyRpcFailover
FN:99,createTimeoutSignal
FN:109,mergeHeaders
FN:117,fetchWithRpcFailover
FN:169,withRpcFailover
FNF:11
FNH:11
FNDA:7,normalizeRpcUrl
FNDA:4,describeRpcUrl
FNDA:2,getErrorMessage
FNDA:2,getFailoverReason
FNDA:2,shouldFailoverOnError
FNDA:3,getRpcCandidateUrls
FNDA:2,notifyRpcFailover
FNDA:2,createTimeoutSignal
FNDA:2,mergeHeaders
FNDA:1,fetchWithRpcFailover
FNDA:1,withRpcFailover
DA:1,1
DA:5,1
DA:6,1
DA:32,1
DA:34,1
DA:35,4
DA:36,4
DA:37,4
DA:38,4
DA:39,0
DA:40,0
DA:41,4
DA:43,1
DA:44,2
DA:46,1
DA:47,2
DA:48,2
DA:49,1
DA:50,1
DA:51,2
DA:52,0
DA:53,0
DA:54,1
DA:55,1
DA:57,1
DA:58,2
DA:59,1
DA:60,1
DA:62,2
DA:63,0
DA:64,0
DA:66,1
DA:67,1
DA:68,1
DA:69,1
DA:70,0
DA:71,0
DA:72,0
DA:73,0
DA:74,0
DA:76,1
DA:78,0
DA:79,0
DA:81,1
DA:82,3
DA:83,3
DA:84,3
DA:86,3
DA:87,3
DA:88,3
DA:89,3
DA:91,1
DA:92,2
DA:93,2
DA:94,2
DA:95,2
DA:96,2
DA:97,2
DA:99,1
DA:100,2
DA:101,0
DA:102,0
DA:104,2
DA:105,2
DA:106,2
DA:107,2
DA:109,1
DA:110,2
DA:111,2
DA:112,0
DA:113,2
DA:114,2
DA:115,2
DA:117,1
DA:118,1
DA:119,1
DA:120,1
DA:121,1
DA:122,1
DA:123,1
DA:124,1
DA:125,1
DA:126,1
DA:127,1
DA:129,1
DA:130,2
DA:131,2
DA:133,2
DA:134,2
DA:135,2
DA:136,2
DA:137,2
DA:138,2
DA:140,2
DA:141,1
DA:142,1
DA:144,2
DA:145,1
DA:146,1
DA:147,1
DA:148,1
DA:149,1
DA:150,1
DA:152,1
DA:153,1
DA:154,1
DA:155,2
DA:156,2
DA:157,2
DA:158,1
DA:160,1
DA:161,0
DA:162,0
DA:163,1
DA:164,2
DA:166,0
DA:167,1
DA:169,1
DA:170,1
DA:171,1
DA:172,1
DA:173,1
DA:174,1
DA:175,1
DA:176,1
DA:178,1
DA:179,2
DA:181,2
DA:182,2
DA:184,2
DA:185,1
DA:186,1
DA:187,1
DA:188,1
DA:189,1
DA:190,1
DA:192,1
DA:193,1
DA:194,1
DA:195,2
DA:196,2
DA:197,2
DA:198,1
DA:200,1
DA:201,0
DA:202,0
DA:203,1
DA:204,2
DA:206,0
DA:207,1
LF:150
LH:128
BRDA:32,0,0,7
BRDA:34,1,0,4
BRDA:38,2,0,0
BRDA:43,3,0,2
BRDA:44,4,0,1
BRDA:44,5,0,1
BRDA:46,6,0,2
BRDA:48,7,0,1
BRDA:51,8,0,0
BRDA:53,9,0,1
BRDA:57,10,0,2
BRDA:58,11,0,1
BRDA:58,12,0,1
BRDA:62,13,0,0
BRDA:64,14,0,1
BRDA:69,15,0,0
BRDA:70,16,0,0
BRDA:71,17,0,0
BRDA:72,18,0,0
BRDA:73,19,0,0
BRDA:76,20,0,0
BRDA:81,21,0,3
BRDA:84,22,0,0
BRDA:87,23,0,7
BRDA:91,24,0,2
BRDA:99,25,0,2
BRDA:100,26,0,0
BRDA:109,27,0,2
BRDA:117,28,0,1
BRDA:129,29,0,2
BRDA:140,30,0,1
BRDA:144,31,0,1
BRDA:155,32,0,0
BRDA:157,33,0,1
BRDA:160,34,0,0
BRDA:164,35,0,0
BRDA:169,36,0,1
BRDA:178,37,0,2
BRDA:182,38,0,1
BRDA:184,39,0,1
BRDA:195,40,0,0
BRDA:197,41,0,1
BRDA:200,42,0,0
BRDA:204,43,0,0
BRF:44
BRH:27
end_of_record
TN:
SF:src/lib/rustDocExtractor.ts
FN:6,isAttributeLine
FN:10,stripTripleSlash
FN:14,stripBlockDocLine
FN:29,escapeRegExp
FN:33,extractDocComment
FN:101,extractSignature
FN:174,findSymbolLine
FNF:7
FNH:7
FNDA:12,isAttributeLine
FNDA:5,stripTripleSlash
FNDA:5,stripBlockDocLine
FNDA:6,escapeRegExp
FNDA:6,extractDocComment
FNDA:5,extractSignature
FNDA:6,findSymbolLine
DA:3,1
DA:4,1
DA:6,12
DA:7,12
DA:8,12
DA:10,5
DA:11,5
DA:12,5
DA:14,5
DA:15,5
DA:17,5
DA:18,1
DA:19,1
DA:21,5
DA:22,1
DA:23,1
DA:25,5
DA:26,5
DA:27,5
DA:29,6
DA:30,6
DA:31,6
DA:33,1
DA:34,6
DA:36,6
DA:37,1
DA:38,1
DA:40,6
DA:41,0
DA:42,0
DA:44,6
DA:45,6
DA:47,6
DA:48,3
DA:50,3
DA:51,5
DA:52,5
DA:54,5
DA:55,5
DA:56,5
DA:57,5
DA:59,0
DA:60,0
DA:61,0
DA:62,0
DA:63,0
DA:64,0
DA:65,0
DA:67,0
DA:68,0
DA:70,3
DA:71,3
DA:73,6
DA:74,1
DA:75,1
DA:77,1
DA:78,5
DA:79,5
DA:80,5
DA:81,1
DA:82,1
DA:83,1
DA:84,5
DA:86,1
DA:87,0
DA:88,0
DA:90,1
DA:91,1
DA:92,5
DA:93,1
DA:95,1
DA:96,1
DA:98,2
DA:99,2
DA:101,1
DA:102,5
DA:104,5
DA:105,0
DA:106,0
DA:108,5
DA:109,0
DA:110,0
DA:112,5
DA:114,5
DA:115,2
DA:117,2
DA:118,5
DA:119,5
DA:120,5
DA:122,5
DA:123,5
DA:124,0
DA:125,5
DA:126,2
DA:127,5
DA:128,0
DA:129,0
DA:131,5
DA:132,2
DA:133,2
DA:134,2
DA:135,2
DA:136,2
DA:137,2
DA:139,3
DA:140,3
DA:141,3
DA:142,5
DA:144,2
DA:145,2
DA:147,5
DA:148,1
DA:149,1
DA:151,5
DA:152,1
DA:153,1
DA:155,5
DA:156,0
DA:157,0
DA:159,5
DA:160,0
DA:161,0
DA:163,5
DA:164,0
DA:165,0
DA:167,5
DA:168,0
DA:169,0
DA:171,1
DA:172,1
DA:174,1
DA:175,6
DA:176,6
DA:177,6
DA:178,6
DA:181,6
DA:182,6
DA:183,6
DA:184,6
DA:185,6
DA:186,6
DA:187,6
DA:188,6
DA:189,6
DA:190,6
DA:192,6
DA:193,7
DA:194,7
DA:195,4
DA:196,4
DA:197,7
DA:199,3
DA:200,3
LF:153
LH:125
BRDA:6,0,0,12
BRDA:10,1,0,5
BRDA:14,2,0,5
BRDA:17,3,0,1
BRDA:21,4,0,1
BRDA:29,5,0,6
BRDA:33,6,0,6
BRDA:36,7,0,7
BRDA:36,8,0,1
BRDA:40,9,0,0
BRDA:44,10,0,0
BRDA:47,11,0,3
BRDA:50,12,0,5
BRDA:51,13,0,0
BRDA:57,14,0,0
BRDA:73,15,0,2
BRDA:73,16,0,1
BRDA:77,17,0,5
BRDA:78,18,0,0
BRDA:80,19,0,1
BRDA:86,20,0,0
BRDA:96,21,0,2
BRDA:91,22,0,5
BRDA:101,23,0,5
BRDA:104,24,0,0
BRDA:104,25,0,0
BRDA:108,26,0,0
BRDA:112,27,0,0
BRDA:114,28,0,2
BRDA:117,29,0,5
BRDA:118,30,0,0
BRDA:123,31,0,2
BRDA:123,32,0,0
BRDA:125,33,0,2
BRDA:127,34,0,3
BRDA:127,35,0,0
BRDA:131,36,0,2
BRDA:137,37,0,3
BRDA:145,38,0,3
BRDA:147,39,0,1
BRDA:149,40,0,2
BRDA:151,41,0,1
BRDA:155,42,0,0
BRDA:157,43,0,1
BRDA:159,44,0,0
BRDA:161,45,0,1
BRDA:163,46,0,0
BRDA:165,47,0,1
BRDA:167,48,0,0
BRDA:169,49,0,1
BRDA:174,50,0,6
BRDA:192,51,0,7
BRDA:193,52,0,0
BRDA:194,53,0,4
BRDA:197,54,0,3
BRDA:194,55,0,28
BRF:56
BRH:38
end_of_record
TN:
SF:src/lib/rustFolding.ts
FN:12,isEscaped
FN:20,getLineNumber
FN:36,computeRustFoldingRanges
FN:59,flushLineCommentGroup
FN:246,createRustFoldingRangeProvider
FNF:5
FNH:4
FNDA:2,isEscaped
FNDA:268,getLineNumber
FNDA:4,computeRustFoldingRanges
FNDA:22,flushLineCommentGroup
FNDA:0,createRustFoldingRangeProvider
DA:9,1
DA:10,1
DA:12,1
DA:13,2
DA:14,2
DA:15,0
DA:16,0
DA:17,2
DA:18,2
DA:20,1
DA:21,268
DA:22,268
DA:24,268
DA:25,770
DA:26,770
DA:27,409
DA:28,770
DA:29,361
DA:30,361
DA:31,770
DA:33,268
DA:34,268
DA:36,1
DA:37,4
DA:38,4
DA:39,4
DA:40,4
DA:41,24
DA:42,24
DA:43,24
DA:45,4
DA:46,4
DA:47,4
DA:48,4
DA:50,4
DA:51,4
DA:52,4
DA:53,4
DA:54,4
DA:55,4
DA:56,4
DA:57,4
DA:59,4
DA:60,22
DA:61,22
DA:62,6
DA:63,6
DA:64,22
DA:65,2
DA:66,2
DA:67,2
DA:68,2
DA:69,2
DA:70,2
DA:71,22
DA:72,22
DA:73,22
DA:75,4
DA:76,268
DA:77,268
DA:78,268
DA:80,268
DA:81,64
DA:82,6
DA:83,4
DA:84,3
DA:85,3
DA:86,3
DA:88,4
DA:89,4
DA:90,4
DA:91,4
DA:92,1
DA:93,4
DA:94,3
DA:95,3
DA:96,3
DA:97,3
DA:98,4
DA:100,6
DA:101,6
DA:102,6
DA:103,6
DA:104,64
DA:105,64
DA:107,268
DA:108,16
DA:109,0
DA:110,0
DA:111,0
DA:112,0
DA:114,16
DA:115,1
DA:116,1
DA:117,1
DA:118,1
DA:119,1
DA:120,1
DA:121,16
DA:122,16
DA:124,268
DA:125,5
DA:126,2
DA:127,2
DA:128,5
DA:129,5
DA:131,268
DA:132,2
DA:133,1
DA:134,1
DA:135,1
DA:136,1
DA:137,1
DA:138,1
DA:139,1
DA:140,1
DA:141,1
DA:142,1
DA:143,2
DA:144,2
DA:146,268
DA:147,12
DA:148,12
DA:149,12
DA:151,268
DA:152,7
DA:153,7
DA:154,7
DA:156,7
DA:157,1
DA:158,1
DA:159,7
DA:160,1
DA:161,1
DA:162,1
DA:163,1
DA:164,1
DA:165,1
DA:167,7
DA:168,7
DA:169,7
DA:170,7
DA:171,7
DA:172,7
DA:174,268
DA:175,1
DA:176,1
DA:177,1
DA:178,1
DA:179,1
DA:181,268
DA:182,2
DA:183,2
DA:184,2
DA:186,268
DA:187,0
DA:188,0
DA:189,0
DA:190,0
DA:192,268
DA:193,7
DA:194,7
DA:195,7
DA:197,7
DA:198,1
DA:199,1
DA:200,1
DA:202,7
DA:203,1
DA:204,1
DA:205,1
DA:206,1
DA:207,1
DA:208,7
DA:210,268
DA:211,6
DA:212,6
DA:213,6
DA:215,268
DA:216,6
DA:217,6
DA:218,5
DA:219,5
DA:220,6
DA:221,268
DA:223,4
DA:224,1
DA:225,0
DA:226,0
DA:227,1
DA:228,1
DA:229,1
DA:230,0
DA:231,0
DA:232,0
DA:233,0
DA:234,1
DA:236,4
DA:238,4
DA:239,6
DA:240,0
DA:241,0
DA:242,6
DA:243,4
DA:244,4
DA:246,1
DA:247,0
DA:248,0
DA:249,0
DA:250,0
DA:251,0
DA:252,0
DA:253,0
DA:254,0
DA:255,0
DA:256,0
LF:216
LH:188
BRDA:12,0,0,2
BRDA:14,1,0,0
BRDA:20,2,0,268
BRDA:24,3,0,770
BRDA:26,4,0,409
BRDA:28,5,0,361
BRDA:36,6,0,4
BRDA:40,7,0,24
BRDA:75,8,0,268
BRDA:80,9,0,64
BRDA:81,10,0,6
BRDA:82,11,0,4
BRDA:83,12,0,3
BRDA:91,13,0,1
BRDA:93,14,0,3
BRDA:105,15,0,204
BRDA:107,16,0,16
BRDA:108,17,0,0
BRDA:108,18,0,0
BRDA:114,19,0,1
BRDA:114,20,0,1
BRDA:122,21,0,188
BRDA:124,22,0,5
BRDA:125,23,0,2
BRDA:125,24,0,2
BRDA:129,25,0,183
BRDA:131,26,0,2
BRDA:132,27,0,1
BRDA:144,28,0,181
BRDA:146,29,0,12
BRDA:149,30,0,169
BRDA:151,31,0,8
BRDA:151,32,0,7
BRDA:152,33,0,0
BRDA:156,34,0,1
BRDA:159,35,0,6
BRDA:159,36,0,1
BRDA:169,37,0,6
BRDA:172,38,0,162
BRDA:174,39,0,1
BRDA:174,40,0,1
BRDA:179,41,0,161
BRDA:181,42,0,2
BRDA:184,43,0,159
BRDA:186,44,0,152
BRDA:186,45,0,8
BRDA:186,46,0,0
BRDA:190,47,0,159
BRDA:192,48,0,152
BRDA:192,49,0,1
BRDA:192,50,0,7
BRDA:193,51,0,0
BRDA:197,52,0,1
BRDA:202,53,0,1
BRDA:208,54,0,158
BRDA:210,55,0,6
BRDA:213,56,0,152
BRDA:215,57,0,6
BRDA:217,58,0,5
BRDA:223,59,0,1
BRDA:223,60,0,1
BRDA:224,61,0,0
BRDA:229,62,0,0
BRDA:59,63,0,22
BRDA:61,64,0,6
BRDA:62,65,0,6
BRDA:64,66,0,2
BRDA:238,67,0,6
BRDA:239,68,0,0
BRF:69
BRH:60
end_of_record
TN:
SF:src/lib/sample-contracts.ts
FN:1141,findFile
FNF:1
FNH:0
FNDA:0,findFile
DA:9,1
DA:10,1
DA:11,1
DA:12,1
DA:13,1
DA:14,1
DA:15,1
DA:16,1
DA:17,1
DA:18,1
DA:48,1
DA:49,1
DA:50,1
DA:51,1
DA:52,1
DA:53,1
DA:76,1
DA:77,1
DA:78,1
DA:79,1
DA:80,1
DA:81,1
DA:94,1
DA:95,1
DA:96,1
DA:97,1
DA:98,1
DA:99,1
DA:100,1
DA:101,1
DA:102,1
DA:103,1
DA:104,1
DA:105,1
DA:191,1
DA:192,1
DA:193,1
DA:194,1
DA:195,1
DA:196,1
DA:242,1
DA:243,1
DA:244,1
DA:245,1
DA:246,1
DA:247,1
DA:260,1
DA:261,1
DA:262,1
DA:263,1
DA:264,1
DA:265,1
DA:266,1
DA:267,1
DA:268,1
DA:269,1
DA:270,1
DA:271,1
DA:313,1
DA:314,1
DA:315,1
DA:316,1
DA:317,1
DA:318,1
DA:319,1
DA:320,1
DA:321,1
DA:322,1
DA:323,1
DA:324,1
DA:349,1
DA:350,1
DA:351,1
DA:352,1
DA:353,1
DA:354,1
DA:370,1
DA:371,1
DA:372,1
DA:373,1
DA:374,1
DA:375,1
DA:388,1
DA:389,1
DA:390,1
DA:391,1
DA:392,1
DA:393,1
DA:394,1
DA:395,1
DA:396,1
DA:397,1
DA:398,1
DA:399,1
DA:502,1
DA:503,1
DA:504,1
DA:505,1
DA:506,1
DA:507,1
DA:563,1
DA:564,1
DA:565,1
DA:566,1
DA:567,1
DA:568,1
DA:582,1
DA:583,1
DA:584,1
DA:585,1
DA:586,1
DA:587,1
DA:588,1
DA:589,1
DA:590,1
DA:591,1
DA:592,1
DA:596,1
DA:597,1
DA:598,1
DA:599,1
DA:600,1
DA:601,1
DA:602,1
DA:603,1
DA:604,1
DA:605,1
DA:606,1
DA:607,1
DA:608,1
DA:610,1
DA:611,1
DA:612,1
DA:613,1
DA:614,1
DA:615,1
DA:616,1
DA:617,1
DA:618,1
DA:932,1
DA:933,1
DA:934,1
DA:935,1
DA:936,1
DA:937,1
DA:1117,1
DA:1118,1
DA:1119,1
DA:1120,1
DA:1121,1
DA:1122,1
DA:1136,1
DA:1137,1
DA:1138,1
DA:1139,1
DA:1141,1
DA:1142,0
DA:1143,0
DA:1144,0
DA:1145,0
DA:1146,0
DA:1147,0
DA:1148,0
DA:1149,0
LF:164
LH:156
BRF:0
BRH:0
end_of_record
TN:
SF:src/lib/sep41Detector.ts
FN:66,detectSep41
FN:112,formatTokenAmount
FN:126,parseTokenAmount
FNF:3
FNH:3
FNDA:9,detectSep41
FNDA:9,formatTokenAmount
FNDA:7,parseTokenAmount
DA:19,1
DA:20,1
DA:21,1
DA:22,1
DA:23,1
DA:24,1
DA:25,1
DA:26,1
DA:27,1
DA:28,1
DA:31,1
DA:32,1
DA:33,1
DA:34,1
DA:35,1
DA:36,1
DA:37,1
DA:38,1
DA:39,1
DA:66,1
DA:67,9
DA:69,9
DA:70,72
DA:71,9
DA:73,9
DA:74,9
DA:75,9
DA:77,9
DA:78,63
DA:79,9
DA:81,9
DA:82,9
DA:83,9
DA:84,9
DA:87,9
DA:88,9
DA:89,9
DA:90,9
DA:91,9
DA:92,9
DA:94,9
DA:95,9
DA:112,1
DA:113,9
DA:114,9
DA:115,8
DA:116,8
DA:117,8
DA:118,8
DA:119,9
DA:120,9
DA:126,1
DA:127,7
DA:128,7
DA:129,7
DA:130,7
DA:131,7
LF:57
LH:57
BRDA:66,0,0,9
BRDA:67,1,0,60
BRDA:69,2,0,72
BRDA:74,3,0,72
BRDA:77,4,0,63
BRDA:112,5,0,9
BRDA:114,6,0,1
BRDA:114,7,0,8
BRDA:119,8,0,3
BRDA:119,9,0,5
BRDA:126,10,0,7
BRDA:129,11,0,0
BRDA:129,12,0,1
BRF:13
BRH:12
end_of_record
TN:
SF:src/lib/simulationDiff.ts
FN:61,asRecord
FN:64,pickFirst
FN:67,getMember
FN:72,getMemberOrCall
FN:77,toBase64Xdr
FN:97,getSimulationRoot
FN:109,normalizeBigIntLike
FN:116,describeLedgerKey
FN:125,extractAffectedLedgerKeys
FN:182,extractStateChanges
FN:244,extractFeeBreakdown
FN:280,extractResourceBreakdown
FN:307,buildSimulationComparison
FN:346,stateChanges.reduce.total
FN:391,fetchCurrentLedgerEntriesForSimulation
FNF:15
FNH:12
FNDA:46,asRecord
FNDA:36,pickFirst
FNDA:0,getMember
FNDA:0,getMemberOrCall
FNDA:12,toBase64Xdr
FNDA:8,getSimulationRoot
FNDA:20,normalizeBigIntLike
FNDA:3,describeLedgerKey
FNDA:2,extractAffectedLedgerKeys
FNDA:2,extractStateChanges
FNDA:2,extractFeeBreakdown
FNDA:2,extractResourceBreakdown
FNDA:2,buildSimulationComparison
FNDA:3,stateChanges.reduce.total
FNDA:0,fetchCurrentLedgerEntriesForSimulation
DA:1,1
DA:61,1
DA:62,46
DA:64,1
DA:65,36
DA:67,1
DA:68,0
DA:69,0
DA:70,0
DA:72,1
DA:73,0
DA:74,0
DA:75,0
DA:77,1
DA:78,12
DA:79,1
DA:80,1
DA:82,11
DA:83,11
DA:84,11
DA:86,12
DA:87,0
DA:88,0
DA:89,0
DA:90,0
DA:91,0
DA:92,0
DA:94,0
DA:95,0
DA:97,1
DA:98,8
DA:99,8
DA:101,8
DA:102,8
DA:103,8
DA:104,8
DA:105,8
DA:107,8
DA:109,1
DA:110,20
DA:111,20
DA:112,20
DA:113,19
DA:114,19
DA:116,1
DA:117,3
DA:118,3
DA:119,3
DA:120,3
DA:121,3
DA:122,3
DA:123,3
DA:125,1
DA:126,2
DA:127,2
DA:129,2
DA:130,2
DA:131,2
DA:132,2
DA:133,2
DA:134,2
DA:135,2
DA:136,3
DA:137,3
DA:138,3
DA:139,0
DA:140,0
DA:141,3
DA:142,2
DA:143,2
DA:145,2
DA:146,2
DA:147,2
DA:148,2
DA:150,0
DA:151,0
DA:152,0
DA:153,0
DA:155,0
DA:156,0
DA:158,0
DA:159,0
DA:160,0
DA:161,0
DA:162,0
DA:163,0
DA:165,0
DA:166,0
DA:167,0
DA:168,0
DA:169,0
DA:170,0
DA:171,0
DA:172,0
DA:174,0
DA:175,2
DA:176,2
DA:177,2
DA:179,2
DA:180,2
DA:182,1
DA:183,2
DA:184,2
DA:186,2
DA:187,2
DA:188,0
DA:189,0
DA:191,2
DA:192,2
DA:193,3
DA:194,3
DA:196,3
DA:197,3
DA:199,3
DA:200,3
DA:201,1
DA:202,1
DA:203,1
DA:204,1
DA:205,3
DA:206,3
DA:207,3
DA:208,0
DA:209,0
DA:210,0
DA:211,0
DA:212,3
DA:214,3
DA:215,3
DA:216,1
DA:217,3
DA:218,0
DA:219,2
DA:220,2
DA:221,2
DA:223,3
DA:224,3
DA:225,3
DA:226,3
DA:227,3
DA:228,3
DA:229,3
DA:230,2
DA:231,2
DA:232,2
DA:233,3
DA:240,3
DA:241,2
DA:242,2
DA:244,1
DA:245,2
DA:246,2
DA:248,2
DA:249,2
DA:251,2
DA:252,2
DA:253,2
DA:254,2
DA:255,2
DA:256,2
DA:257,2
DA:258,2
DA:259,2
DA:260,2
DA:261,2
DA:262,2
DA:263,2
DA:264,2
DA:265,2
DA:266,2
DA:267,2
DA:268,2
DA:269,2
DA:270,2
DA:271,2
DA:272,2
DA:273,2
DA:274,2
DA:275,2
DA:276,2
DA:277,2
DA:278,2
DA:280,1
DA:281,2
DA:282,2
DA:284,2
DA:285,2
DA:287,2
DA:288,2
DA:290,2
DA:291,2
DA:292,2
DA:293,2
DA:294,2
DA:295,2
DA:296,2
DA:297,2
DA:298,2
DA:299,2
DA:300,2
DA:301,2
DA:302,2
DA:303,2
DA:304,2
DA:305,2
DA:307,1
DA:308,2
DA:309,2
DA:310,2
DA:311,2
DA:315,2
DA:316,2
DA:317,2
DA:318,2
DA:320,2
DA:321,2
DA:322,2
DA:323,3
DA:324,3
DA:325,3
DA:326,2
DA:327,1
DA:329,3
DA:330,3
DA:331,3
DA:332,3
DA:333,3
DA:334,2
DA:335,0
DA:336,0
DA:337,0
DA:338,0
DA:339,0
DA:340,0
DA:341,0
DA:342,0
DA:343,0
DA:345,2
DA:346,2
DA:347,3
DA:348,3
DA:349,3
DA:350,1
DA:351,1
DA:352,3
DA:353,3
DA:354,2
DA:355,2
DA:356,2
DA:357,2
DA:358,2
DA:359,2
DA:360,2
DA:361,2
DA:362,2
DA:363,2
DA:365,2
DA:366,2
DA:368,2
DA:369,0
DA:370,0
DA:371,2
DA:372,1
DA:373,1
DA:374,1
DA:375,0
DA:376,0
DA:377,0
DA:379,2
DA:380,2
DA:381,2
DA:382,2
DA:383,2
DA:384,2
DA:385,2
DA:386,2
DA:387,2
DA:388,2
DA:389,2
DA:391,0
DA:392,0
DA:393,0
DA:394,0
DA:395,0
DA:396,0
DA:401,0
DA:402,0
DA:403,0
DA:404,0
DA:405,0
DA:407,0
DA:408,0
DA:409,0
DA:410,0
DA:411,0
DA:412,0
DA:413,0
DA:414,0
DA:415,0
DA:416,0
DA:417,0
DA:418,0
DA:419,0
DA:420,0
DA:421,0
DA:422,0
DA:423,0
DA:424,0
DA:425,0
DA:426,0
DA:427,0
DA:429,0
DA:430,0
DA:431,0
DA:433,0
DA:444,0
DA:445,0
DA:446,0
DA:448,0
DA:449,0
DA:450,0
DA:451,0
DA:452,0
DA:453,0
DA:454,0
DA:456,0
DA:457,0
DA:458,0
DA:459,0
DA:460,0
DA:461,0
DA:462,0
DA:463,0
DA:464,0
DA:465,0
LF:335
LH:221
BRDA:61,0,0,46
BRDA:62,1,0,16
BRDA:62,2,0,16
BRDA:62,3,0,30
BRDA:64,4,0,36
BRDA:65,5,0,105
BRDA:65,6,0,9
BRDA:77,7,0,12
BRDA:78,8,0,1
BRDA:80,9,0,11
BRDA:84,10,0,0
BRDA:86,11,0,0
BRDA:86,12,0,0
BRDA:97,13,0,8
BRDA:99,14,0,0
BRDA:109,15,0,20
BRDA:110,16,0,1
BRDA:110,17,0,1
BRDA:110,18,0,19
BRDA:111,19,0,0
BRDA:111,20,0,0
BRDA:111,21,0,19
BRDA:112,22,0,0
BRDA:112,23,0,19
BRDA:116,24,0,3
BRDA:125,25,0,2
BRDA:127,26,0,0
BRDA:148,27,0,0
BRDA:175,28,0,0
BRDA:176,29,0,0
BRDA:176,30,0,0
BRDA:135,31,0,3
BRDA:138,32,0,0
BRDA:139,33,0,0
BRDA:143,34,0,3
BRDA:182,35,0,2
BRDA:184,36,0,0
BRDA:187,37,0,0
BRDA:192,38,0,3
BRDA:194,39,0,0
BRDA:196,40,0,0
BRDA:196,41,0,0
BRDA:197,42,0,0
BRDA:200,43,0,1
BRDA:201,44,0,1
BRDA:202,45,0,1
BRDA:203,46,0,1
BRDA:207,47,0,0
BRDA:208,48,0,0
BRDA:209,49,0,0
BRDA:210,50,0,0
BRDA:215,51,0,1
BRDA:215,52,0,1
BRDA:217,53,0,2
BRDA:217,54,0,0
BRDA:220,55,0,0
BRDA:232,56,0,3
BRDA:244,57,0,2
BRDA:246,58,0,0
BRDA:256,59,0,0
BRDA:257,60,0,0
BRDA:258,61,0,1
BRDA:259,62,0,1
BRDA:263,63,0,0
BRDA:263,64,0,0
BRDA:265,65,0,0
BRDA:265,66,0,0
BRDA:267,67,0,0
BRDA:267,68,0,0
BRDA:273,69,0,0
BRDA:274,70,0,0
BRDA:280,71,0,2
BRDA:282,72,0,0
BRDA:287,73,0,1
BRDA:287,74,0,1
BRDA:288,75,0,1
BRDA:288,76,0,1
BRDA:291,77,0,0
BRDA:292,78,0,0
BRDA:292,79,0,0
BRDA:294,80,0,0
BRDA:294,81,0,0
BRDA:297,82,0,0
BRDA:297,83,0,0
BRDA:300,84,0,0
BRDA:300,85,0,0
BRDA:302,86,0,1
BRDA:302,87,0,1
BRDA:303,88,0,1
BRDA:303,89,0,1
BRDA:307,90,0,2
BRDA:334,91,0,0
BRDA:368,92,0,0
BRDA:371,93,0,1
BRDA:374,94,0,0
BRDA:318,95,0,2
BRDA:322,96,0,3
BRDA:323,97,0,1
BRDA:325,98,0,2
BRDA:326,99,0,1
BRDA:346,100,0,3
BRDA:349,101,0,1
BRF:102
BRH:52
end_of_record
TN:
SF:src/lib/testResults.ts
FN:97,findNode
FN:115,findFirstContractName
FN:120,buildExactPathCandidates
FN:137,findPathByFilename
FN:160,findContractFilePath
FN:181,countLineMatches
FN:191,createPassingCase
FN:206,createFailingCase
FN:249,chooseTraceFile
FN:261,createSimulatedCargoTestOutput
FN:336,parseStructuredTestOutput
FN:401,formatTestRunForTerminal
FN:430,resolveWorkspacePathForTrace
FN:453,extractTraceLocationsFromText
FN:484,toRevealRange
FN:518,findOutcome
FN:534,createStructuredTestOutputFromCargoRun
FNF:17
FNH:13
FNDA:10,findNode
FNDA:0,findFirstContractName
FNDA:1,buildExactPathCandidates
FNDA:3,findPathByFilename
FNDA:3,findContractFilePath
FNDA:3,countLineMatches
FNDA:3,createPassingCase
FNDA:3,createFailingCase
FNDA:3,chooseTraceFile
FNDA:3,createSimulatedCargoTestOutput
FNDA:3,parseStructuredTestOutput
FNDA:1,formatTestRunForTerminal
FNDA:1,resolveWorkspacePathForTrace
FNDA:9,extractTraceLocationsFromText
FNDA:0,toRevealRange
FNDA:0,findOutcome
FNDA:0,createStructuredTestOutputFromCargoRun
DA:10,1
DA:83,1
DA:84,1
DA:85,1
DA:86,1
DA:87,1
DA:88,1
DA:89,1
DA:90,1
DA:91,1
DA:92,1
DA:94,1
DA:95,1
DA:97,1
DA:98,10
DA:99,16
DA:100,7
DA:101,7
DA:103,16
DA:104,4
DA:105,4
DA:107,5
DA:108,5
DA:109,5
DA:110,16
DA:112,1
DA:113,1
DA:115,1
DA:116,0
DA:117,0
DA:118,0
DA:120,1
DA:121,1
DA:122,1
DA:124,1
DA:125,0
DA:126,0
DA:128,1
DA:130,1
DA:131,1
DA:132,1
DA:134,1
DA:135,1
DA:137,1
DA:138,3
DA:139,3
DA:140,3
DA:141,3
DA:142,3
DA:143,6
DA:145,6
DA:146,3
DA:147,3
DA:149,6
DA:150,0
DA:151,0
DA:152,0
DA:153,0
DA:154,0
DA:155,6
DA:157,0
DA:158,0
DA:160,1
DA:161,3
DA:162,3
DA:163,3
DA:164,3
DA:165,3
DA:166,3
DA:167,3
DA:169,3
DA:170,0
DA:171,0
DA:173,3
DA:174,3
DA:175,3
DA:176,3
DA:178,0
DA:179,0
DA:181,1
DA:182,3
DA:183,0
DA:184,0
DA:186,3
DA:187,3
DA:188,3
DA:189,3
DA:191,1
DA:192,3
DA:193,3
DA:194,3
DA:195,3
DA:196,3
DA:197,3
DA:198,3
DA:199,3
DA:200,3
DA:201,3
DA:202,3
DA:203,3
DA:204,3
DA:206,1
DA:207,3
DA:208,3
DA:209,3
DA:210,3
DA:211,3
DA:212,3
DA:213,3
DA:214,3
DA:215,3
DA:216,3
DA:217,3
DA:218,3
DA:219,3
DA:220,3
DA:221,3
DA:222,3
DA:223,3
DA:224,3
DA:225,3
DA:226,3
DA:227,3
DA:228,3
DA:229,3
DA:230,3
DA:231,3
DA:232,3
DA:233,3
DA:234,3
DA:235,3
DA:236,3
DA:237,3
DA:238,3
DA:239,3
DA:240,3
DA:241,3
DA:242,3
DA:243,3
DA:244,3
DA:245,3
DA:246,3
DA:247,3
DA:249,1
DA:250,3
DA:251,3
DA:252,3
DA:253,3
DA:255,3
DA:256,3
DA:257,3
DA:258,3
DA:259,3
DA:261,1
DA:262,3
DA:263,3
DA:264,3
DA:265,3
DA:266,3
DA:271,3
DA:272,3
DA:273,3
DA:274,3
DA:275,3
DA:276,3
DA:277,3
DA:278,3
DA:279,3
DA:280,3
DA:281,3
DA:282,3
DA:284,3
DA:285,3
DA:286,3
DA:287,3
DA:289,3
DA:290,0
DA:291,3
DA:293,3
DA:294,3
DA:295,3
DA:296,0
DA:297,3
DA:299,3
DA:300,3
DA:301,3
DA:302,3
DA:303,3
DA:304,3
DA:305,3
DA:306,3
DA:307,3
DA:308,3
DA:309,3
DA:310,6
DA:311,6
DA:312,6
DA:313,6
DA:314,6
DA:315,6
DA:316,6
DA:317,6
DA:318,6
DA:319,6
DA:320,6
DA:321,6
DA:322,3
DA:323,3
DA:324,3
DA:325,3
DA:326,3
DA:327,3
DA:328,3
DA:329,3
DA:330,3
DA:331,3
DA:333,3
DA:334,3
DA:336,1
DA:337,3
DA:338,3
DA:339,3
DA:340,3
DA:342,3
DA:343,3
DA:344,3
DA:345,3
DA:346,3
DA:348,3
DA:349,12
DA:351,12
DA:352,3
DA:353,3
DA:354,3
DA:355,3
DA:356,3
DA:357,3
DA:358,3
DA:359,3
DA:360,3
DA:361,3
DA:362,3
DA:364,12
DA:365,6
DA:366,6
DA:367,6
DA:368,6
DA:369,6
DA:370,6
DA:371,6
DA:372,6
DA:373,6
DA:374,6
DA:375,6
DA:376,6
DA:377,6
DA:378,6
DA:379,6
DA:381,3
DA:382,3
DA:383,3
DA:384,3
DA:385,3
DA:386,3
DA:387,3
DA:388,3
DA:389,12
DA:391,3
DA:392,3
DA:393,3
DA:394,3
DA:395,3
DA:396,3
DA:397,3
DA:398,3
DA:399,3
DA:401,1
DA:402,1
DA:403,1
DA:404,1
DA:406,1
DA:407,2
DA:409,2
DA:410,1
DA:411,1
DA:412,1
DA:413,1
DA:414,1
DA:415,1
DA:417,2
DA:418,2
DA:420,1
DA:421,1
DA:422,1
DA:423,1
DA:424,1
DA:425,1
DA:427,1
DA:428,1
DA:430,1
DA:431,1
DA:432,1
DA:433,1
DA:434,1
DA:436,1
DA:437,2
DA:438,1
DA:439,1
DA:440,2
DA:442,0
DA:443,0
DA:444,0
DA:445,0
DA:446,0
DA:448,0
DA:449,0
DA:450,0
DA:451,1
DA:453,1
DA:454,9
DA:455,9
DA:456,9
DA:458,9
DA:459,10
DA:460,10
DA:461,10
DA:463,10
DA:464,0
DA:465,0
DA:467,10
DA:468,10
DA:469,0
DA:470,0
DA:472,10
DA:473,10
DA:474,10
DA:475,10
DA:476,10
DA:477,10
DA:478,10
DA:479,10
DA:481,9
DA:482,9
DA:484,1
DA:485,0
DA:486,0
DA:492,0
DA:493,0
DA:494,0
DA:495,0
DA:496,0
DA:497,0
DA:498,0
DA:499,0
DA:518,0
DA:519,0
DA:520,0
DA:521,0
DA:522,0
DA:523,0
DA:524,0
DA:526,0
DA:527,0
DA:528,0
DA:529,0
DA:531,0
DA:532,0
DA:534,1
DA:535,0
DA:536,0
DA:537,0
DA:538,0
DA:539,0
DA:540,0
DA:542,0
DA:543,0
DA:544,0
DA:546,0
DA:547,0
DA:548,0
DA:549,0
DA:550,0
DA:551,0
DA:552,0
DA:553,0
DA:554,0
DA:555,0
DA:556,0
DA:557,0
DA:558,0
DA:559,0
DA:561,0
DA:562,0
DA:563,0
DA:564,0
DA:566,0
DA:567,0
DA:568,0
DA:569,0
DA:570,0
DA:571,0
DA:572,0
DA:573,0
DA:574,0
DA:575,0
DA:576,0
DA:577,0
DA:578,0
DA:579,0
DA:580,0
DA:581,0
DA:582,0
DA:583,0
DA:584,0
DA:585,0
DA:587,0
DA:588,0
LF:417
LH:313
BRDA:97,0,0,10
BRDA:98,1,0,16
BRDA:99,2,0,7
BRDA:101,3,0,9
BRDA:103,4,0,4
BRDA:105,5,0,5
BRDA:110,6,0,1
BRDA:120,7,0,1
BRDA:124,8,0,0
BRDA:137,9,0,3
BRDA:142,10,0,6
BRDA:145,11,0,3
BRDA:149,12,0,0
BRDA:155,13,0,0
BRDA:160,14,0,3
BRDA:169,15,0,0
BRDA:176,16,0,0
BRDA:166,17,0,3
BRDA:181,18,0,3
BRDA:182,19,0,0
BRDA:188,20,0,0
BRDA:187,21,0,39
BRDA:191,22,0,3
BRDA:206,23,0,3
BRDA:249,24,0,3
BRDA:251,25,0,0
BRDA:261,26,0,3
BRDA:272,27,0,0
BRDA:285,28,0,0
BRDA:289,29,0,0
BRDA:295,30,0,0
BRDA:305,31,0,0
BRDA:307,32,0,0
BRDA:325,33,0,0
BRDA:329,34,0,0
BRDA:286,35,0,6
BRDA:286,36,0,3
BRDA:293,37,0,6
BRDA:309,38,0,6
BRDA:315,39,0,3
BRDA:315,40,0,3
BRDA:333,41,0,12
BRDA:336,42,0,3
BRDA:348,43,0,12
BRDA:351,44,0,6
BRDA:351,45,0,3
BRDA:362,46,0,9
BRDA:364,47,0,6
BRDA:369,48,0,0
BRDA:370,49,0,3
BRDA:370,50,0,3
BRDA:375,51,0,0
BRDA:379,52,0,3
BRDA:339,53,0,12
BRDA:401,54,0,1
BRDA:406,55,0,2
BRDA:409,56,0,1
BRDA:409,57,0,1
BRDA:420,58,0,0
BRDA:423,59,0,0
BRDA:412,60,0,2
BRDA:430,61,0,1
BRDA:436,62,0,2
BRDA:437,63,0,1
BRDA:440,64,0,0
BRDA:453,65,0,9
BRDA:458,66,0,10
BRDA:461,67,0,0
BRDA:463,68,0,0
BRDA:468,69,0,0
BRF:70
BRH:46
end_of_record
TN:
SF:src/lib/transactionExecution.ts
FN:55,sleep
FN:57,getAllowHttp
FN:59,normalizeInvocationArgs
FN:73,getActivePublicKey
FN:96,createWalletSigningDelegator
FN:138,pollTransactionStatus
FN:166,describeSendFailure
FN:173,executeWriteTransaction
FNF:8
FNH:3
FNDA:1,sleep
FNDA:0,getAllowHttp
FNDA:0,normalizeInvocationArgs
FNDA:0,getActivePublicKey
FNDA:2,createWalletSigningDelegator
FNDA:1,pollTransactionStatus
FNDA:0,describeSendFailure
FNDA:0,executeWriteTransaction
DA:1,1
DA:12,1
DA:13,1
DA:55,1
DA:57,1
DA:59,1
DA:60,0
DA:61,0
DA:63,0
DA:64,0
DA:65,0
DA:66,0
DA:67,0
DA:68,0
DA:70,0
DA:71,0
DA:73,1
DA:74,0
DA:75,0
DA:76,0
DA:77,0
DA:78,0
DA:79,0
DA:80,0
DA:82,0
DA:83,0
DA:84,0
DA:85,0
DA:86,0
DA:87,0
DA:89,0
DA:90,0
DA:91,0
DA:93,0
DA:94,0
DA:96,1
DA:97,2
DA:98,2
DA:99,2
DA:100,2
DA:101,2
DA:102,2
DA:108,2
DA:109,2
DA:110,2
DA:111,0
DA:112,0
DA:114,2
DA:115,1
DA:116,0
DA:117,0
DA:119,1
DA:120,1
DA:121,1
DA:122,1
DA:123,1
DA:124,1
DA:125,1
DA:127,2
DA:128,0
DA:129,0
DA:131,1
DA:132,1
DA:133,2
DA:134,2
DA:135,2
DA:136,2
DA:138,1
DA:139,1
DA:140,1
DA:141,1
DA:142,1
DA:143,1
DA:144,1
DA:145,1
DA:146,1
DA:148,1
DA:149,2
DA:150,2
DA:151,2
DA:153,2
DA:154,2
DA:155,1
DA:156,2
DA:157,1
DA:158,1
DA:160,1
DA:161,1
DA:163,0
DA:164,0
DA:166,1
DA:167,0
DA:168,0
DA:169,0
DA:170,0
DA:171,0
DA:173,1
DA:174,0
DA:175,0
DA:176,0
DA:177,0
DA:178,0
DA:179,0
DA:180,0
DA:181,0
DA:182,0
DA:183,0
DA:184,0
DA:185,0
DA:186,0
DA:187,0
DA:188,0
DA:189,0
DA:191,0
DA:192,0
DA:193,0
DA:194,0
DA:196,0
DA:197,0
DA:198,0
DA:199,0
DA:200,0
DA:201,0
DA:202,0
DA:203,0
DA:204,0
DA:205,0
DA:206,0
DA:207,0
DA:208,0
DA:209,0
DA:211,0
DA:212,0
DA:213,0
DA:214,0
DA:215,0
DA:216,0
DA:217,0
DA:218,0
DA:219,0
DA:221,0
DA:222,0
DA:223,0
DA:224,0
DA:226,0
DA:227,0
DA:228,0
DA:229,0
DA:230,0
DA:231,0
DA:232,0
DA:233,0
DA:234,0
DA:235,0
DA:236,0
DA:237,0
DA:238,0
DA:239,0
DA:241,0
DA:242,0
DA:243,0
DA:245,0
DA:246,0
DA:247,0
DA:248,0
DA:249,0
DA:250,0
DA:251,0
DA:253,0
DA:254,0
DA:255,0
DA:256,0
DA:258,0
DA:259,0
DA:260,0
DA:262,0
DA:263,0
DA:264,0
DA:265,0
DA:267,0
DA:268,0
DA:269,0
DA:270,0
DA:272,0
DA:273,0
DA:274,0
DA:275,0
DA:276,0
DA:277,0
DA:279,0
DA:280,0
DA:281,0
DA:282,0
DA:283,0
DA:284,0
DA:285,0
DA:286,0
DA:287,0
DA:288,0
DA:289,0
DA:290,0
DA:291,0
DA:292,0
DA:293,0
DA:294,0
DA:295,0
DA:296,0
DA:298,0
DA:299,0
DA:300,0
DA:301,0
DA:302,0
DA:303,0
DA:304,0
DA:305,0
DA:306,0
DA:308,0
DA:309,0
DA:310,0
DA:311,0
DA:312,0
DA:313,0
DA:315,0
DA:316,0
DA:317,0
DA:318,0
DA:319,0
DA:320,0
DA:321,0
LF:229
LH:56
BRDA:55,0,0,1
BRDA:55,1,0,1
BRDA:96,2,0,2
BRDA:109,3,0,2
BRDA:110,4,0,0
BRDA:114,5,0,1
BRDA:115,6,0,0
BRDA:127,7,0,0
BRDA:129,8,0,1
BRDA:133,9,0,0
BRDA:138,10,0,1
BRDA:148,11,0,2
BRDA:154,12,0,1
BRDA:156,13,0,1
BRDA:161,14,0,0
BRF:15
BRH:10
end_of_record
TN:
SF:src/lib/utils.ts
FN:4,cn
FNF:1
FNH:1
FNDA:354,cn
DA:1,1
DA:4,1
DA:5,354
DA:6,354
LF:4
LH:4
BRDA:4,0,0,354
BRF:1
BRH:1
end_of_record
TN:
SF:src/lib/api/RateLimiter.ts
FN:49,<instance_members_initializer>
FN:51,get
FN:61,set
FN:68,clear
FN:72,size
FN:88,<instance_members_initializer>
FN:92,RedisStore
FN:98,get
FN:119,set
FN:137,<instance_members_initializer>
FN:144,RateLimiter
FN:159,consume
FN:193,safeGet
FN:202,safeSet
FN:216,createDefaultStore
FN:234,getSharedRateLimiter
FN:246,parseIntEnv
FN:253,parseFloatEnv
FN:265,deriveRateLimitKey
FNF:19
FNH:8
FNDA:4,<instance_members_initializer>
FNDA:16,get
FNDA:13,set
FNDA:0,clear
FNDA:0,size
FNDA:0,<instance_members_initializer>
FNDA:0,RedisStore
FNDA:0,get
FNDA:0,set
FNDA:7,<instance_members_initializer>
FNDA:7,RateLimiter
FNDA:17,consume
FNDA:17,safeGet
FNDA:14,safeSet
FNDA:0,createDefaultStore
FNDA:0,getSharedRateLimiter
FNDA:0,parseIntEnv
FNDA:0,parseFloatEnv
FNDA:0,deriveRateLimitKey
DA:46,1
DA:48,1
DA:49,1
DA:51,1
DA:52,16
DA:53,16
DA:54,16
DA:55,0
DA:56,0
DA:57,0
DA:58,11
DA:59,16
DA:61,1
DA:62,13
DA:63,13
DA:64,13
DA:65,13
DA:66,13
DA:68,1
DA:69,0
DA:70,0
DA:72,1
DA:73,0
DA:74,0
DA:75,1
DA:87,1
DA:88,1
DA:89,0
DA:90,0
DA:92,1
DA:93,0
DA:94,0
DA:95,0
DA:96,0
DA:98,1
DA:99,0
DA:100,0
DA:101,0
DA:102,0
DA:103,0
DA:104,0
DA:105,0
DA:106,0
DA:107,0
DA:108,0
DA:109,0
DA:110,0
DA:111,0
DA:112,0
DA:113,0
DA:114,0
DA:115,0
DA:116,0
DA:117,0
DA:119,1
DA:120,0
DA:121,0
DA:122,0
DA:123,0
DA:124,0
DA:125,0
DA:126,0
DA:127,0
DA:128,0
DA:129,0
DA:130,0
DA:131,0
DA:132,0
DA:133,0
DA:134,1
DA:136,1
DA:137,1
DA:138,7
DA:139,7
DA:140,7
DA:141,7
DA:142,7
DA:144,1
DA:145,7
DA:146,1
DA:147,1
DA:148,7
DA:149,1
DA:150,1
DA:151,5
DA:152,5
DA:153,7
DA:154,7
DA:155,7
DA:156,7
DA:157,7
DA:159,1
DA:160,17
DA:161,17
DA:162,17
DA:164,17
DA:165,11
DA:166,6
DA:167,17
DA:169,17
DA:170,3
DA:171,3
DA:172,3
DA:173,3
DA:174,3
DA:175,3
DA:176,3
DA:177,3
DA:178,3
DA:179,3
DA:181,14
DA:182,14
DA:184,14
DA:185,14
DA:186,14
DA:187,14
DA:188,14
DA:189,14
DA:190,14
DA:191,17
DA:193,1
DA:194,17
DA:195,17
DA:196,17
DA:197,1
DA:198,1
DA:199,1
DA:200,17
DA:202,1
DA:203,14
DA:204,14
DA:205,14
DA:206,1
DA:207,1
DA:208,14
DA:209,1
DA:216,1
DA:217,0
DA:218,0
DA:219,0
DA:220,0
DA:222,0
DA:223,0
DA:224,0
DA:225,0
DA:226,0
DA:228,1
DA:234,1
DA:235,0
DA:236,0
DA:237,0
DA:238,0
DA:239,0
DA:240,0
DA:241,0
DA:242,0
DA:243,0
DA:244,0
DA:246,0
DA:247,0
DA:248,0
DA:249,0
DA:250,0
DA:251,0
DA:253,0
DA:254,0
DA:255,0
DA:256,0
DA:257,0
DA:258,0
DA:265,1
DA:266,0
DA:267,0
DA:268,0
DA:269,0
DA:270,0
DA:271,0
DA:272,0
DA:274,0
DA:275,0
DA:276,0
DA:277,0
LF:182
LH:94
BRDA:49,0,0,4
BRDA:51,1,0,16
BRDA:53,2,0,5
BRDA:53,3,0,11
BRDA:54,4,0,0
BRDA:57,5,0,11
BRDA:61,6,0,13
BRDA:88,7,0,0
BRDA:137,8,0,7
BRDA:144,9,0,7
BRDA:145,10,0,1
BRDA:147,11,0,6
BRDA:148,12,0,1
BRDA:150,13,0,5
BRDA:153,14,0,0
BRDA:154,15,0,5
BRDA:155,16,0,0
BRDA:159,17,0,17
BRDA:164,18,0,11
BRDA:165,19,0,6
BRDA:169,20,0,3
BRDA:179,21,0,14
BRDA:193,22,0,17
BRDA:196,23,0,1
BRDA:202,24,0,14
BRDA:204,25,0,13
BRDA:205,26,0,1
BRF:27
BRH:23
end_of_record
TN:
SF:src/lib/audit/exportAuditLog.ts
FN:65,canonicalizeLogs
FN:69,canonicalEntry
FN:83,escapeCsvCell
FN:96,renderCsv
FN:104,signPayload
FN:132,bufferToHex
FN:141,formatFilename
FN:146,buildAuditExport
FN:205,downloadAuditExport
FNF:9
FNH:8
FNDA:7,canonicalizeLogs
FNDA:21,canonicalEntry
FNDA:27,escapeCsvCell
FNDA:2,renderCsv
FNDA:6,signPayload
FNDA:5,bufferToHex
FNDA:6,formatFilename
FNDA:6,buildAuditExport
FNDA:0,downloadAuditExport
DA:18,1
DA:49,1
DA:50,1
DA:51,1
DA:52,1
DA:53,1
DA:54,1
DA:55,1
DA:56,1
DA:57,1
DA:58,1
DA:59,1
DA:65,1
DA:66,7
DA:67,7
DA:69,21
DA:70,21
DA:71,21
DA:72,21
DA:73,21
DA:74,21
DA:75,21
DA:76,21
DA:77,21
DA:78,21
DA:79,21
DA:80,21
DA:81,21
DA:83,27
DA:84,27
DA:85,27
DA:86,0
DA:87,27
DA:88,21
DA:89,6
DA:90,27
DA:91,5
DA:92,5
DA:93,22
DA:94,22
DA:96,2
DA:97,2
DA:98,2
DA:99,3
DA:100,2
DA:101,2
DA:102,2
DA:104,6
DA:105,6
DA:106,6
DA:107,6
DA:108,6
DA:109,1
DA:110,1
DA:111,5
DA:112,5
DA:113,5
DA:114,0
DA:115,6
DA:116,0
DA:117,0
DA:118,0
DA:119,0
DA:120,5
DA:121,5
DA:122,5
DA:123,5
DA:124,5
DA:125,5
DA:126,5
DA:127,5
DA:128,5
DA:129,5
DA:130,5
DA:132,5
DA:133,5
DA:134,5
DA:135,5
DA:136,160
DA:137,160
DA:138,5
DA:139,5
DA:141,6
DA:142,6
DA:143,6
DA:144,6
DA:146,6
DA:147,6
DA:148,6
DA:149,6
DA:150,6
DA:151,6
DA:152,6
DA:153,6
DA:154,4
DA:155,2
DA:157,6
DA:158,4
DA:159,4
DA:160,4
DA:161,4
DA:162,4
DA:163,4
DA:164,4
DA:165,3
DA:166,1
DA:167,4
DA:168,4
DA:169,4
DA:170,4
DA:171,4
DA:172,4
DA:173,4
DA:174,4
DA:175,4
DA:176,4
DA:181,2
DA:182,2
DA:183,2
DA:184,2
DA:185,2
DA:186,6
DA:187,1
DA:188,1
DA:189,1
DA:190,2
DA:191,2
DA:192,2
DA:193,2
DA:194,2
DA:195,2
DA:196,2
DA:197,2
DA:198,2
DA:199,2
DA:205,1
DA:206,0
DA:207,0
DA:208,0
DA:209,0
DA:210,0
DA:211,0
DA:212,0
DA:213,0
DA:214,0
DA:215,0
LF:146
LH:130
BRDA:65,0,0,7
BRDA:69,1,0,21
BRDA:83,2,0,27
BRDA:85,3,0,0
BRDA:87,4,0,21
BRDA:88,5,0,6
BRDA:90,6,0,5
BRDA:92,7,0,22
BRDA:96,8,0,2
BRDA:98,9,0,3
BRDA:99,10,0,27
BRDA:104,11,0,6
BRDA:108,12,0,1
BRDA:110,13,0,5
BRDA:112,14,0,5
BRDA:113,15,0,0
BRDA:115,16,0,0
BRDA:119,17,0,5
BRDA:132,18,0,5
BRDA:135,19,0,160
BRDA:141,20,0,6
BRDA:146,21,0,6
BRDA:150,22,0,2
BRDA:153,23,0,4
BRDA:154,24,0,2
BRDA:157,25,0,4
BRDA:164,26,0,3
BRDA:165,27,0,1
BRDA:176,28,0,2
BRDA:186,29,0,1
BRDA:189,30,0,2
BRF:31
BRH:28
end_of_record
TN:
SF:src/lib/commands/CommandRegistry.ts
FN:15,<instance_members_initializer>
FN:17,register
FN:21,unregister
FN:25,execute
FN:32,getAllCommands
FN:36,getCommand
FN:40,getActiveKeybinding
FN:49,checkConflicts
FN:66,handleKeyboardEvent
FNF:9
FNH:9
FNDA:1,<instance_members_initializer>
FNDA:18,register
FNDA:16,unregister
FNDA:2,execute
FNDA:26,getAllCommands
FNDA:5,getCommand
FNDA:9,getActiveKeybinding
FNDA:4,checkConflicts
FNDA:3,handleKeyboardEvent
DA:1,1
DA:14,1
DA:15,1
DA:17,1
DA:18,18
DA:19,18
DA:21,1
DA:22,16
DA:23,16
DA:25,1
DA:26,2
DA:27,2
DA:28,1
DA:29,1
DA:30,2
DA:32,1
DA:33,26
DA:34,26
DA:36,1
DA:37,5
DA:38,5
DA:40,1
DA:41,9
DA:42,9
DA:43,1
DA:44,1
DA:45,8
DA:46,9
DA:47,9
DA:49,1
DA:50,4
DA:51,4
DA:52,5
DA:53,4
DA:54,5
DA:56,4
DA:57,4
DA:58,2
DA:59,2
DA:60,2
DA:61,2
DA:63,4
DA:64,4
DA:66,1
DA:67,3
DA:68,3
DA:69,2
DA:70,2
DA:72,2
DA:73,2
DA:74,2
DA:75,2
DA:76,2
DA:78,2
DA:79,1
DA:80,1
DA:81,1
DA:82,1
DA:83,1
DA:84,2
DA:85,2
DA:86,3
DA:87,1
DA:89,1
LF:64
LH:64
BRDA:15,0,0,1
BRDA:17,1,0,18
BRDA:21,2,0,16
BRDA:25,3,0,2
BRDA:27,4,0,1
BRDA:32,5,0,26
BRDA:36,6,0,5
BRDA:40,7,0,9
BRDA:42,8,0,1
BRDA:44,9,0,8
BRDA:46,10,0,1
BRDA:49,11,0,4
BRDA:51,12,0,5
BRDA:52,13,0,1
BRDA:52,14,0,4
BRDA:54,15,0,0
BRDA:54,16,0,4
BRDA:57,17,0,2
BRDA:58,18,0,2
BRDA:59,19,0,2
BRDA:60,20,0,2
BRDA:66,21,0,3
BRDA:68,22,0,2
BRDA:70,23,0,0
BRDA:78,24,0,1
BRDA:78,25,0,1
BRDA:78,26,0,1
BRDA:78,27,0,1
BRF:28
BRH:26
end_of_record
TN:
SF:src/lib/error/AppError.ts
FN:52,<instance_members_initializer>
FN:62,AppError
FN:88,toJSON
FN:103,get title
FN:122,UIError
FN:135,<instance_members_initializer>
FN:137,CompilerError
FN:159,NetworkError
FN:178,<instance_members_initializer>
FN:180,ContractError
FN:202,AuthError
FN:255,isAppError
FN:258,isUIError
FN:261,isCompilerError
FN:264,isNetworkError
FN:267,isContractError
FN:270,isAuthError
FNF:17
FNH:17
FNDA:33,<instance_members_initializer>
FNDA:33,AppError
FNDA:6,toJSON
FNDA:5,get title
FNDA:5,UIError
FNDA:6,<instance_members_initializer>
FNDA:6,CompilerError
FNDA:9,NetworkError
FNDA:3,<instance_members_initializer>
FNDA:3,ContractError
FNDA:5,AuthError
FNDA:6,isAppError
FNDA:3,isUIError
FNDA:2,isCompilerError
FNDA:2,isNetworkError
FNDA:2,isContractError
FNDA:2,isAuthError
DA:50,1
DA:52,1
DA:54,33
DA:56,33
DA:58,33
DA:60,33
DA:62,1
DA:63,33
DA:64,33
DA:65,33
DA:66,33
DA:67,33
DA:68,33
DA:69,33
DA:72,33
DA:74,33
DA:75,33
DA:76,33
DA:77,33
DA:78,33
DA:79,33
DA:82,33
DA:83,5
DA:84,5
DA:85,33
DA:88,1
DA:89,6
DA:90,6
DA:91,6
DA:92,6
DA:93,6
DA:94,6
DA:95,6
DA:96,6
DA:97,6
DA:98,6
DA:99,6
DA:100,6
DA:103,1
DA:104,5
DA:105,5
DA:106,5
DA:107,5
DA:108,5
DA:109,1
DA:121,1
DA:122,1
DA:123,5
DA:124,5
DA:125,1
DA:133,1
DA:135,1
DA:137,1
DA:138,6
DA:139,6
DA:140,6
DA:141,6
DA:142,6
DA:143,6
DA:144,6
DA:145,6
DA:146,6
DA:147,6
DA:148,6
DA:149,1
DA:158,1
DA:159,1
DA:161,9
DA:162,9
DA:163,2
DA:164,7
DA:165,9
DA:166,9
DA:167,1
DA:176,1
DA:178,1
DA:180,1
DA:181,3
DA:182,3
DA:183,3
DA:184,3
DA:185,3
DA:186,3
DA:187,3
DA:188,3
DA:189,3
DA:190,3
DA:191,3
DA:192,3
DA:193,1
DA:201,1
DA:202,1
DA:203,5
DA:204,5
DA:205,1
DA:211,1
DA:213,1
DA:214,1
DA:215,1
DA:218,1
DA:219,1
DA:220,1
DA:221,1
DA:222,1
DA:223,1
DA:224,1
DA:227,1
DA:228,1
DA:229,1
DA:230,1
DA:231,1
DA:232,1
DA:235,1
DA:236,1
DA:237,1
DA:238,1
DA:239,1
DA:240,1
DA:243,1
DA:244,1
DA:245,1
DA:246,1
DA:247,1
DA:255,1
DA:256,6
DA:258,1
DA:259,3
DA:261,1
DA:262,2
DA:264,1
DA:265,2
DA:267,1
DA:268,2
DA:270,1
DA:271,2
LF:135
LH:135
BRDA:52,0,0,33
BRDA:62,1,0,33
BRDA:82,2,0,5
BRDA:82,3,0,5
BRDA:88,4,0,6
BRDA:103,5,0,5
BRDA:106,6,0,10
BRDA:122,7,0,5
BRDA:123,8,0,0
BRDA:135,9,0,6
BRDA:137,10,0,6
BRDA:159,11,0,9
BRDA:162,12,0,7
BRDA:162,13,0,2
BRDA:163,14,0,7
BRDA:178,15,0,3
BRDA:180,16,0,3
BRDA:188,17,0,2
BRDA:202,18,0,5
BRDA:255,19,0,6
BRDA:258,20,0,3
BRDA:261,21,0,2
BRDA:264,22,0,2
BRDA:267,23,0,2
BRDA:270,24,0,2
BRF:25
BRH:24
end_of_record
TN:
SF:src/lib/error/apiInterceptor.ts
FN:75,resolveDomain
FN:91,buildErrorFromResponse
FN:154,buildNetworkError
FN:184,showErrorToast
FN:209,logError
FN:228,apiFetch
FN:275,apiPost
FN:293,apiGet
FNF:8
FNH:8
FNDA:8,resolveDomain
FNDA:2,buildErrorFromResponse
FNDA:3,buildNetworkError
FNDA:4,showErrorToast
FNDA:5,logError
FNDA:8,apiFetch
FNDA:1,apiPost
FNDA:1,apiGet
DA:1,1
DA:61,1
DA:62,1
DA:63,1
DA:64,1
DA:65,1
DA:66,1
DA:67,1
DA:68,1
DA:69,1
DA:70,1
DA:71,1
DA:72,1
DA:73,1
DA:75,8
DA:76,8
DA:77,8
DA:78,8
DA:79,63
DA:80,63
DA:81,0
DA:83,0
DA:84,0
DA:85,0
DA:91,2
DA:92,2
DA:93,2
DA:94,2
DA:95,2
DA:96,2
DA:97,2
DA:98,2
DA:100,2
DA:101,1
DA:102,1
DA:103,1
DA:104,1
DA:105,1
DA:106,1
DA:107,1
DA:108,1
DA:109,1
DA:111,1
DA:112,1
DA:113,1
DA:114,1
DA:115,1
DA:116,1
DA:117,1
DA:118,1
DA:119,1
DA:120,1
DA:122,0
DA:123,0
DA:124,0
DA:125,0
DA:126,0
DA:127,0
DA:128,0
DA:129,0
DA:131,0
DA:132,0
DA:133,0
DA:134,0
DA:135,0
DA:136,0
DA:137,0
DA:139,0
DA:140,0
DA:141,0
DA:142,0
DA:143,0
DA:144,0
DA:147,0
DA:148,0
DA:149,0
DA:150,0
DA:151,0
DA:152,0
DA:154,3
DA:155,3
DA:156,3
DA:158,3
DA:159,3
DA:160,3
DA:162,3
DA:163,3
DA:164,3
DA:165,1
DA:166,2
DA:167,3
DA:168,3
DA:169,3
DA:170,1
DA:171,2
DA:172,2
DA:173,2
DA:174,2
DA:175,2
DA:176,3
DA:177,3
DA:178,3
DA:184,4
DA:185,4
DA:186,4
DA:187,4
DA:188,3
DA:189,1
DA:191,4
DA:192,4
DA:193,1
DA:194,3
DA:195,0
DA:196,3
DA:198,4
DA:199,4
DA:200,4
DA:201,4
DA:202,4
DA:203,4
DA:209,5
DA:210,5
DA:211,5
DA:212,5
DA:213,5
DA:214,5
DA:215,5
DA:228,8
DA:229,8
DA:230,8
DA:231,8
DA:232,8
DA:233,8
DA:234,8
DA:236,8
DA:237,8
DA:238,8
DA:239,8
DA:240,3
DA:241,3
DA:242,3
DA:243,3
DA:244,3
DA:246,8
DA:248,2
DA:249,2
DA:250,2
DA:251,2
DA:253,0
DA:255,2
DA:256,2
DA:257,2
DA:258,2
DA:259,2
DA:261,2
DA:262,2
DA:263,2
DA:264,2
DA:265,2
DA:267,3
DA:268,3
DA:275,1
DA:276,1
DA:277,1
DA:278,1
DA:279,1
DA:280,1
DA:281,1
DA:282,1
DA:283,1
DA:284,1
DA:285,1
DA:286,1
DA:287,1
DA:288,1
DA:289,1
DA:290,1
DA:293,1
DA:294,1
DA:295,1
DA:296,1
DA:297,1
DA:298,1
DA:299,1
LF:184
LH:151
BRDA:75,0,0,8
BRDA:78,1,0,63
BRDA:79,2,0,8
BRDA:80,3,0,0
BRDA:91,4,0,2
BRDA:100,5,0,1
BRDA:100,6,0,1
BRDA:113,7,0,0
BRDA:120,8,0,0
BRDA:154,9,0,3
BRDA:156,10,0,2
BRDA:156,11,0,1
BRDA:160,12,0,1
BRDA:163,13,0,1
BRDA:163,14,0,2
BRDA:164,15,0,1
BRDA:165,16,0,2
BRDA:169,17,0,1
BRDA:170,18,0,2
BRDA:184,19,0,4
BRDA:185,20,0,1
BRDA:187,21,0,3
BRDA:188,22,0,1
BRDA:192,23,0,1
BRDA:193,24,0,3
BRDA:194,25,0,0
BRDA:200,26,0,3
BRDA:200,27,0,1
BRDA:188,28,0,7
BRDA:209,29,0,5
BRDA:228,30,0,8
BRDA:238,31,0,5
BRDA:239,32,0,3
BRDA:242,33,0,2
BRDA:244,34,0,5
BRDA:246,35,0,2
BRDA:251,36,0,0
BRDA:265,37,0,3
BRDA:275,38,0,1
BRDA:293,39,0,1
BRF:40
BRH:35
end_of_record
TN:
SF:src/lib/error/index.ts
FN:1,(empty-report)
FNF:1
FNH:0
FNDA:0,(empty-report)
DA:1,0
DA:17,0
DA:18,0
LF:3
LH:0
BRDA:1,0,0,0
BRF:1
BRH:0
end_of_record
TN:
SF:src/lib/fuzzing/templateGenerator.ts
FN:24,readFile
FN:32,deriveCrateName
FN:40,deriveContractStructName
FN:57,createSorobanFuzzTemplate
FNF:4
FNH:4
FNDA:6,readFile
FNDA:3,deriveCrateName
FNDA:3,deriveContractStructName
FNDA:3,createSorobanFuzzTemplate
DA:24,1
DA:25,6
DA:26,6
DA:27,6
DA:28,6
DA:29,6
DA:30,6
DA:32,1
DA:33,3
DA:34,3
DA:35,3
DA:36,3
DA:37,3
DA:38,3
DA:40,1
DA:41,3
DA:42,3
DA:43,3
DA:44,3
DA:45,3
DA:46,3
DA:47,0
DA:48,0
DA:50,3
DA:51,3
DA:52,3
DA:54,3
DA:55,3
DA:57,1
DA:58,3
DA:59,3
DA:60,3
DA:61,3
DA:62,3
DA:63,3
DA:64,3
DA:65,3
DA:66,3
DA:68,3
DA:69,3
DA:80,3
DA:83,3
DA:84,3
DA:90,3
DA:116,3
DA:122,3
DA:124,3
DA:125,2
DA:126,1
DA:127,3
DA:130,3
DA:131,3
DA:132,3
DA:133,3
DA:134,3
DA:135,3
DA:136,3
DA:137,3
DA:138,3
DA:139,3
DA:140,3
DA:141,3
DA:142,3
DA:143,3
DA:144,3
DA:145,3
DA:146,3
DA:147,3
DA:148,3
DA:149,3
DA:150,3
DA:151,3
DA:152,3
DA:153,3
LF:74
LH:72
BRDA:24,0,0,6
BRDA:29,1,0,0
BRDA:27,2,0,9
BRDA:32,3,0,3
BRDA:36,4,0,2
BRDA:36,5,0,1
BRDA:40,6,0,3
BRDA:46,7,0,0
BRDA:54,8,0,2
BRDA:54,9,0,1
BRDA:57,10,0,3
BRDA:61,11,0,1
BRDA:61,12,0,2
BRDA:124,13,0,2
BRDA:125,14,0,1
BRF:15
BRH:13
end_of_record
TN:
SF:src/lib/redaction/redact.ts
FN:34,partial
FN:49,replace
FN:54,replace
FN:59,replace
FN:64,replace
FN:69,replace
FN:74,replace
FN:79,replace
FN:84,replace
FN:92,shannonEntropy
FN:109,maskHighEntropyTokens
FN:131,redactString
FN:161,redact
FNF:13
FNH:11
FNDA:1,partial
FNDA:2,replace
FNDA:2,replace
FNDA:1,replace
FNDA:0,replace
FNDA:1,replace
FNDA:2,replace
FNDA:1,replace
FNDA:1,replace
FNDA:4,shannonEntropy
FNDA:10,maskHighEntropyTokens
FNDA:13,redactString
FNDA:0,redact
DA:29,1
DA:30,1
DA:31,1
DA:32,1
DA:34,1
DA:35,1
DA:36,0
DA:37,0
DA:38,1
DA:39,1
DA:45,1
DA:46,1
DA:47,1
DA:48,1
DA:49,1
DA:50,1
DA:51,1
DA:52,1
DA:53,1
DA:54,1
DA:55,1
DA:56,1
DA:57,1
DA:58,1
DA:59,1
DA:60,1
DA:61,1
DA:62,1
DA:63,1
DA:64,1
DA:65,1
DA:66,1
DA:67,1
DA:68,1
DA:69,1
DA:70,1
DA:71,1
DA:72,1
DA:73,1
DA:74,1
DA:75,1
DA:76,1
DA:77,1
DA:78,1
DA:79,1
DA:80,1
DA:81,1
DA:82,1
DA:83,1
DA:84,1
DA:85,1
DA:86,1
DA:92,1
DA:93,4
DA:94,3
DA:95,4
DA:96,3
DA:97,4
DA:98,73
DA:99,73
DA:100,73
DA:101,3
DA:102,3
DA:104,1
DA:109,10
DA:110,10
DA:111,10
DA:112,10
DA:113,10
DA:114,1
DA:115,1
DA:116,1
DA:117,1
DA:118,1
DA:119,1
DA:120,1
DA:121,1
DA:122,1
DA:123,10
DA:124,10
DA:131,1
DA:132,13
DA:133,13
DA:134,13
DA:135,13
DA:136,2
DA:137,2
DA:138,11
DA:139,13
DA:140,13
DA:142,13
DA:143,88
DA:144,10
DA:145,10
DA:146,10
DA:147,10
DA:148,88
DA:149,88
DA:151,13
DA:152,10
DA:153,10
DA:155,11
DA:156,11
DA:161,1
DA:162,0
DA:163,0
LF:106
LH:102
BRDA:34,0,0,1
BRDA:35,1,0,0
BRDA:49,2,0,2
BRDA:54,3,0,2
BRDA:59,4,0,1
BRDA:69,5,0,1
BRDA:74,6,0,2
BRDA:79,7,0,1
BRDA:84,8,0,1
BRDA:92,9,0,4
BRDA:93,10,0,1
BRDA:93,11,0,3
BRDA:95,12,0,97
BRDA:95,13,0,73
BRDA:95,14,0,3
BRDA:97,15,0,73
BRDA:100,16,0,3
BRDA:109,17,0,10
BRDA:113,18,0,1
BRDA:114,19,0,0
BRDA:115,20,0,0
BRDA:131,21,0,13
BRDA:135,22,0,2
BRDA:137,23,0,11
BRDA:142,24,0,88
BRDA:149,25,0,11
BRDA:151,26,0,10
BRDA:151,27,0,10
BRDA:153,28,0,11
BRDA:143,29,0,10
BRF:30
BRH:27
end_of_record
TN:
SF:src/lib/stellar/SequenceManager.ts
FN:94,generateId
FN:99,sleep
FN:104,isSequenceError
FN:140,<instance_members_initializer>
FN:153,SequenceManager
FN:172,create
FN:192,enqueue
FN:222,getQueueSnapshot
FN:227,peekNextSequence
FN:236,syncSequence
FN:248,drain
FN:256,processNext
FN:267,processEntry
FN:336,finalize
FN:361,setStatus
FN:366,toSnapshot
FN:382,fetchSequence
FNF:17
FNH:17
FNDA:9,generateId
FNDA:3,sleep
FNDA:4,isSequenceError
FNDA:14,<instance_members_initializer>
FNDA:14,SequenceManager
FNDA:14,create
FNDA:9,enqueue
FNDA:1,getQueueSnapshot
FNDA:3,peekNextSequence
FNDA:3,syncSequence
FNDA:9,drain
FNDA:9,processNext
FNDA:9,processEntry
FNDA:9,finalize
FNDA:23,setStatus
FNDA:3,toSnapshot
FNDA:21,fetchSequence
DA:1,1
DA:94,9
DA:95,9
DA:96,0
DA:97,0
DA:99,3
DA:100,3
DA:101,3
DA:104,4
DA:105,4
DA:106,4
DA:107,4
DA:108,1
DA:109,1
DA:110,0
DA:111,0
DA:113,4
DA:139,1
DA:140,1
DA:141,14
DA:142,14
DA:145,14
DA:148,14
DA:151,14
DA:153,1
DA:154,14
DA:155,14
DA:156,14
DA:157,14
DA:158,14
DA:159,14
DA:160,14
DA:161,14
DA:162,14
DA:163,14
DA:164,14
DA:172,1
DA:173,14
DA:174,14
DA:175,14
DA:176,14
DA:177,14
DA:178,14
DA:179,14
DA:180,14
DA:181,14
DA:192,1
DA:193,9
DA:194,9
DA:195,9
DA:196,9
DA:198,9
DA:199,9
DA:200,9
DA:201,9
DA:202,9
DA:203,9
DA:204,9
DA:205,9
DA:206,9
DA:207,9
DA:208,9
DA:209,9
DA:210,9
DA:211,9
DA:212,9
DA:213,9
DA:215,9
DA:216,9
DA:217,9
DA:218,9
DA:219,9
DA:222,1
DA:223,1
DA:224,1
DA:227,1
DA:228,3
DA:229,3
DA:236,1
DA:237,3
DA:238,3
DA:239,3
DA:240,3
DA:241,2
DA:242,2
DA:243,3
DA:244,3
DA:248,1
DA:249,9
DA:250,9
DA:251,9
DA:252,9
DA:253,9
DA:254,9
DA:256,1
DA:257,9
DA:258,9
DA:259,9
DA:261,9
DA:262,9
DA:263,9
DA:264,9
DA:265,9
DA:267,1
DA:268,9
DA:269,12
DA:272,12
DA:273,12
DA:275,12
DA:277,12
DA:278,12
DA:279,12
DA:280,12
DA:281,1
DA:282,1
DA:283,1
DA:284,1
DA:286,11
DA:288,11
DA:289,11
DA:291,12
DA:292,0
DA:293,0
DA:294,0
DA:297,7
DA:298,12
DA:299,12
DA:300,12
DA:301,4
DA:303,4
DA:305,4
DA:306,4
DA:307,4
DA:308,4
DA:309,4
DA:310,4
DA:312,0
DA:314,4
DA:315,3
DA:316,3
DA:317,3
DA:318,3
DA:319,4
DA:322,1
DA:323,1
DA:324,1
DA:325,1
DA:326,1
DA:328,0
DA:329,0
DA:330,0
DA:331,12
DA:333,9
DA:334,9
DA:336,1
DA:337,9
DA:338,9
DA:339,9
DA:340,9
DA:341,9
DA:342,9
DA:343,9
DA:344,9
DA:345,9
DA:347,9
DA:348,9
DA:349,9
DA:350,9
DA:351,9
DA:352,9
DA:353,9
DA:354,9
DA:356,9
DA:357,9
DA:358,9
DA:359,9
DA:361,1
DA:362,23
DA:363,23
DA:364,23
DA:366,1
DA:367,3
DA:368,3
DA:369,3
DA:370,3
DA:371,3
DA:372,3
DA:373,3
DA:374,3
DA:375,3
DA:376,3
DA:377,3
DA:378,3
DA:382,1
DA:383,21
DA:384,21
DA:385,21
DA:386,21
DA:387,21
DA:388,21
DA:389,1
LF:201
LH:190
BRDA:94,0,0,9
BRDA:95,1,0,0
BRDA:99,2,0,3
BRDA:100,3,0,3
BRDA:104,4,0,4
BRDA:107,5,0,1
BRDA:108,6,0,1
BRDA:109,7,0,0
BRDA:110,8,0,0
BRDA:140,9,0,14
BRDA:153,10,0,14
BRDA:159,11,0,0
BRDA:172,12,0,14
BRDA:177,13,0,0
BRDA:192,14,0,9
BRDA:198,15,0,9
BRDA:216,16,0,1
BRDA:222,17,0,1
BRDA:227,18,0,3
BRDA:236,19,0,3
BRDA:240,20,0,2
BRDA:241,21,0,1
BRDA:248,22,0,9
BRDA:249,23,0,0
BRDA:251,24,0,9
BRDA:256,25,0,9
BRDA:261,26,0,2
BRDA:267,27,0,9
BRDA:268,28,0,12
BRDA:275,29,0,9
BRDA:275,30,0,3
BRDA:279,31,0,11
BRDA:280,32,0,1
BRDA:281,33,0,0
BRDA:284,34,0,11
BRDA:289,35,0,7
BRDA:291,36,0,0
BRDA:294,37,0,7
BRDA:298,38,0,0
BRDA:300,39,0,4
BRDA:301,40,0,0
BRDA:309,41,0,2
BRDA:310,42,0,0
BRDA:314,43,0,3
BRDA:319,44,0,1
BRDA:326,45,0,0
BRDA:331,46,0,0
BRDA:336,47,0,9
BRDA:342,48,0,7
BRDA:342,49,0,2
BRDA:353,50,0,7
BRDA:356,51,0,1
BRDA:357,52,0,1
BRDA:361,53,0,23
BRDA:363,54,0,2
BRDA:366,55,0,3
BRDA:382,56,0,21
BRF:57
BRH:44
end_of_record
TN:
SF:src/lib/store/VersionedPersistence.ts
FN:131,migrateState
FN:176,wrapSnapshot
FN:184,parseSnapshot
FN:214,<instance_members_initializer>
FN:215,VersionedPersistenceError
FN:255,createVersionedStorage
FN:264,getItem
FN:328,setItem
FN:336,removeItem
FN:357,<instance_members_initializer>
FN:364,add
FN:384,build
FN:397,peekStoredVersion
FNF:13
FNH:13
FNDA:13,migrateState
FNDA:3,wrapSnapshot
FNDA:16,parseSnapshot
FNDA:11,<instance_members_initializer>
FNDA:11,VersionedPersistenceError
FNDA:9,createVersionedStorage
FNDA:7,getItem
FNDA:2,setItem
FNDA:1,removeItem
FNDA:4,<instance_members_initializer>
FNDA:7,add
FNDA:3,build
FNDA:3,peekStoredVersion
DA:131,1
DA:132,13
DA:133,13
DA:134,13
DA:135,13
DA:136,13
DA:137,13
DA:138,1
DA:139,1
DA:141,13
DA:142,2
DA:143,2
DA:145,2
DA:146,2
DA:147,2
DA:149,10
DA:150,10
DA:152,13
DA:153,15
DA:154,15
DA:155,3
DA:156,3
DA:157,3
DA:158,3
DA:159,3
DA:160,3
DA:161,12
DA:162,12
DA:163,12
DA:165,7
DA:166,7
DA:176,1
DA:177,3
DA:178,3
DA:184,1
DA:185,16
DA:186,13
DA:187,13
DA:188,13
DA:189,13
DA:190,11
DA:191,11
DA:192,10
DA:193,7
DA:194,16
DA:195,5
DA:196,5
DA:197,6
DA:198,16
DA:199,2
DA:200,2
DA:201,16
DA:213,1
DA:214,1
DA:215,1
DA:216,11
DA:217,11
DA:218,11
DA:219,11
DA:220,11
DA:221,1
DA:255,1
DA:256,9
DA:257,9
DA:258,9
DA:259,9
DA:260,9
DA:261,9
DA:263,9
DA:264,9
DA:265,7
DA:266,7
DA:267,7
DA:268,7
DA:269,0
DA:270,0
DA:271,0
DA:273,7
DA:277,6
DA:278,7
DA:280,2
DA:281,2
DA:282,2
DA:283,2
DA:284,1
DA:285,1
DA:286,1
DA:287,2
DA:289,5
DA:291,7
DA:293,1
DA:294,1
DA:297,4
DA:298,4
DA:299,4
DA:300,4
DA:301,4
DA:302,4
DA:303,4
DA:305,7
DA:306,3
DA:308,3
DA:309,3
DA:310,3
DA:311,3
DA:312,3
DA:313,3
DA:314,3
DA:316,3
DA:317,7
DA:318,1
DA:319,1
DA:320,1
DA:321,0
DA:322,1
DA:323,1
DA:324,1
DA:325,1
DA:326,7
DA:328,9
DA:329,2
DA:330,2
DA:331,2
DA:332,2
DA:333,2
DA:334,2
DA:336,9
DA:337,1
DA:338,1
DA:339,9
DA:340,9
DA:356,1
DA:357,1
DA:358,4
DA:364,1
DA:365,7
DA:366,1
DA:367,1
DA:368,1
DA:369,1
DA:370,1
DA:371,1
DA:372,7
DA:373,0
DA:374,0
DA:375,0
DA:376,0
DA:377,0
DA:378,6
DA:379,6
DA:380,6
DA:381,7
DA:384,1
DA:385,3
DA:386,3
DA:387,1
DA:397,3
DA:398,3
DA:399,3
DA:400,3
DA:401,3
DA:402,3
DA:403,3
DA:404,3
DA:405,3
DA:406,0
DA:407,0
DA:408,3
LF:168
LH:157
BRDA:131,0,0,13
BRDA:137,1,0,1
BRDA:139,2,0,12
BRDA:141,3,0,2
BRDA:147,4,0,10
BRDA:152,5,0,15
BRDA:154,6,0,3
BRDA:160,7,0,12
BRDA:163,8,0,7
BRDA:176,9,0,3
BRDA:184,10,0,16
BRDA:185,11,0,3
BRDA:185,12,0,13
BRDA:189,13,0,11
BRDA:190,14,0,11
BRDA:191,15,0,10
BRDA:192,16,0,7
BRDA:194,17,0,5
BRDA:196,18,0,6
BRDA:198,19,0,2
BRDA:214,20,0,11
BRDA:215,21,0,11
BRDA:255,22,0,9
BRDA:264,23,0,7
BRDA:268,24,0,0
BRDA:273,25,0,1
BRDA:273,26,0,6
BRDA:278,27,0,2
BRDA:283,28,0,1
BRDA:287,29,0,5
BRDA:291,30,0,1
BRDA:294,31,0,4
BRDA:305,32,0,3
BRDA:306,33,0,1
BRDA:317,34,0,1
BRDA:320,35,0,0
BRDA:328,36,0,2
BRDA:336,37,0,1
BRDA:357,38,0,4
BRDA:364,39,0,7
BRDA:365,40,0,1
BRDA:365,41,0,1
BRDA:371,42,0,6
BRDA:372,43,0,0
BRDA:377,44,0,6
BRDA:384,45,0,3
BRDA:397,46,0,3
BRDA:404,47,0,1
BRDA:404,48,0,2
BRDA:405,49,0,0
BRF:50
BRH:46
end_of_record
TN:
SF:src/lib/vcs/gitService.ts
FN:33,createLightningFs
FN:36,normalizePath
FN:39,uniqueSorted
FN:41,createGitService
FN:51,getFs
FN:68,getPromises
FN:70,ensureDir
FN:88,writeWorkspaceFile
FN:103,deleteWorkspaceFile
FN:115,normalizeFiles
FN:123,toHeadSnapshot
FN:126,deriveStatus
FN:142,collectStatusMap
FN:157,hasGitDirectory
FN:167,isRepositoryInitialized
FN:184,initializeRepository
FN:229,syncWorkspace
FN:255,readHeadFile
FNF:18
FNH:18
FNDA:2,createLightningFs
FNDA:28,normalizePath
FNDA:3,uniqueSorted
FNDA:4,createGitService
FNDA:31,getFs
FNDA:19,getPromises
FNDA:8,ensureDir
FNDA:6,writeWorkspaceFile
FNDA:1,deleteWorkspaceFile
FNDA:5,normalizeFiles
FNDA:2,toHeadSnapshot
FNDA:7,deriveStatus
FNDA:3,collectStatusMap
FNDA:4,hasGitDirectory
FNDA:3,isRepositoryInitialized
FNDA:2,initializeRepository
FNDA:1,syncWorkspace
FNDA:1,readHeadFile
DA:1,1
DA:24,1
DA:25,1
DA:26,1
DA:27,1
DA:29,1
DA:33,1
DA:34,2
DA:36,1
DA:37,28
DA:39,1
DA:41,1
DA:42,4
DA:43,4
DA:44,4
DA:45,4
DA:46,4
DA:48,4
DA:49,4
DA:51,4
DA:52,31
DA:53,0
DA:54,0
DA:56,31
DA:57,1
DA:58,1
DA:60,31
DA:61,31
DA:62,2
DA:63,2
DA:65,31
DA:66,31
DA:68,4
DA:70,4
DA:71,8
DA:72,8
DA:74,8
DA:75,8
DA:76,12
DA:77,12
DA:78,12
DA:79,12
DA:80,8
DA:81,8
DA:82,0
DA:83,0
DA:84,8
DA:85,12
DA:86,8
DA:88,4
DA:89,6
DA:90,6
DA:91,6
DA:92,6
DA:94,6
DA:95,4
DA:96,6
DA:97,2
DA:98,2
DA:100,6
DA:101,6
DA:103,4
DA:104,1
DA:105,1
DA:106,1
DA:107,1
DA:108,0
DA:109,0
DA:110,0
DA:111,0
DA:112,0
DA:113,1
DA:115,4
DA:116,5
DA:117,5
DA:118,10
DA:119,10
DA:120,5
DA:121,5
DA:123,4
DA:124,2
DA:126,4
DA:127,7
DA:128,1
DA:129,1
DA:131,7
DA:132,1
DA:133,1
DA:135,7
DA:136,1
DA:137,1
DA:139,4
DA:140,7
DA:142,4
DA:143,3
DA:144,3
DA:145,3
DA:146,3
DA:148,3
DA:149,7
DA:150,7
DA:151,3
DA:152,3
DA:153,7
DA:154,3
DA:155,3
DA:157,4
DA:158,4
DA:159,4
DA:160,4
DA:161,2
DA:162,2
DA:163,2
DA:164,2
DA:165,4
DA:167,4
DA:168,3
DA:169,2
DA:170,2
DA:172,1
DA:173,1
DA:174,1
DA:175,1
DA:176,1
DA:177,1
DA:178,1
DA:179,3
DA:180,0
DA:181,0
DA:182,3
DA:184,4
DA:185,2
DA:187,2
DA:188,0
DA:189,0
DA:191,2
DA:193,2
DA:194,4
DA:195,4
DA:197,2
DA:198,2
DA:199,2
DA:200,2
DA:201,2
DA:203,2
DA:204,4
DA:205,4
DA:206,4
DA:207,4
DA:208,4
DA:209,4
DA:211,2
DA:212,2
DA:213,2
DA:214,2
DA:215,2
DA:216,2
DA:217,2
DA:218,2
DA:219,2
DA:220,2
DA:221,2
DA:223,2
DA:224,2
DA:226,2
DA:227,2
DA:229,4
DA:230,1
DA:232,1
DA:233,0
DA:234,0
DA:236,1
DA:237,1
DA:238,1
DA:240,1
DA:241,2
DA:242,1
DA:243,1
DA:244,2
DA:246,1
DA:247,2
DA:248,2
DA:250,1
DA:252,1
DA:253,1
DA:255,4
DA:256,1
DA:257,1
DA:258,1
DA:259,1
DA:261,4
DA:262,4
DA:263,4
DA:264,4
DA:265,4
DA:266,4
DA:267,4
DA:268,4
DA:269,4
DA:270,4
DA:272,1
LF:201
LH:186
BRDA:33,0,0,2
BRDA:36,1,0,28
BRDA:39,2,0,3
BRDA:41,3,0,4
BRDA:42,4,0,2
BRDA:44,5,0,2
BRDA:46,6,0,2
BRDA:51,7,0,31
BRDA:52,8,0,0
BRDA:56,9,0,1
BRDA:61,10,0,2
BRDA:68,11,0,19
BRDA:70,12,0,8
BRDA:75,13,0,12
BRDA:78,14,0,4
BRDA:79,15,0,8
BRDA:80,16,0,0
BRDA:81,17,0,0
BRDA:88,18,0,6
BRDA:94,19,0,4
BRDA:96,20,0,2
BRDA:103,21,0,1
BRDA:107,22,0,0
BRDA:115,23,0,5
BRDA:117,24,0,10
BRDA:119,25,0,0
BRDA:121,26,0,5
BRDA:123,27,0,2
BRDA:124,28,0,4
BRDA:126,29,0,7
BRDA:127,30,0,1
BRDA:127,31,0,1
BRDA:129,32,0,6
BRDA:131,33,0,1
BRDA:133,34,0,5
BRDA:135,35,0,1
BRDA:137,36,0,4
BRDA:142,37,0,3
BRDA:148,38,0,7
BRDA:150,39,0,3
BRDA:157,40,0,4
BRDA:160,41,0,2
BRDA:167,42,0,3
BRDA:168,43,0,2
BRDA:170,44,0,1
BRDA:179,45,0,0
BRDA:184,46,0,2
BRDA:187,47,0,0
BRDA:193,48,0,4
BRDA:203,49,0,4
BRDA:223,50,0,4
BRDA:229,51,0,1
BRDA:232,52,0,0
BRDA:236,53,0,0
BRDA:240,54,0,2
BRDA:241,55,0,1
BRDA:246,56,0,2
BRDA:237,57,0,2
BRDA:255,58,0,1
BRDA:256,59,0,0
BRDA:258,60,0,0
BRF:61
BRH:50
end_of_record
TN:
SF:src/lib/vcs/historyService.ts
FN:51,getFs
FN:67,formatDate
FN:81,diffTrees
FN:139,fetchHistory
FNF:4
FNH:0
FNDA:0,getFs
FNDA:0,formatDate
FNDA:0,diffTrees
FNDA:0,fetchHistory
DA:1,1
DA:17,1
DA:18,1
DA:19,1
DA:47,1
DA:51,0
DA:52,0
DA:53,0
DA:54,0
DA:55,0
DA:56,0
DA:57,0
DA:58,0
DA:59,0
DA:60,0
DA:61,0
DA:62,0
DA:63,0
DA:67,0
DA:68,0
DA:69,0
DA:70,0
DA:71,0
DA:72,0
DA:73,0
DA:74,0
DA:75,0
DA:81,0
DA:82,0
DA:83,0
DA:84,0
DA:85,0
DA:86,0
DA:88,0
DA:89,0
DA:90,0
DA:91,0
DA:92,0
DA:93,0
DA:94,0
DA:95,0
DA:96,0
DA:97,0
DA:98,0
DA:99,0
DA:101,0
DA:102,0
DA:103,0
DA:104,0
DA:106,0
DA:107,0
DA:108,0
DA:109,0
DA:110,0
DA:112,0
DA:113,0
DA:114,0
DA:115,0
DA:117,0
DA:118,0
DA:120,0
DA:121,0
DA:122,0
DA:123,0
DA:124,0
DA:125,0
DA:126,0
DA:127,0
DA:129,0
DA:130,0
DA:131,0
DA:132,0
DA:133,0
DA:134,0
DA:135,0
DA:139,0
DA:140,0
DA:143,0
DA:144,0
DA:145,0
DA:146,0
DA:147,0
DA:150,0
DA:151,0
DA:152,0
DA:153,0
DA:154,0
DA:155,0
DA:158,0
DA:160,0
DA:161,0
DA:162,0
DA:164,0
DA:166,0
DA:167,0
DA:168,0
DA:169,0
DA:170,0
DA:171,0
DA:172,0
DA:173,0
DA:174,0
DA:175,0
DA:176,0
DA:178,0
DA:179,0
LF:106
LH:5
BRF:0
BRH:0
end_of_record
TN:
SF:src/lib/wallet/BaseAdapter.ts
FN:154,<instance_members_initializer>
FN:158,WalletAdapterError
FN:191,checkConnection
FN:196,disconnect
FN:201,signTransaction
FN:210,signAuthEntry
FN:224,normaliseError
FN:245,isUserRejection
FN:277,<static_initializer>
FN:281,register
FN:290,get
FN:306,registered
FN:311,clearCache
FNF:13
FNH:12
FNDA:18,<instance_members_initializer>
FNDA:18,WalletAdapterError
FNDA:0,checkConnection
FNDA:1,disconnect
FNDA:1,signTransaction
FNDA:3,signAuthEntry
FNDA:3,normaliseError
FNDA:6,isUserRejection
FNDA:2,<static_initializer>
FNDA:80,register
FNDA:29,get
FNDA:2,registered
FNDA:7,clearCache
DA:153,1
DA:154,1
DA:155,18
DA:156,18
DA:158,1
DA:159,18
DA:160,18
DA:161,18
DA:162,18
DA:163,18
DA:164,18
DA:165,18
DA:166,18
DA:167,18
DA:168,18
DA:169,18
DA:170,18
DA:171,1
DA:183,1
DA:191,1
DA:192,0
DA:193,0
DA:196,1
DA:198,1
DA:201,1
DA:202,1
DA:203,1
DA:204,1
DA:205,1
DA:206,1
DA:207,1
DA:210,1
DA:211,3
DA:212,3
DA:213,3
DA:214,3
DA:215,3
DA:216,3
DA:224,1
DA:225,3
DA:226,3
DA:227,3
DA:228,3
DA:229,3
DA:230,3
DA:231,1
DA:232,3
DA:233,2
DA:234,2
DA:235,1
DA:236,1
DA:237,2
DA:238,3
DA:239,3
DA:245,1
DA:246,6
DA:247,4
DA:248,4
DA:249,4
DA:250,3
DA:251,2
DA:252,2
DA:253,1
DA:255,6
DA:256,1
DA:276,1
DA:277,1
DA:278,2
DA:281,1
DA:282,80
DA:283,80
DA:284,80
DA:290,1
DA:291,29
DA:292,28
DA:293,29
DA:294,3
DA:295,3
DA:296,3
DA:297,3
DA:298,3
DA:299,3
DA:300,25
DA:301,25
DA:302,25
DA:303,29
DA:306,1
DA:307,2
DA:308,2
DA:311,1
DA:312,7
DA:313,7
DA:314,1
LF:93
LH:91
BRDA:154,0,0,18
BRDA:158,1,0,18
BRDA:196,2,0,1
BRDA:201,3,0,1
BRDA:210,4,0,3
BRDA:224,5,0,3
BRDA:230,6,0,1
BRDA:231,7,0,0
BRDA:232,8,0,2
BRDA:233,9,0,1
BRDA:234,10,0,1
BRDA:234,11,0,1
BRDA:234,12,0,1
BRDA:235,13,0,1
BRDA:245,14,0,6
BRDA:246,15,0,2
BRDA:246,16,0,4
BRDA:249,17,0,3
BRDA:250,18,0,2
BRDA:251,19,0,2
BRDA:252,20,0,1
BRDA:277,21,0,2
BRDA:281,22,0,80
BRDA:290,23,0,29
BRDA:291,24,0,1
BRDA:291,25,0,28
BRDA:293,26,0,3
BRDA:299,27,0,25
BRDA:306,28,0,2
BRDA:311,29,0,7
BRF:30
BRH:29
end_of_record
TN:
SF:src/utils/SecureFetcher.ts
FN:36,<instance_members_initializer>
FN:40,SRIIntegrityError
FN:65,loadSRIManifest
FN:95,clearSRICache
FN:101,computeSHA384Base64
FN:121,fetchWithSRI
FNF:6
FNH:6
FNDA:1,<instance_members_initializer>
FNDA:1,SRIIntegrityError
FNDA:5,loadSRIManifest
FNDA:5,clearSRICache
FNDA:2,computeSHA384Base64
FNDA:4,fetchWithSRI
DA:35,1
DA:36,1
DA:37,1
DA:38,1
DA:40,1
DA:41,1
DA:42,1
DA:43,1
DA:44,1
DA:46,1
DA:47,1
DA:48,1
DA:49,1
DA:50,1
DA:52,1
DA:53,1
DA:54,1
DA:58,1
DA:59,1
DA:65,5
DA:66,5
DA:67,5
DA:68,5
DA:69,1
DA:70,1
DA:72,4
DA:74,4
DA:75,4
DA:76,5
DA:77,1
DA:78,1
DA:80,1
DA:81,1
DA:82,1
DA:83,3
DA:84,3
DA:85,5
DA:86,0
DA:87,0
DA:89,0
DA:90,0
DA:91,0
DA:92,5
DA:95,1
DA:96,5
DA:97,5
DA:101,2
DA:102,2
DA:103,2
DA:104,2
DA:105,2
DA:106,6
DA:107,6
DA:108,2
DA:109,2
DA:121,4
DA:122,4
DA:123,4
DA:124,4
DA:125,4
DA:126,4
DA:129,4
DA:130,4
[...]
DA:103,6
DA:105,1
DA:106,7
DA:107,7
DA:108,1
DA:109,1
DA:110,6
DA:111,13
DA:112,13
DA:113,6
DA:114,6
LF:90
LH:82
BRDA:18,0,0,143
BRDA:19,1,0,117
BRDA:20,2,0,116
BRDA:20,3,0,116
BRDA:22,4,0,1
BRDA:24,5,0,26
BRDA:25,6,0,0
BRDA:27,7,0,26
BRDA:28,8,0,22
BRDA:28,9,0,0
BRDA:34,10,0,26
BRDA:38,11,0,7
BRDA:39,12,0,1
BRDA:39,13,0,1
BRDA:39,14,0,1
BRDA:39,15,0,1
BRDA:40,16,0,6
BRDA:49,17,0,8
BRDA:57,18,0,7
BRDA:59,19,0,11
BRDA:68,20,0,6
BRDA:70,21,0,1
BRDA:72,22,0,5
BRDA:74,23,0,9
BRDA:77,24,0,5
BRDA:81,25,0,8
BRDA:86,26,0,7
BRDA:88,27,0,1
BRDA:90,28,0,6
BRDA:91,29,0,114
BRDA:94,30,0,6
BRDA:96,31,0,13
BRDA:105,32,0,7
BRDA:107,33,0,1
BRDA:109,34,0,6
BRDA:110,35,0,13
BRF:36
BRH:34
end_of_record
TN:
SF:src/utils/cargoAuditParser.ts
FN:46,normalizeSeverity
FN:58,recommendationFor
FN:65,summarizeHighestSeverity
FN:78,parseCargoAuditOutput
FNF:4
FNH:4
FNDA:3,normalizeSeverity
FNDA:3,recommendationFor
FNDA:1,summarizeHighestSeverity
FNDA:3,parseCargoAuditOutput
DA:44,1
DA:46,3
DA:47,3
DA:48,3
DA:50,3
DA:51,3
DA:52,3
DA:53,1
DA:55,0
DA:56,0
DA:58,3
DA:59,3
DA:60,1
DA:61,1
DA:62,2
DA:63,2
DA:65,1
DA:66,1
DA:68,1
DA:69,2
DA:70,2
DA:71,2
DA:72,2
DA:73,2
DA:75,1
DA:76,1
DA:78,1
DA:79,3
DA:80,3
DA:81,0
DA:82,0
DA:84,3
DA:85,3
DA:86,3
DA:87,3
DA:88,1
DA:89,1
DA:90,1
DA:91,1
DA:92,1
DA:94,3
DA:95,3
DA:96,3
DA:97,3
DA:98,3
DA:100,3
DA:101,3
DA:102,3
DA:103,3
DA:104,3
DA:105,3
DA:106,3
DA:107,3
DA:108,3
DA:109,3
DA:110,3
DA:111,3
DA:113,3
DA:114,3
DA:115,3
DA:117,3
DA:118,3
DA:119,3
DA:120,3
DA:121,3
LF:65
LH:61
BRDA:46,0,0,3
BRDA:47,1,0,0
BRDA:50,2,0,1
BRDA:50,3,0,2
BRDA:51,4,0,1
BRDA:52,5,0,0
BRDA:52,6,0,1
BRDA:53,7,0,0
BRDA:58,8,0,3
BRDA:59,9,0,1
BRDA:61,10,0,2
BRDA:65,11,0,1
BRDA:68,12,0,2
BRDA:75,13,0,0
BRDA:78,14,0,3
BRDA:80,15,0,0
BRDA:87,16,0,1
BRDA:92,17,0,2
BRDA:94,18,0,0
BRDA:113,19,0,2
BRDA:94,20,0,3
BRDA:95,21,0,0
BRDA:96,22,0,0
BRDA:97,23,0,0
BRDA:98,24,0,0
BRDA:105,25,0,0
BRDA:106,26,0,0
BRF:27
BRH:15
end_of_record
TN:
SF:src/utils/cargoParser.ts
FN:84,mapPathToVirtualId
FN:117,mapLevel
FN:138,parseCargoLine
FN:195,parseCargoOutput
FN:229,parseMixedOutput
FNF:5
FNH:5
FNDA:23,mapPathToVirtualId
FNDA:11,mapLevel
FNDA:21,parseCargoLine
FNDA:7,parseCargoOutput
FNDA:3,parseMixedOutput
DA:84,1
DA:85,23
DA:86,23
DA:87,23
DA:89,23
DA:92,23
DA:94,4
DA:96,3
DA:97,3
DA:98,1
DA:99,1
DA:102,19
DA:103,23
DA:107,18
DA:108,18
DA:111,1
DA:112,1
DA:113,1
DA:117,11
DA:118,11
DA:119,11
DA:120,11
DA:121,8
DA:122,11
DA:123,3
DA:124,11
DA:125,11
DA:126,0
DA:127,11
DA:128,0
DA:129,11
DA:130,11
DA:138,1
DA:139,21
DA:140,21
DA:141,21
DA:142,21
DA:143,21
DA:145,14
DA:146,14
DA:147,14
DA:148,21
DA:149,0
DA:150,0
DA:153,21
DA:155,12
DA:156,12
DA:159,21
DA:160,1
DA:161,1
DA:164,11
DA:165,21
DA:167,9
DA:169,9
DA:170,9
DA:171,9
DA:173,9
DA:174,9
DA:175,9
DA:176,9
DA:177,9
DA:178,9
DA:179,9
DA:180,9
DA:181,9
DA:182,9
DA:183,9
DA:185,9
DA:186,9
DA:195,1
DA:196,7
DA:197,7
DA:198,7
DA:199,7
DA:200,7
DA:202,7
DA:203,12
DA:204,12
DA:205,12
DA:208,7
DA:209,7
DA:210,6
DA:211,6
DA:212,5
DA:213,5
DA:214,7
DA:215,7
DA:225,1
DA:226,1
DA:227,1
DA:229,1
DA:230,3
DA:231,3
DA:232,3
DA:233,3
DA:234,3
DA:237,3
DA:238,3
DA:241,2
DA:242,2
DA:243,2
DA:245,3
DA:246,4
DA:247,4
DA:248,2
DA:249,2
DA:250,2
DA:251,2
DA:252,2
DA:254,2
DA:255,2
DA:256,2
DA:257,2
DA:258,2
DA:259,2
DA:260,2
DA:261,2
DA:262,2
DA:263,2
DA:264,2
DA:265,2
DA:266,2
DA:267,2
DA:268,2
DA:269,2
DA:270,2
DA:271,2
DA:272,2
DA:273,2
DA:274,2
DA:275,4
DA:277,2
DA:278,2
LF:133
LH:129
BRDA:84,0,0,23
BRDA:92,1,0,4
BRDA:92,2,0,4
BRDA:94,3,0,3
BRDA:97,4,0,1
BRDA:99,5,0,19
BRDA:103,6,0,18
BRDA:108,7,0,1
BRDA:117,8,0,11
BRDA:119,9,0,8
BRDA:120,10,0,8
BRDA:122,11,0,3
BRDA:124,12,0,0
BRDA:125,13,0,0
BRDA:127,14,0,0
BRDA:138,15,0,21
BRDA:143,16,0,19
BRDA:143,17,0,7
BRDA:143,18,0,14
BRDA:148,19,0,0
BRDA:150,20,0,14
BRDA:153,21,0,2
BRDA:153,22,0,12
BRDA:159,23,0,11
BRDA:159,24,0,11
BRDA:159,25,0,1
BRDA:161,26,0,11
BRDA:165,27,0,2
BRDA:165,28,0,9
BRDA:171,29,0,1
BRDA:171,30,0,8
BRDA:181,31,0,0
BRDA:164,32,0,11
BRDA:195,33,0,7
BRDA:202,34,0,12
BRDA:209,35,0,6
BRDA:211,36,0,1
BRDA:211,37,0,5
BRDA:229,38,0,3
BRDA:238,39,0,1
BRDA:238,40,0,2
BRDA:245,41,0,4
BRDA:247,42,0,2
BRDA:249,43,0,0
BRDA:275,44,0,2
BRF:45
BRH:39
end_of_record
TN:
SF:src/utils/clippyParser.ts
FN:73,inferCategory
FN:87,isMachineApplicable
FN:95,findMachineApplicableFix
FN:124,mapSeverity
FN:130,parseClippyOutput
FNF:5
FNH:5
FNDA:4,inferCategory
FNDA:4,isMachineApplicable
FNDA:4,findMachineApplicableFix
FNDA:4,mapSeverity
FNDA:4,parseClippyOutput
DA:1,1
DA:48,1
DA:49,1
DA:50,1
DA:51,1
DA:52,1
DA:53,1
DA:54,1
DA:55,1
DA:56,1
DA:57,1
DA:58,1
DA:60,1
DA:61,1
DA:62,1
DA:63,1
DA:64,1
DA:65,1
DA:66,1
DA:67,1
DA:68,1
DA:69,1
DA:70,1
DA:71,1
DA:73,4
DA:74,4
DA:76,4
DA:77,1
DA:78,1
DA:80,4
DA:81,1
DA:82,1
DA:84,2
DA:85,2
DA:87,4
DA:88,4
DA:89,4
DA:90,4
DA:91,4
DA:93,4
DA:95,4
DA:96,4
DA:98,4
DA:99,4
DA:100,4
DA:102,4
DA:103,4
DA:104,0
DA:105,0
DA:107,4
DA:108,4
DA:109,4
DA:110,4
DA:111,4
DA:112,4
DA:113,4
DA:114,4
DA:115,4
DA:116,4
DA:118,0
DA:119,0
DA:121,0
DA:122,0
DA:124,4
DA:125,4
DA:126,4
DA:127,0
DA:128,0
DA:130,1
DA:131,4
DA:132,4
DA:134,4
DA:135,5
DA:136,5
DA:138,5
DA:139,5
DA:140,5
DA:141,5
DA:142,0
DA:143,0
DA:145,5
DA:146,0
DA:147,0
DA:149,5
DA:150,5
DA:151,5
DA:152,1
DA:153,1
DA:155,4
DA:156,5
DA:157,0
DA:158,0
DA:160,4
DA:161,4
DA:162,4
DA:164,4
DA:165,4
DA:166,4
DA:168,4
DA:169,4
DA:170,4
DA:171,4
DA:172,4
DA:173,4
DA:174,4
DA:175,4
DA:176,4
DA:177,4
DA:179,4
DA:180,4
DA:181,4
DA:182,4
DA:183,4
DA:184,4
DA:185,4
DA:186,4
DA:187,4
DA:188,4
DA:189,4
DA:191,4
DA:192,4
DA:193,4
DA:194,4
DA:195,4
DA:196,4
DA:198,4
DA:199,4
DA:200,4
DA:201,4
DA:202,4
DA:203,4
DA:204,4
DA:206,4
DA:207,4
DA:208,4
DA:209,4
DA:210,4
LF:137
LH:123
BRDA:73,0,0,4
BRDA:76,1,0,1
BRDA:78,2,0,3
BRDA:80,3,0,1
BRDA:82,4,0,2
BRDA:76,5,0,28
BRDA:80,6,0,21
BRDA:87,7,0,4
BRDA:95,8,0,4
BRDA:100,9,0,0
BRDA:103,10,0,0
BRDA:113,11,0,0
BRDA:114,12,0,0
BRDA:116,13,0,0
BRDA:124,14,0,4
BRDA:125,15,0,0
BRDA:126,16,0,0
BRDA:130,17,0,4
BRDA:134,18,0,5
BRDA:136,19,0,0
BRDA:141,20,0,0
BRDA:145,21,0,0
BRDA:151,22,0,1
BRDA:153,23,0,4
BRDA:156,24,0,0
BRDA:158,25,0,4
BRDA:186,26,0,0
BRDA:155,27,0,4
BRDA:192,28,0,4
BRDA:193,29,0,0
BRDA:199,30,0,4
BRDA:201,31,0,0
BRF:32
BRH:18
end_of_record
TN:
SF:src/utils/compileStream.ts
FN:23,formatTerminalChunk
FN:27,createStreamProcessor
FN:33,push
FN:41,flush
FN:44,getOutput
FN:50,coercePayloadToOutput
FN:70,readCompileResponse
FNF:7
FNH:7
FNDA:7,formatTerminalChunk
FNDA:3,createStreamProcessor
FNDA:6,push
FNDA:2,flush
FNDA:3,getOutput
FNDA:1,coercePayloadToOutput
FNDA:2,readCompileResponse
DA:21,1
DA:23,1
DA:24,7
DA:25,7
DA:27,1
DA:28,3
DA:29,3
DA:30,3
DA:32,3
DA:33,3
DA:34,6
DA:35,1
DA:36,1
DA:38,5
DA:39,5
DA:40,6
DA:41,3
DA:42,2
DA:43,2
DA:44,3
DA:45,3
DA:46,3
DA:47,3
DA:48,3
DA:50,1
DA:51,1
DA:52,1
DA:53,1
DA:55,1
DA:56,1
DA:57,1
DA:59,0
DA:60,0
DA:61,0
DA:63,0
DA:64,0
DA:65,0
DA:67,0
DA:68,0
DA:70,2
DA:71,2
DA:72,2
DA:73,2
DA:74,2
DA:76,2
DA:77,1
DA:79,1
DA:80,1
DA:81,1
DA:82,1
DA:83,1
DA:84,1
DA:85,0
DA:86,0
DA:88,1
DA:89,1
DA:90,1
DA:91,1
DA:93,1
DA:94,1
DA:96,1
DA:97,3
DA:99,3
DA:100,1
DA:101,1
DA:103,2
DA:104,2
DA:106,1
DA:107,1
DA:108,1
DA:109,1
DA:111,0
DA:112,0
DA:113,0
DA:114,0
DA:115,0
LF:76
LH:61
BRDA:23,0,0,7
BRDA:27,1,0,3
BRDA:33,2,0,6
BRDA:34,3,0,1
BRDA:36,4,0,5
BRDA:41,5,0,2
BRDA:44,6,0,3
BRDA:50,7,0,1
BRDA:57,8,0,0
BRDA:52,9,0,4
BRDA:52,10,0,2
BRDA:70,11,0,2
BRDA:74,12,0,0
BRDA:76,13,0,1
BRDA:84,14,0,0
BRDA:96,15,0,3
BRDA:99,16,0,1
BRDA:101,17,0,2
BRDA:109,18,0,0
BRF:19
BRH:15
end_of_record
TN:
SF:src/utils/coverageParser.ts
FN:51,normaliseFilePath
FN:76,calcPct
FN:98,parseLcov
FN:158,parseLlvmJson
FN:201,parseCoverageReport
FN:217,formatCoverageSummary
FN:237,coverageBar
FN:242,calcTotalPct
FNF:8
FNH:8
FNDA:27,normaliseFilePath
FNDA:22,calcPct
FNDA:9,parseLcov
FNDA:7,parseLlvmJson
FNDA:2,parseCoverageReport
FNDA:2,formatCoverageSummary
FNDA:6,coverageBar
FNDA:15,calcTotalPct
DA:51,1
DA:52,27
DA:55,27
DA:56,4
DA:57,1
DA:58,1
DA:62,23
DA:63,23
DA:66,0
DA:67,0
DA:69,0
DA:70,0
DA:76,22
DA:77,22
DA:78,22
DA:79,21
DA:80,21
DA:81,21
DA:98,1
DA:99,9
DA:100,9
DA:101,9
DA:103,9
DA:104,81
DA:106,81
DA:107,16
DA:108,16
DA:109,81
DA:110,48
DA:111,48
DA:112,48
DA:113,48
DA:114,65
DA:115,16
DA:116,16
DA:117,16
DA:118,16
DA:119,16
DA:120,81
DA:122,9
DA:123,9
DA:124,9
DA:125,9
DA:126,9
DA:127,9
DA:158,1
DA:159,7
DA:160,7
DA:161,7
DA:162,7
DA:163,1
DA:164,1
DA:166,6
DA:168,7
DA:169,6
DA:170,6
DA:171,6
DA:173,6
DA:174,15
DA:175,15
DA:176,15
DA:177,15
DA:179,15
DA:180,15
DA:182,6
DA:183,6
DA:184,6
DA:185,6
DA:187,6
DA:188,6
DA:189,6
DA:190,6
DA:191,6
DA:192,6
DA:201,1
DA:202,2
DA:203,2
DA:204,1
DA:205,1
DA:206,1
DA:207,1
DA:217,1
DA:218,2
DA:219,2
DA:220,2
DA:221,2
DA:223,2
DA:224,2
DA:225,2
DA:227,2
DA:228,4
DA:229,4
DA:230,4
DA:232,2
DA:233,2
DA:234,2
DA:235,2
DA:237,6
DA:238,6
DA:239,6
DA:240,6
DA:242,15
DA:243,15
DA:244,15
DA:245,14
DA:246,14
LF:106
LH:102
BRDA:51,0,0,27
BRDA:55,1,0,5
BRDA:55,2,0,4
BRDA:56,3,0,3
BRDA:56,4,0,1
BRDA:58,5,0,23
BRDA:63,6,0,0
BRDA:76,7,0,22
BRDA:78,8,0,1
BRDA:78,9,0,21
BRDA:77,10,0,61
BRDA:79,11,0,61
BRDA:98,12,0,9
BRDA:103,13,0,81
BRDA:106,14,0,16
BRDA:109,15,0,65
BRDA:109,16,0,48
BRDA:114,17,0,17
BRDA:114,18,0,16
BRDA:114,19,0,16
BRDA:158,20,0,7
BRDA:162,21,0,1
BRDA:164,22,0,6
BRDA:168,23,0,0
BRDA:168,24,0,6
BRDA:169,25,0,0
BRDA:173,26,0,0
BRDA:173,27,0,15
BRDA:177,28,0,1
BRDA:177,29,0,14
BRDA:179,30,0,13
BRDA:201,31,0,2
BRDA:203,32,0,1
BRDA:203,33,0,1
BRDA:217,34,0,2
BRDA:227,35,0,4
BRDA:223,36,0,2
BRDA:237,37,0,6
BRDA:242,38,0,15
BRDA:244,39,0,1
BRDA:244,40,0,14
BRDA:245,41,0,22
BRF:42
BRH:38
end_of_record
TN:
SF:src/utils/errorCodeExtractor.ts
FN:5,extractErrorCode
FN:101,hasErrorHelp
FNF:2
FNH:2
FNDA:31,extractErrorCode
FNDA:7,hasErrorHelp
DA:5,1
DA:6,31
DA:9,31
DA:10,31
DA:11,3
DA:12,3
DA:15,28
DA:16,31
DA:17,3
DA:18,3
DA:21,25
DA:22,31
DA:23,24
DA:24,23
DA:25,31
DA:26,2
DA:27,2
DA:29,31
DA:30,2
DA:31,2
DA:33,21
DA:34,21
DA:35,20
DA:36,31
DA:37,2
DA:38,2
DA:40,19
DA:41,19
DA:42,18
DA:43,31
DA:44,2
DA:45,2
DA:47,17
DA:48,17
DA:49,16
DA:50,31
DA:51,2
DA:52,2
DA:54,31
DA:55,2
DA:56,2
DA:59,13
DA:60,13
DA:61,11
DA:62,31
DA:63,3
DA:64,3
DA:66,31
DA:67,2
DA:68,2
DA:70,31
DA:71,2
DA:72,2
DA:74,31
DA:75,3
DA:76,3
DA:78,3
DA:79,3
DA:84,1
DA:85,1
DA:86,1
DA:87,1
DA:88,1
DA:89,1
DA:90,1
DA:91,1
DA:92,1
DA:93,1
DA:94,1
DA:95,1
DA:96,1
DA:101,1
DA:102,7
DA:103,7
LF:74
LH:74
BRDA:5,0,0,31
BRDA:10,1,0,3
BRDA:12,2,0,28
BRDA:16,3,0,3
BRDA:18,4,0,25
BRDA:22,5,0,1
BRDA:22,6,0,24
BRDA:23,7,0,1
BRDA:23,8,0,23
BRDA:24,9,0,0
BRDA:25,10,0,2
BRDA:27,11,0,23
BRDA:29,12,0,2
BRDA:31,13,0,21
BRDA:34,14,0,20
BRDA:35,15,0,1
BRDA:36,16,0,2
BRDA:38,17,0,19
BRDA:41,18,0,18
BRDA:43,19,0,2
BRDA:45,20,0,17
BRDA:48,21,0,16
BRDA:50,22,0,2
BRDA:52,23,0,15
BRDA:54,24,0,2
BRDA:56,25,0,13
BRDA:60,26,0,11
BRDA:62,27,0,3
BRDA:64,28,0,10
BRDA:66,29,0,9
BRDA:66,30,0,2
BRDA:68,31,0,8
BRDA:70,32,0,7
BRDA:70,33,0,2
BRDA:72,34,0,6
BRDA:74,35,0,4
BRDA:74,36,0,3
BRDA:101,37,0,7
BRF:38
BRH:37
end_of_record
TN:
SF:src/utils/idbStorage.ts
FN:14,openDB
FN:17,req.onupgradeneeded
FN:20,req.onsuccess
FN:21,req.onerror
FN:26,getItem
FN:31,req.onsuccess
FN:32,req.onerror
FN:36,setItem
FN:41,tx.oncomplete
FN:42,tx.onerror
FN:46,removeItem
FNF:11
FNH:7
FNDA:6,openDB
FNDA:2,req.onupgradeneeded
FNDA:6,req.onsuccess
FNDA:0,req.onerror
FNDA:2,getItem
FNDA:2,req.onsuccess
FNDA:0,req.onerror
FNDA:4,setItem
FNDA:4,tx.oncomplete
FNDA:0,tx.onerror
FNDA:0,removeItem
DA:10,1
DA:11,1
DA:12,1
DA:14,6
DA:15,6
DA:16,6
DA:17,6
DA:18,2
DA:19,2
DA:20,6
DA:21,6
DA:22,6
DA:23,6
DA:25,1
DA:26,1
DA:27,2
DA:28,2
DA:29,2
DA:30,2
DA:31,2
DA:32,2
DA:33,2
DA:34,2
DA:36,1
DA:37,4
DA:38,4
DA:39,4
DA:40,4
DA:41,4
DA:42,4
DA:43,4
DA:44,4
DA:46,1
DA:47,0
DA:48,0
DA:49,0
DA:50,0
DA:51,0
DA:52,0
DA:53,0
DA:54,0
DA:55,1
LF:42
LH:34
BRDA:14,0,0,6
BRDA:15,1,0,6
BRDA:17,2,0,2
BRDA:20,3,0,6
BRDA:26,4,0,2
BRDA:28,5,0,2
BRDA:31,6,0,2
BRDA:36,7,0,4
BRDA:38,8,0,4
BRDA:41,9,0,4
BRF:10
BRH:10
end_of_record
TN:
SF:src/utils/renameProvider.ts
FN:47,validateRustIdentifier
FN:56,isSystemPath
FN:60,escapeRegex
FN:64,flattenFiles
FN:81,computeRenameEdits
FN:117,applyEditsToTree
FN:125,walk
FNF:7
FNH:7
FNDA:22,validateRustIdentifier
FNDA:19,isSystemPath
FNDA:6,escapeRegex
FNDA:10,flattenFiles
FNDA:8,computeRenameEdits
FNDA:3,applyEditsToTree
FNDA:3,walk
DA:14,1
DA:15,1
DA:16,1
DA:17,1
DA:18,1
DA:19,1
DA:21,1
DA:22,1
DA:23,1
DA:26,1
DA:27,1
DA:28,1
DA:29,1
DA:30,1
DA:31,1
DA:32,1
DA:47,1
DA:48,22
DA:49,22
DA:50,12
DA:51,22
DA:52,9
DA:53,9
DA:56,1
DA:57,19
DA:58,19
DA:60,6
DA:61,6
DA:62,6
DA:64,10
DA:65,10
DA:66,10
DA:67,10
DA:68,10
DA:69,15
DA:70,15
DA:71,15
DA:72,10
DA:73,10
DA:81,1
DA:82,8
DA:83,8
DA:84,8
DA:85,8
DA:86,8
DA:88,7
DA:89,8
DA:91,6
DA:92,6
DA:93,6
DA:95,8
DA:97,11
DA:99,10
DA:100,10
DA:102,7
DA:103,7
DA:104,7
DA:105,7
DA:106,7
DA:107,7
DA:108,7
DA:110,6
DA:111,6
DA:117,1
DA:118,3
DA:119,3
DA:120,3
DA:121,3
DA:123,2
DA:125,2
DA:126,3
DA:127,5
DA:128,5
DA:129,1
DA:130,1
DA:131,4
DA:132,4
DA:133,5
DA:134,3
DA:135,3
DA:137,2
DA:138,2
LF:82
LH:82
BRDA:47,0,0,22
BRDA:48,1,0,21
BRDA:48,2,0,2
BRDA:48,3,0,20
BRDA:49,4,0,8
BRDA:49,5,0,12
BRDA:51,6,0,3
BRDA:51,7,0,9
BRDA:56,8,0,19
BRDA:57,9,0,81
BRDA:60,10,0,6
BRDA:64,11,0,10
BRDA:68,12,0,15
BRDA:70,13,0,4
BRDA:70,14,0,0
BRDA:70,15,0,11
BRDA:71,16,0,0
BRDA:81,17,0,8
BRDA:86,18,0,1
BRDA:86,19,0,7
BRDA:89,20,0,1
BRDA:89,21,0,6
BRDA:95,22,0,11
BRDA:97,23,0,1
BRDA:97,24,0,10
BRDA:100,25,0,3
BRDA:100,26,0,7
BRDA:108,27,0,6
BRDA:117,28,0,3
BRDA:121,29,0,1
BRDA:121,30,0,2
BRDA:123,31,0,3
BRDA:125,32,0,3
BRDA:126,33,0,5
BRDA:128,34,0,1
BRDA:129,35,0,0
BRDA:130,36,0,4
BRDA:133,37,0,3
BRDA:133,38,0,1
BRF:39
BRH:36
end_of_record
TN:
SF:src/utils/rustSymbolParser.ts
FN:28,parseRustSymbols
FN:175,groupSymbolsByParent
FNF:2
FNH:2
FNDA:24,parseRustSymbols
FNDA:2,groupSymbolsByParent
DA:28,1
DA:29,24
DA:30,24
DA:31,24
DA:32,24
DA:33,24
DA:35,24
DA:36,136
DA:37,136
DA:40,136
DA:41,51
DA:42,51
DA:45,136
DA:46,136
DA:49,136
DA:50,136
DA:51,7
DA:52,7
DA:53,7
DA:54,7
DA:55,7
DA:56,7
DA:57,7
DA:58,7
DA:59,7
DA:61,85
DA:64,136
DA:65,7
DA:66,7
DA:69,85
DA:72,85
DA:73,136
DA:74,14
DA:75,14
DA:76,14
DA:77,14
DA:78,14
DA:79,14
DA:80,14
DA:81,14
DA:84,71
DA:85,136
DA:86,2
DA:87,2
DA:88,2
DA:89,2
DA:90,2
DA:91,2
DA:92,2
DA:93,2
DA:96,69
DA:97,136
DA:98,1
DA:99,1
DA:100,1
DA:101,1
DA:102,1
DA:103,1
DA:104,1
DA:105,1
DA:108,68
DA:109,136
DA:110,2
DA:111,2
DA:112,2
DA:113,2
DA:114,2
DA:115,2
DA:116,2
DA:117,2
DA:120,66
DA:121,136
DA:122,2
DA:123,2
DA:124,2
DA:125,2
DA:126,2
DA:127,2
DA:128,2
DA:129,2
DA:132,64
DA:133,136
DA:134,4
DA:135,4
DA:136,4
DA:137,4
DA:138,4
DA:139,4
DA:140,4
DA:141,4
DA:144,60
DA:145,135
DA:146,23
DA:147,23
DA:148,23
DA:149,23
DA:150,23
DA:151,23
DA:152,23
DA:153,23
DA:154,23
DA:157,37
DA:158,133
DA:159,1
DA:160,1
DA:161,1
DA:162,1
DA:163,1
DA:164,1
DA:165,1
DA:166,1
DA:167,136
DA:169,24
DA:170,24
DA:175,1
DA:176,2
DA:178,2
DA:179,6
DA:180,6
DA:181,3
DA:182,3
DA:183,6
DA:184,6
DA:186,2
DA:187,2
LF:125
LH:125
BRDA:28,0,0,24
BRDA:35,1,0,136
BRDA:40,2,0,133
BRDA:40,3,0,133
BRDA:40,4,0,51
BRDA:42,5,0,85
BRDA:45,6,0,48
BRDA:46,7,0,48
BRDA:50,8,0,7
BRDA:59,9,0,85
BRDA:64,10,0,30
BRDA:64,11,0,7
BRDA:66,12,0,85
BRDA:73,13,0,14
BRDA:78,14,0,11
BRDA:78,15,0,3
BRDA:81,16,0,71
BRDA:85,17,0,2
BRDA:90,18,0,1
BRDA:90,19,0,1
BRDA:93,20,0,69
BRDA:97,21,0,1
BRDA:102,22,0,0
BRDA:105,23,0,68
BRDA:109,24,0,2
BRDA:114,25,0,1
BRDA:114,26,0,1
BRDA:117,27,0,66
BRDA:121,28,0,2
BRDA:126,29,0,1
BRDA:126,30,0,1
BRDA:129,31,0,64
BRDA:133,32,0,4
BRDA:138,33,0,1
BRDA:138,34,0,3
BRDA:141,35,0,135
BRDA:141,36,0,60
BRDA:145,37,0,23
BRDA:150,38,0,17
BRDA:150,39,0,6
BRDA:151,40,0,11
BRDA:154,41,0,133
BRDA:154,42,0,37
BRDA:158,43,0,1
BRDA:175,44,0,2
BRDA:178,45,0,6
BRDA:179,46,0,4
BRDA:180,47,0,3
BRF:48
BRH:47
end_of_record
TN:
SF:src/utils/scValDecoder.ts
FN:8,decodeScValBase64
FN:26,stringifyDecodedValue
FNF:2
FNH:1
FNDA:3,decodeScValBase64
FNDA:0,stringifyDecodedValue
DA:1,1
DA:8,1
DA:9,3
DA:10,3
DA:11,3
DA:12,0
DA:13,0
DA:15,3
DA:16,3
DA:17,3
DA:18,3
DA:19,3
DA:20,1
DA:21,1
DA:22,1
DA:23,1
DA:24,3
DA:26,1
DA:27,0
DA:28,0
DA:29,0
DA:30,0
DA:31,0
DA:32,0
DA:33,0
DA:34,0
DA:35,0
DA:36,0
LF:28
LH:16
BRDA:8,0,0,3
BRDA:11,1,0,0
BRDA:19,2,0,1
BRDA:21,3,0,0
BRF:4
BRH:2
end_of_record
TN:
SF:src/utils/searchWalker.ts
FN:30,searchWalker
FN:74,matches
FN:92,flattenFiles
FN:111,searchInFile
FN:162,isMatch
FNF:5
FNH:5
FNDA:5,searchWalker
FNDA:5,matches
FNDA:10,flattenFiles
FNDA:8,searchInFile
FNDA:4,isMatch
DA:30,5
DA:31,5
DA:32,5
DA:33,5
DA:34,5
DA:36,5
DA:37,0
DA:38,0
DA:40,5
DA:41,5
DA:44,5
DA:45,10
DA:48,10
DA:49,1
DA:50,1
DA:52,10
DA:53,1
DA:54,1
DA:56,8
DA:57,5
DA:60,5
DA:61,5
DA:63,5
DA:64,5
DA:67,5
DA:68,5
DA:69,5
DA:71,5
DA:74,5
DA:75,5
DA:77,5
DA:78,5
DA:79,0
DA:80,0
DA:81,0
DA:82,0
DA:83,0
DA:84,5
DA:92,10
DA:93,10
DA:94,10
DA:95,10
DA:96,10
DA:97,15
DA:98,15
DA:99,5
DA:100,5
DA:101,10
DA:102,10
DA:103,10
DA:104,10
DA:105,15
DA:106,15
DA:107,15
DA:108,10
DA:109,10
DA:111,8
DA:112,8
DA:113,8
DA:114,8
DA:115,8
DA:116,8
DA:117,8
DA:118,8
DA:120,8
DA:121,8
DA:122,2
DA:123,2
DA:124,2
DA:125,0
DA:126,0
DA:127,8
DA:129,6
DA:130,6
DA:131,6
DA:133,8
DA:134,16
DA:136,16
DA:138,16
DA:139,7
DA:140,7
DA:141,7
DA:142,7
DA:143,7
DA:144,7
DA:145,7
DA:146,7
DA:147,7
DA:149,7
DA:150,0
DA:151,0
DA:152,7
DA:153,8
DA:155,8
DA:156,8
DA:162,4
DA:163,4
DA:165,4
DA:166,4
DA:168,4
DA:171,4
DA:172,4
DA:173,4
DA:175,4
DA:176,4
DA:177,4
DA:178,4
LF:107
LH:96
BRDA:30,0,0,5
BRDA:36,1,0,0
BRDA:78,2,0,0
BRDA:44,3,0,10
BRDA:48,4,0,2
BRDA:48,5,0,1
BRDA:50,6,0,9
BRDA:52,7,0,2
BRDA:52,8,0,1
BRDA:54,9,0,8
BRDA:68,10,0,8
BRDA:74,11,0,5
BRDA:92,12,0,10
BRDA:96,13,0,15
BRDA:98,14,0,5
BRDA:99,15,0,0
BRDA:100,16,0,10
BRDA:105,17,0,0
BRDA:111,18,0,8
BRDA:121,19,0,2
BRDA:123,20,0,0
BRDA:124,21,0,0
BRDA:127,22,0,6
BRDA:130,23,0,2
BRDA:130,24,0,4
BRDA:133,25,0,16
BRDA:138,26,0,7
BRDA:149,27,0,0
BRDA:162,28,0,4
BRDA:163,29,0,0
BRDA:166,30,0,0
BRDA:165,31,0,4
BRDA:168,32,0,4
BRDA:176,33,0,2
BRF:34
BRH:25
end_of_record
TN:
SF:src/utils/searchWorkspace.ts
FN:30,flattenFiles
FN:49,isWordBoundary
FN:57,searchWorkspace
FNF:3
FNH:2
FNDA:12,flattenFiles
FNDA:0,isWordBoundary
FNDA:6,searchWorkspace
DA:22,1
DA:30,1
DA:31,12
DA:32,12
DA:34,12
DA:35,18
DA:36,18
DA:37,6
DA:38,6
DA:40,12
DA:41,12
DA:42,12
DA:43,12
DA:44,18
DA:45,18
DA:46,18
DA:47,18
DA:49,1
DA:50,0
DA:51,0
DA:52,0
DA:53,0
DA:54,0
DA:55,0
DA:57,1
DA:58,6
DA:59,6
DA:60,6
DA:61,6
DA:62,6
DA:63,6
DA:65,6
DA:66,6
DA:67,6
DA:68,6
DA:69,6
DA:70,6
DA:71,6
DA:72,6
DA:74,6
DA:76,6
DA:77,11
DA:79,11
DA:80,21
DA:81,21
DA:83,21
DA:84,16
DA:85,16
DA:86,16
DA:88,16
DA:89,16
DA:90,6
DA:91,6
DA:93,6
DA:94,6
DA:95,6
DA:96,6
DA:97,6
DA:98,6
DA:99,6
DA:100,6
DA:101,6
DA:102,6
DA:103,6
DA:105,6
DA:106,0
DA:107,0
DA:109,6
DA:110,6
DA:111,21
DA:112,5
DA:113,5
DA:114,5
DA:115,5
DA:116,1
DA:117,1
DA:118,1
DA:119,0
DA:120,1
DA:121,1
DA:123,4
DA:124,5
DA:125,2
DA:126,2
DA:127,2
DA:128,2
DA:130,2
DA:131,2
DA:132,2
DA:133,2
DA:134,2
DA:135,2
DA:136,2
DA:137,2
DA:138,2
DA:140,2
DA:141,0
DA:142,0
DA:144,2
DA:145,0
DA:146,0
DA:147,2
DA:148,5
DA:149,21
DA:150,10
DA:152,5
DA:153,5
LF:107
LH:94
BRDA:30,0,0,12
BRDA:34,1,0,18
BRDA:36,2,0,6
BRDA:37,3,0,0
BRDA:38,4,0,12
BRDA:44,5,0,0
BRDA:57,6,0,6
BRDA:63,7,0,0
BRDA:76,8,0,11
BRDA:79,9,0,21
BRDA:83,10,0,16
BRDA:84,11,0,4
BRDA:84,12,0,12
BRDA:85,13,0,4
BRDA:85,14,0,12
BRDA:86,15,0,0
BRDA:89,16,0,6
BRDA:93,17,0,0
BRDA:105,18,0,0
BRDA:109,19,0,0
BRDA:111,20,0,5
BRDA:114,21,0,0
BRDA:115,22,0,1
BRDA:118,23,0,0
BRDA:121,24,0,4
BRDA:124,25,0,2
BRDA:140,26,0,0
BRDA:144,27,0,0
BRDA:149,28,0,10
BRDA:150,29,0,5
BRF:30
BRH:19
end_of_record
TN:
SF:src/utils/wasmParser.ts
FN:20,formatSize
FN:26,estimateDeployCost
FN:32,analyzeWasm
FNF:3
FNH:3
FNDA:4,formatSize
FNDA:4,estimateDeployCost
FNDA:4,analyzeWasm
DA:13,1
DA:17,1
DA:18,1
DA:20,4
DA:21,4
DA:22,0
DA:23,0
DA:24,0
DA:26,4
DA:27,4
DA:28,4
DA:29,4
DA:30,4
DA:32,4
DA:33,4
DA:34,4
DA:36,4
DA:37,4
DA:38,4
DA:39,4
DA:41,4
DA:43,4
DA:44,4
DA:45,4
DA:46,4
DA:47,4
DA:48,4
DA:49,4
LF:28
LH:25
BRDA:20,0,0,4
BRDA:21,1,0,0
BRDA:26,2,0,4
BRDA:32,3,0,4
BRDA:36,4,0,4
BRF:5
BRH:4
end_of_record
