{"/home/danielakinsanya/stellar-suite/src/services/formValidationService.ts":{"path":"/home/danielakinsanya/stellar-suite/src/services/formValidationService.ts","statementMap":{"0":{"start":{"line":6,"column":0},"end":{"line":6,"column":62}},"1":{"start":{"line":7,"column":0},"end":{"line":7,"column":39}},"2":{"start":{"line":8,"column":0},"end":{"line":8,"column":60}},"3":{"start":{"line":9,"column":25},"end":{"line":9,"column":70}},"4":{"start":{"line":10,"column":27},"end":{"line":10,"column":74}},"5":{"start":{"line":11,"column":27},"end":{"line":11,"column":74}},"6":{"start":{"line":21,"column":8},"end":{"line":21,"column":60}},"7":{"start":{"line":27,"column":8},"end":{"line":27,"column":65}},"8":{"start":{"line":33,"column":23},"end":{"line":33,"column":25}},"9":{"start":{"line":34,"column":22},"end":{"line":34,"column":32}},"10":{"start":{"line":36,"column":8},"end":{"line":48,"column":9}},"11":{"start":{"line":37,"column":35},"end":{"line":37,"column":93}},"12":{"start":{"line":38,"column":12},"end":{"line":40,"column":13}},"13":{"start":{"line":39,"column":16},"end":{"line":39,"column":38}},"14":{"start":{"line":44,"column":28},"end":{"line":44,"column":93}},"15":{"start":{"line":45,"column":12},"end":{"line":47,"column":13}},"16":{"start":{"line":46,"column":16},"end":{"line":46,"column":77}},"17":{"start":{"line":49,"column":24},"end":{"line":49,"column":50}},"18":{"start":{"line":51,"column":8},"end":{"line":56,"column":9}},"19":{"start":{"line":52,"column":31},"end":{"line":52,"column":100}},"20":{"start":{"line":53,"column":12},"end":{"line":55,"column":13}},"21":{"start":{"line":54,"column":16},"end":{"line":54,"column":50}},"22":{"start":{"line":58,"column":8},"end":{"line":58,"column":69}},"23":{"start":{"line":64,"column":26},"end":{"line":64,"column":28}},"24":{"start":{"line":65,"column":8},"end":{"line":71,"column":9}},"25":{"start":{"line":66,"column":26},"end":{"line":66,"column":44}},"26":{"start":{"line":67,"column":27},"end":{"line":67,"column":63}},"27":{"start":{"line":68,"column":12},"end":{"line":70,"column":13}},"28":{"start":{"line":69,"column":16},"end":{"line":69,"column":49}},"29":{"start":{"line":72,"column":8},"end":{"line":72,"column":72}},"30":{"start":{"line":78,"column":8},"end":{"line":78,"column":84}},"31":{"start":{"line":85,"column":8},"end":{"line":85,"column":86}},"32":{"start":{"line":85,"column":26},"end":{"line":85,"column":85}},"33":{"start":{"line":91,"column":8},"end":{"line":91,"column":88}},"34":{"start":{"line":91,"column":26},"end":{"line":91,"column":87}},"35":{"start":{"line":97,"column":8},"end":{"line":97,"column":92}},"36":{"start":{"line":97,"column":26},"end":{"line":97,"column":91}},"37":{"start":{"line":103,"column":8},"end":{"line":103,"column":84}},"38":{"start":{"line":103,"column":26},"end":{"line":103,"column":83}},"39":{"start":{"line":110,"column":8},"end":{"line":111,"column":29}},"40":{"start":{"line":111,"column":12},"end":{"line":111,"column":29}},"41":{"start":{"line":112,"column":8},"end":{"line":112,"column":89}},"42":{"start":{"line":115,"column":0},"end":{"line":115,"column":54}},"43":{"start":{"line":117,"column":16},"end":{"line":117,"column":20}},"44":{"start":{"line":122,"column":4},"end":{"line":124,"column":5}},"45":{"start":{"line":123,"column":8},"end":{"line":123,"column":48}},"46":{"start":{"line":125,"column":4},"end":{"line":125,"column":21}}},"fnMap":{"0":{"name":"(anonymous_0)","decl":{"start":{"line":20,"column":4},"end":{"line":20,"column":5}},"loc":{"start":{"line":20,"column":30},"end":{"line":22,"column":5}},"line":20},"1":{"name":"(anonymous_1)","decl":{"start":{"line":26,"column":4},"end":{"line":26,"column":5}},"loc":{"start":{"line":26,"column":32},"end":{"line":28,"column":5}},"line":26},"2":{"name":"(anonymous_2)","decl":{"start":{"line":32,"column":4},"end":{"line":32,"column":5}},"loc":{"start":{"line":32,"column":36},"end":{"line":59,"column":5}},"line":32},"3":{"name":"(anonymous_3)","decl":{"start":{"line":63,"column":4},"end":{"line":63,"column":5}},"loc":{"start":{"line":63,"column":44},"end":{"line":73,"column":5}},"line":63},"4":{"name":"(anonymous_4)","decl":{"start":{"line":77,"column":4},"end":{"line":77,"column":5}},"loc":{"start":{"line":77,"column":28},"end":{"line":79,"column":5}},"line":77},"5":{"name":"(anonymous_5)","decl":{"start":{"line":84,"column":4},"end":{"line":84,"column":5}},"loc":{"start":{"line":84,"column":29},"end":{"line":86,"column":5}},"line":84},"6":{"name":"(anonymous_6)","decl":{"start":{"line":85,"column":15},"end":{"line":85,"column":16}},"loc":{"start":{"line":85,"column":26},"end":{"line":85,"column":85}},"line":85},"7":{"name":"(anonymous_7)","decl":{"start":{"line":90,"column":4},"end":{"line":90,"column":5}},"loc":{"start":{"line":90,"column":31},"end":{"line":92,"column":5}},"line":90},"8":{"name":"(anonymous_8)","decl":{"start":{"line":91,"column":15},"end":{"line":91,"column":16}},"loc":{"start":{"line":91,"column":26},"end":{"line":91,"column":87}},"line":91},"9":{"name":"(anonymous_9)","decl":{"start":{"line":96,"column":4},"end":{"line":96,"column":5}},"loc":{"start":{"line":96,"column":33},"end":{"line":98,"column":5}},"line":96},"10":{"name":"(anonymous_10)","decl":{"start":{"line":97,"column":15},"end":{"line":97,"column":16}},"loc":{"start":{"line":97,"column":26},"end":{"line":97,"column":91}},"line":97},"11":{"name":"(anonymous_11)","decl":{"start":{"line":102,"column":4},"end":{"line":102,"column":5}},"loc":{"start":{"line":102,"column":27},"end":{"line":104,"column":5}},"line":102},"12":{"name":"(anonymous_12)","decl":{"start":{"line":103,"column":15},"end":{"line":103,"column":16}},"loc":{"start":{"line":103,"column":26},"end":{"line":103,"column":83}},"line":103},"13":{"name":"(anonymous_13)","decl":{"start":{"line":109,"column":4},"end":{"line":109,"column":5}},"loc":{"start":{"line":109,"column":35},"end":{"line":113,"column":5}},"line":109},"14":{"name":"getFormValidationService","decl":{"start":{"line":121,"column":9},"end":{"line":121,"column":33}},"loc":{"start":{"line":121,"column":36},"end":{"line":126,"column":1}},"line":121}},"branchMap":{"0":{"loc":{"start":{"line":36,"column":8},"end":{"line":48,"column":9}},"type":"if","locations":[{"start":{"line":36,"column":8},"end":{"line":48,"column":9}},{"start":{"line":42,"column":13},"end":{"line":48,"column":9}}],"line":36},"1":{"loc":{"start":{"line":37,"column":74},"end":{"line":37,"column":85}},"type":"binary-expr","locations":[{"start":{"line":37,"column":74},"end":{"line":37,"column":79}},{"start":{"line":37,"column":83},"end":{"line":37,"column":85}}],"line":37},"2":{"loc":{"start":{"line":38,"column":12},"end":{"line":40,"column":13}},"type":"if","locations":[{"start":{"line":38,"column":12},"end":{"line":40,"column":13}},{"start":{},"end":{}}],"line":38},"3":{"loc":{"start":{"line":44,"column":28},"end":{"line":44,"column":93}},"type":"cond-expr","locations":[{"start":{"line":44,"column":68},"end":{"line":44,"column":70}},{"start":{"line":44,"column":73},"end":{"line":44,"column":93}}],"line":44},"4":{"loc":{"start":{"line":44,"column":28},"end":{"line":44,"column":65}},"type":"binary-expr","locations":[{"start":{"line":44,"column":28},"end":{"line":44,"column":47}},{"start":{"line":44,"column":51},"end":{"line":44,"column":65}}],"line":44},"5":{"loc":{"start":{"line":45,"column":12},"end":{"line":47,"column":13}},"type":"if","locations":[{"start":{"line":45,"column":12},"end":{"line":47,"column":13}},{"start":{},"end":{}}],"line":45},"6":{"loc":{"start":{"line":49,"column":31},"end":{"line":49,"column":42}},"type":"binary-expr","locations":[{"start":{"line":49,"column":31},"end":{"line":49,"column":36}},{"start":{"line":49,"column":40},"end":{"line":49,"column":42}}],"line":49},"7":{"loc":{"start":{"line":51,"column":8},"end":{"line":56,"column":9}},"type":"if","locations":[{"start":{"line":51,"column":8},"end":{"line":56,"column":9}},{"start":{},"end":{}}],"line":51},"8":{"loc":{"start":{"line":53,"column":12},"end":{"line":55,"column":13}},"type":"if","locations":[{"start":{"line":53,"column":12},"end":{"line":55,"column":13}},{"start":{},"end":{}}],"line":53},"9":{"loc":{"start":{"line":68,"column":12},"end":{"line":70,"column":13}},"type":"if","locations":[{"start":{"line":68,"column":12},"end":{"line":70,"column":13}},{"start":{},"end":{}}],"line":68},"10":{"loc":{"start":{"line":78,"column":58},"end":{"line":78,"column":69}},"type":"binary-expr","locations":[{"start":{"line":78,"column":58},"end":{"line":78,"column":63}},{"start":{"line":78,"column":67},"end":{"line":78,"column":69}}],"line":78},"11":{"loc":{"start":{"line":110,"column":8},"end":{"line":111,"column":29}},"type":"if","locations":[{"start":{"line":110,"column":8},"end":{"line":111,"column":29}},{"start":{},"end":{}}],"line":110},"12":{"loc":{"start":{"line":112,"column":15},"end":{"line":112,"column":88}},"type":"binary-expr","locations":[{"start":{"line":112,"column":15},"end":{"line":112,"column":40}},{"start":{"line":112,"column":44},"end":{"line":112,"column":69}},{"start":{"line":112,"column":73},"end":{"line":112,"column":88}}],"line":112},"13":{"loc":{"start":{"line":122,"column":4},"end":{"line":124,"column":5}},"type":"if","locations":[{"start":{"line":122,"column":4},"end":{"line":124,"column":5}},{"start":{},"end":{}}],"line":122}},"s":{"0":1,"1":1,"2":1,"3":1,"4":1,"5":1,"6":2,"7":2,"8":9,"9":9,"10":9,"11":7,"12":7,"13":2,"14":2,"15":2,"16":2,"17":5,"18":5,"19":3,"20":3,"21":1,"22":5,"23":2,"24":2,"25":4,"26":4,"27":4,"28":1,"29":2,"30":4,"31":0,"32":0,"33":0,"34":0,"35":0,"36":0,"37":0,"38":0,"39":2,"40":1,"41":1,"42":1,"43":1,"44":2,"45":1,"46":2},"f":{"0":2,"1":2,"2":9,"3":2,"4":4,"5":0,"6":0,"7":0,"8":0,"9":0,"10":0,"11":0,"12":0,"13":2,"14":2},"b":{"0":[7,2],"1":[7,0],"2":[2,5],"3":[0,2],"4":[2,2],"5":[2,0],"6":[5,0],"7":[3,2],"8":[1,2],"9":[1,3],"10":[4,0],"11":[1,1],"12":[1,0,0],"13":[1,1]},"inputSourceMap":{"version":3,"file":"/home/danielakinsanya/stellar-suite/src/services/formValidationService.ts","sources":["/home/danielakinsanya/stellar-suite/src/services/formValidationService.ts"],"names":[],"mappings":";AAAA;;;GAGG;;;AAoIH,4DAKC;AArID,uEAAoJ;AACpJ,2EAA0E;AAC1E,2EAA6E;AAE7E;;;GAGG;AACH,MAAa,qBAAqB;IAC9B;;OAEG;IACH,kBAAkB,CAAC,KAAa;QAC5B,OAAO,IAAA,gCAAe,EAAC,KAAK,CAAC,CAAC;IAClC,CAAC;IAED;;OAEG;IACH,oBAAoB,CAAC,KAAa;QAC9B,OAAO,IAAA,qCAAc,EAAC,KAAK,CAAC,CAAC;IACjC,CAAC;IAED;;OAEG;IACH,iBAAiB,CAAC,KAAgC,EAAE,KAAwB;QACxE,MAAM,MAAM,GAAsB,EAAE,CAAC;QACrC,MAAM,KAAK,GAAG,KAAK,CAAC,IAAI,CAAC;QAEzB,iBAAiB;QACjB,IAAI,KAAK,CAAC,QAAQ,EAAE,CAAC;YACjB,MAAM,cAAc,GAAG,IAAA,iCAAgB,EAAC,KAAK,IAAI,EAAE,EAAE,KAAK,CAAC,CAAC;YAC5D,IAAI,CAAC,cAAc,CAAC,KAAK,EAAE,CAAC;gBACxB,OAAO,cAAc,CAAC;YAC1B,CAAC;QACL,CAAC;aAAM,CAAC;YACJ,2BAA2B;YAC3B,MAAM,OAAO,GAAG,KAAK,KAAK,SAAS,IAAI,KAAK,KAAK,IAAI,CAAC,CAAC,CAAC,EAAE,CAAC,CAAC,CAAC,MAAM,CAAC,KAAK,CAAC,CAAC,IAAI,EAAE,CAAC;YAClF,IAAI,OAAO,CAAC,MAAM,KAAK,CAAC,EAAE,CAAC;gBACvB,OAAO,EAAE,KAAK,EAAE,IAAI,EAAE,MAAM,EAAE,EAAE,EAAE,MAAM,EAAE,EAAE,EAAE,QAAQ,EAAE,EAAE,EAAE,CAAC;YACjE,CAAC;QACL,CAAC;QAED,MAAM,OAAO,GAAG,MAAM,CAAC,KAAK,IAAI,EAAE,CAAC,CAAC,IAAI,EAAE,CAAC;QAE3C,kBAAkB;QAClB,IAAI,KAAK,CAAC,IAAI,EAAE,CAAC;YACb,MAAM,UAAU,GAAG,IAAA,oCAAmB,EAAC,OAAO,EAAE,KAAK,CAAC,IAAI,EAAE,KAAK,CAAC,CAAC;YACnE,IAAI,CAAC,UAAU,CAAC,KAAK,EAAE,CAAC;gBACpB,MAAM,CAAC,IAAI,CAAC,GAAG,UAAU,CAAC,MAAM,CAAC,CAAC;YACtC,CAAC;QACL,CAAC;QACD,qFAAqF;QAErF,OAAO,IAAA,wCAAqB,EAAC,MAAM,CAAC,CAAC;IACzC,CAAC;IAED;;OAEG;IACH,uBAAuB,CACnB,MAA2B,EAC3B,MAA8B;QAE9B,MAAM,SAAS,GAAsB,EAAE,CAAC;QACxC,KAAK,MAAM,KAAK,IAAI,MAAM,EAAE,CAAC;YACzB,MAAM,KAAK,GAAG,MAAM,CAAC,KAAK,CAAC,IAAI,CAAC,CAAC;YACjC,MAAM,MAAM,GAAG,IAAI,CAAC,iBAAiB,CAAC,KAAK,EAAE,KAAK,CAAC,CAAC;YACpD,IAAI,CAAC,MAAM,CAAC,KAAK,EAAE,CAAC;gBAChB,SAAS,CAAC,IAAI,CAAC,GAAG,MAAM,CAAC,MAAM,CAAC,CAAC;YACrC,CAAC;QACL,CAAC;QACD,OAAO,IAAA,wCAAqB,EAAC,SAAS,CAAC,CAAC;IAC5C,CAAC;IAED;;OAEG;IACH,gBAAgB,CAAC,KAAgC;QAC7C,OAAO,IAAA,qCAAkB,EAAC,KAAK,IAAI,EAAE,EAAE,WAAW,CAAC,CAAC;IACxD,CAAC;IAED;;;OAGG;IACH,sBAAsB;QAClB,OAAO,CAAC,KAAa,EAAE,EAAE,CAAC,IAAI,CAAC,sBAAsB,CAAC,IAAI,CAAC,kBAAkB,CAAC,KAAK,CAAC,CAAC,CAAC;IAC1F,CAAC;IAED;;OAEG;IACH,wBAAwB;QACpB,OAAO,CAAC,KAAa,EAAE,EAAE,CAAC,IAAI,CAAC,sBAAsB,CAAC,IAAI,CAAC,oBAAoB,CAAC,KAAK,CAAC,CAAC,CAAC;IAC5F,CAAC;IAED;;OAEG;IACH,qBAAqB,CAAC,KAAwB;QAC1C,OAAO,CAAC,KAAa,EAAE,EAAE,CAAC,IAAI,CAAC,sBAAsB,CAAC,IAAI,CAAC,iBAAiB,CAAC,KAAK,EAAE,KAAK,CAAC,CAAC,CAAC;IAChG,CAAC;IAED;;OAEG;IACH,oBAAoB;QAChB,OAAO,CAAC,KAAa,EAAE,EAAE,CAAC,IAAI,CAAC,sBAAsB,CAAC,IAAI,CAAC,gBAAgB,CAAC,KAAK,CAAC,CAAC,CAAC;IACxF,CAAC;IAED;;;OAGG;IACH,sBAAsB,CAAC,MAAwB;QAC3C,IAAI,MAAM,CAAC,KAAK;YAAE,OAAO,SAAS,CAAC;QACnC,OAAO,MAAM,CAAC,MAAM,CAAC,CAAC,CAAC,EAAE,OAAO,IAAI,MAAM,CAAC,MAAM,CAAC,CAAC,CAAC,EAAE,OAAO,IAAI,eAAe,CAAC;IACrF,CAAC;CACJ;AAhHD,sDAgHC;AAED,0CAA0C;AAC1C,IAAI,SAAS,GAAiC,IAAI,CAAC;AAEnD;;GAEG;AACH,SAAgB,wBAAwB;IACpC,IAAI,CAAC,SAAS,EAAE,CAAC;QACb,SAAS,GAAG,IAAI,qBAAqB,EAAE,CAAC;IAC5C,CAAC;IACD,OAAO,SAAS,CAAC;AACrB,CAAC","sourcesContent":["/**\n * Form validation service for contract function parameters.\n * Validates input types, ranges, and formats before submission.\n */\n\nimport type { ValidationResult, ValidationIssue } from '../types/cliValidation';\nimport type { FunctionParameter } from './contractInspector';\nimport { validateAddress, validateFunctionName as validateFnName, validateRequired, validateSorobanType } from '../utils/validators/typeValidators';\nimport { validateJsonObject } from '../utils/validators/formatValidators';\nimport { buildValidationResult } from '../utils/validators/validationResult';\n\n/**\n * Form validation service.\n * Centralizes validation logic for simulate transaction and deploy flows.\n */\nexport class FormValidationService {\n    /**\n     * Validate Stellar contract ID (address format).\n     */\n    validateContractId(value: string): ValidationResult {\n        return validateAddress(value);\n    }\n\n    /**\n     * Validate Soroban function name.\n     */\n    validateFunctionName(value: string): ValidationResult {\n        return validateFnName(value);\n    }\n\n    /**\n     * Validate a single parameter value against its metadata.\n     */\n    validateParameter(value: string | undefined | null, param: FunctionParameter): ValidationResult {\n        const issues: ValidationIssue[] = [];\n        const field = param.name;\n\n        // Required check\n        if (param.required) {\n            const requiredResult = validateRequired(value ?? '', field);\n            if (!requiredResult.valid) {\n                return requiredResult;\n            }\n        } else {\n            // Optional: empty is valid\n            const trimmed = value === undefined || value === null ? '' : String(value).trim();\n            if (trimmed.length === 0) {\n                return { valid: true, issues: [], errors: [], warnings: [] };\n            }\n        }\n\n        const trimmed = String(value ?? '').trim();\n\n        // Type validation\n        if (param.type) {\n            const typeResult = validateSorobanType(trimmed, param.type, field);\n            if (!typeResult.valid) {\n                issues.push(...typeResult.issues);\n            }\n        }\n        // No type metadata: accept any non-empty string (JSON parsing handled at submission)\n\n        return buildValidationResult(issues);\n    }\n\n    /**\n     * Validate a batch of parameter values.\n     */\n    validateParameterValues(\n        params: FunctionParameter[],\n        values: Record<string, string>\n    ): ValidationResult {\n        const allIssues: ValidationIssue[] = [];\n        for (const param of params) {\n            const value = values[param.name];\n            const result = this.validateParameter(value, param);\n            if (!result.valid) {\n                allIssues.push(...result.issues);\n            }\n        }\n        return buildValidationResult(allIssues);\n    }\n\n    /**\n     * Validate raw JSON arguments input.\n     */\n    validateJsonArgs(value: string | undefined | null): ValidationResult {\n        return validateJsonObject(value ?? '', 'arguments');\n    }\n\n    /**\n     * Get a VS Code validateInput-compatible callback for contract ID.\n     * Returns undefined when valid, error message string when invalid.\n     */\n    getContractIdValidator(): (value: string) => string | undefined {\n        return (value: string) => this.toValidateInputMessage(this.validateContractId(value));\n    }\n\n    /**\n     * Get a VS Code validateInput-compatible callback for function name.\n     */\n    getFunctionNameValidator(): (value: string) => string | undefined {\n        return (value: string) => this.toValidateInputMessage(this.validateFunctionName(value));\n    }\n\n    /**\n     * Get a VS Code validateInput-compatible callback for a parameter.\n     */\n    getParameterValidator(param: FunctionParameter): (value: string) => string | undefined {\n        return (value: string) => this.toValidateInputMessage(this.validateParameter(value, param));\n    }\n\n    /**\n     * Get a VS Code validateInput-compatible callback for raw JSON args.\n     */\n    getJsonArgsValidator(): (value: string) => string | undefined {\n        return (value: string) => this.toValidateInputMessage(this.validateJsonArgs(value));\n    }\n\n    /**\n     * Convert ValidationResult to VS Code validateInput return type.\n     * Returns undefined if valid, first error message if invalid.\n     */\n    toValidateInputMessage(result: ValidationResult): string | undefined {\n        if (result.valid) return undefined;\n        return result.errors[0]?.message ?? result.issues[0]?.message ?? 'Invalid value';\n    }\n}\n\n/** Singleton instance for convenience. */\nlet _instance: FormValidationService | null = null;\n\n/**\n * Get the shared FormValidationService instance.\n */\nexport function getFormValidationService(): FormValidationService {\n    if (!_instance) {\n        _instance = new FormValidationService();\n    }\n    return _instance;\n}\n"]},"_coverageSchema":"1a1c01bbd47fc00a2c39e90264f33305004495a9","hash":"ec7852413a12a400609841b09dc4ef5d1fc4196c","contentHash":"53f2ef4097cdcd4c3e49f13cdbd436c159778d26731739089e037889313daf32"},"/home/danielakinsanya/stellar-suite/src/utils/validators/typeValidators.ts":{"path":"/home/danielakinsanya/stellar-suite/src/utils/validators/typeValidators.ts","statementMap":{"0":{"start":{"line":6,"column":0},"end":{"line":6,"column":62}},"1":{"start":{"line":7,"column":0},"end":{"line":7,"column":42}},"2":{"start":{"line":8,"column":0},"end":{"line":8,"column":52}},"3":{"start":{"line":9,"column":0},"end":{"line":9,"column":44}},"4":{"start":{"line":10,"column":0},"end":{"line":10,"column":50}},"5":{"start":{"line":11,"column":27},"end":{"line":11,"column":56}},"6":{"start":{"line":13,"column":26},"end":{"line":13,"column":43}},"7":{"start":{"line":15,"column":33},"end":{"line":15,"column":50}},"8":{"start":{"line":17,"column":28},"end":{"line":17,"column":54}},"9":{"start":{"line":19,"column":16},"end":{"line":19,"column":27}},"10":{"start":{"line":20,"column":16},"end":{"line":20,"column":46}},"11":{"start":{"line":21,"column":17},"end":{"line":21,"column":66}},"12":{"start":{"line":23,"column":16},"end":{"line":23,"column":26}},"13":{"start":{"line":24,"column":16},"end":{"line":24,"column":27}},"14":{"start":{"line":25,"column":16},"end":{"line":25,"column":46}},"15":{"start":{"line":26,"column":16},"end":{"line":26,"column":45}},"16":{"start":{"line":27,"column":17},"end":{"line":27,"column":67}},"17":{"start":{"line":28,"column":17},"end":{"line":28,"column":66}},"18":{"start":{"line":34,"column":4},"end":{"line":36,"column":5}},"19":{"start":{"line":35,"column":8},"end":{"line":35,"column":115}},"20":{"start":{"line":37,"column":20},"end":{"line":37,"column":40}},"21":{"start":{"line":38,"column":4},"end":{"line":40,"column":5}},"22":{"start":{"line":39,"column":8},"end":{"line":39,"column":115}},"23":{"start":{"line":41,"column":23},"end":{"line":41,"column":44}},"24":{"start":{"line":42,"column":4},"end":{"line":51,"column":5}},"25":{"start":{"line":44,"column":8},"end":{"line":50,"column":9}},"26":{"start":{"line":45,"column":12},"end":{"line":49,"column":15}},"27":{"start":{"line":52,"column":4},"end":{"line":52,"column":49}},"28":{"start":{"line":59,"column":4},"end":{"line":61,"column":5}},"29":{"start":{"line":60,"column":8},"end":{"line":60,"column":126}},"30":{"start":{"line":62,"column":20},"end":{"line":62,"column":40}},"31":{"start":{"line":63,"column":4},"end":{"line":65,"column":5}},"32":{"start":{"line":64,"column":8},"end":{"line":64,"column":126}},"33":{"start":{"line":66,"column":4},"end":{"line":71,"column":5}},"34":{"start":{"line":67,"column":8},"end":{"line":70,"column":11}},"35":{"start":{"line":72,"column":4},"end":{"line":72,"column":49}},"36":{"start":{"line":78,"column":4},"end":{"line":80,"column":5}},"37":{"start":{"line":79,"column":8},"end":{"line":79,"column":123}},"38":{"start":{"line":81,"column":20},"end":{"line":81,"column":40}},"39":{"start":{"line":82,"column":4},"end":{"line":84,"column":5}},"40":{"start":{"line":83,"column":8},"end":{"line":83,"column":123}},"41":{"start":{"line":85,"column":4},"end":{"line":85,"column":49}},"42":{"start":{"line":91,"column":4},"end":{"line":92,"column":18}},"43":{"start":{"line":92,"column":8},"end":{"line":92,"column":18}},"44":{"start":{"line":93,"column":14},"end":{"line":93,"column":42}},"45":{"start":{"line":94,"column":18},"end":{"line":94,"column":38}},"46":{"start":{"line":95,"column":4},"end":{"line":96,"column":24}},"47":{"start":{"line":96,"column":8},"end":{"line":96,"column":24}},"48":{"start":{"line":97,"column":4},"end":{"line":97,"column":13}},"49":{"start":{"line":103,"column":19},"end":{"line":103,"column":21}},"50":{"start":{"line":104,"column":18},"end":{"line":104,"column":42}},"51":{"start":{"line":105,"column":20},"end":{"line":105,"column":85}},"52":{"start":{"line":106,"column":17},"end":{"line":106,"column":46}},"53":{"start":{"line":108,"column":4},"end":{"line":110,"column":5}},"54":{"start":{"line":109,"column":8},"end":{"line":109,"column":53}},"55":{"start":{"line":112,"column":4},"end":{"line":159,"column":5}},"56":{"start":{"line":113,"column":27},"end":{"line":113,"column":51}},"57":{"start":{"line":114,"column":8},"end":{"line":116,"column":9}},"58":{"start":{"line":115,"column":12},"end":{"line":115,"column":75}},"59":{"start":{"line":115,"column":45},"end":{"line":115,"column":73}},"60":{"start":{"line":119,"column":9},"end":{"line":159,"column":5}},"61":{"start":{"line":120,"column":26},"end":{"line":120,"column":71}},"62":{"start":{"line":121,"column":8},"end":{"line":123,"column":9}},"63":{"start":{"line":122,"column":12},"end":{"line":122,"column":45}},"64":{"start":{"line":126,"column":9},"end":{"line":159,"column":5}},"65":{"start":{"line":127,"column":26},"end":{"line":127,"column":69}},"66":{"start":{"line":128,"column":8},"end":{"line":130,"column":9}},"67":{"start":{"line":129,"column":12},"end":{"line":129,"column":45}},"68":{"start":{"line":133,"column":9},"end":{"line":159,"column":5}},"69":{"start":{"line":134,"column":8},"end":{"line":142,"column":9}},"70":{"start":{"line":135,"column":27},"end":{"line":135,"column":46}},"71":{"start":{"line":136,"column":12},"end":{"line":138,"column":13}},"72":{"start":{"line":137,"column":16},"end":{"line":137,"column":157}},"73":{"start":{"line":141,"column":12},"end":{"line":141,"column":164}},"74":{"start":{"line":145,"column":9},"end":{"line":159,"column":5}},"75":{"start":{"line":147,"column":8},"end":{"line":149,"column":9}},"76":{"start":{"line":148,"column":12},"end":{"line":148,"column":121}},"77":{"start":{"line":153,"column":8},"end":{"line":158,"column":9}},"78":{"start":{"line":154,"column":12},"end":{"line":154,"column":32}},"79":{"start":{"line":157,"column":12},"end":{"line":157,"column":163}},"80":{"start":{"line":160,"column":4},"end":{"line":160,"column":65}},"81":{"start":{"line":164,"column":4},"end":{"line":181,"column":5}},"82":{"start":{"line":165,"column":23},"end":{"line":165,"column":40}},"83":{"start":{"line":166,"column":8},"end":{"line":177,"column":9}},"84":{"start":{"line":167,"column":12},"end":{"line":169,"column":13}},"85":{"start":{"line":168,"column":16},"end":{"line":168,"column":155}},"86":{"start":{"line":170,"column":12},"end":{"line":170,"column":25}},"87":{"start":{"line":172,"column":13},"end":{"line":177,"column":9}},"88":{"start":{"line":173,"column":12},"end":{"line":173,"column":33}},"89":{"start":{"line":176,"column":12},"end":{"line":176,"column":138}},"90":{"start":{"line":180,"column":8},"end":{"line":180,"column":132}},"91":{"start":{"line":182,"column":4},"end":{"line":193,"column":5}},"92":{"start":{"line":183,"column":8},"end":{"line":185,"column":9}},"93":{"start":{"line":184,"column":12},"end":{"line":184,"column":168}},"94":{"start":{"line":187,"column":9},"end":{"line":193,"column":5}},"95":{"start":{"line":188,"column":20},"end":{"line":188,"column":63}},"96":{"start":{"line":189,"column":20},"end":{"line":189,"column":55}},"97":{"start":{"line":190,"column":8},"end":{"line":192,"column":9}},"98":{"start":{"line":191,"column":12},"end":{"line":191,"column":137}},"99":{"start":{"line":194,"column":4},"end":{"line":194,"column":49}},"100":{"start":{"line":198,"column":4},"end":{"line":215,"column":5}},"101":{"start":{"line":199,"column":23},"end":{"line":199,"column":40}},"102":{"start":{"line":200,"column":8},"end":{"line":211,"column":9}},"103":{"start":{"line":201,"column":12},"end":{"line":203,"column":13}},"104":{"start":{"line":202,"column":16},"end":{"line":202,"column":141}},"105":{"start":{"line":204,"column":12},"end":{"line":204,"column":25}},"106":{"start":{"line":206,"column":13},"end":{"line":211,"column":9}},"107":{"start":{"line":207,"column":12},"end":{"line":207,"column":33}},"108":{"start":{"line":210,"column":12},"end":{"line":210,"column":137}},"109":{"start":{"line":214,"column":8},"end":{"line":214,"column":132}},"110":{"start":{"line":216,"column":4},"end":{"line":228,"column":5}},"111":{"start":{"line":217,"column":18},"end":{"line":217,"column":61}},"112":{"start":{"line":218,"column":8},"end":{"line":220,"column":9}},"113":{"start":{"line":219,"column":12},"end":{"line":219,"column":146}},"114":{"start":{"line":222,"column":9},"end":{"line":228,"column":5}},"115":{"start":{"line":223,"column":20},"end":{"line":223,"column":63}},"116":{"start":{"line":224,"column":27},"end":{"line":224,"column":85}},"117":{"start":{"line":225,"column":8},"end":{"line":227,"column":9}},"118":{"start":{"line":226,"column":12},"end":{"line":226,"column":130}},"119":{"start":{"line":229,"column":4},"end":{"line":229,"column":49}}},"fnMap":{"0":{"name":"validateAddress","decl":{"start":{"line":33,"column":9},"end":{"line":33,"column":24}},"loc":{"start":{"line":33,"column":32},"end":{"line":53,"column":1}},"line":33},"1":{"name":"validateFunctionName","decl":{"start":{"line":58,"column":9},"end":{"line":58,"column":29}},"loc":{"start":{"line":58,"column":37},"end":{"line":73,"column":1}},"line":58},"2":{"name":"validateRequired","decl":{"start":{"line":77,"column":9},"end":{"line":77,"column":25}},"loc":{"start":{"line":77,"column":44},"end":{"line":86,"column":1}},"line":77},"3":{"name":"normalizeSorobanType","decl":{"start":{"line":90,"column":9},"end":{"line":90,"column":29}},"loc":{"start":{"line":90,"column":39},"end":{"line":98,"column":1}},"line":90},"4":{"name":"validateSorobanType","decl":{"start":{"line":102,"column":9},"end":{"line":102,"column":28}},"loc":{"start":{"line":102,"column":56},"end":{"line":161,"column":1}},"line":102},"5":{"name":"(anonymous_5)","decl":{"start":{"line":115,"column":38},"end":{"line":115,"column":39}},"loc":{"start":{"line":115,"column":45},"end":{"line":115,"column":73}},"line":115},"6":{"name":"validateUnsignedInteger","decl":{"start":{"line":162,"column":9},"end":{"line":162,"column":32}},"loc":{"start":{"line":162,"column":53},"end":{"line":195,"column":1}},"line":162},"7":{"name":"validateSignedInteger","decl":{"start":{"line":196,"column":9},"end":{"line":196,"column":30}},"loc":{"start":{"line":196,"column":51},"end":{"line":230,"column":1}},"line":196}},"branchMap":{"0":{"loc":{"start":{"line":34,"column":4},"end":{"line":36,"column":5}},"type":"if","locations":[{"start":{"line":34,"column":4},"end":{"line":36,"column":5}},{"start":{},"end":{}}],"line":34},"1":{"loc":{"start":{"line":34,"column":8},"end":{"line":34,"column":45}},"type":"binary-expr","locations":[{"start":{"line":34,"column":8},"end":{"line":34,"column":27}},{"start":{"line":34,"column":31},"end":{"line":34,"column":45}}],"line":34},"2":{"loc":{"start":{"line":38,"column":4},"end":{"line":40,"column":5}},"type":"if","locations":[{"start":{"line":38,"column":4},"end":{"line":40,"column":5}},{"start":{},"end":{}}],"line":38},"3":{"loc":{"start":{"line":42,"column":4},"end":{"line":51,"column":5}},"type":"if","locations":[{"start":{"line":42,"column":4},"end":{"line":51,"column":5}},{"start":{},"end":{}}],"line":42},"4":{"loc":{"start":{"line":44,"column":8},"end":{"line":50,"column":9}},"type":"if","locations":[{"start":{"line":44,"column":8},"end":{"line":50,"column":9}},{"start":{},"end":{}}],"line":44},"5":{"loc":{"start":{"line":59,"column":4},"end":{"line":61,"column":5}},"type":"if","locations":[{"start":{"line":59,"column":4},"end":{"line":61,"column":5}},{"start":{},"end":{}}],"line":59},"6":{"loc":{"start":{"line":59,"column":8},"end":{"line":59,"column":45}},"type":"binary-expr","locations":[{"start":{"line":59,"column":8},"end":{"line":59,"column":27}},{"start":{"line":59,"column":31},"end":{"line":59,"column":45}}],"line":59},"7":{"loc":{"start":{"line":63,"column":4},"end":{"line":65,"column":5}},"type":"if","locations":[{"start":{"line":63,"column":4},"end":{"line":65,"column":5}},{"start":{},"end":{}}],"line":63},"8":{"loc":{"start":{"line":66,"column":4},"end":{"line":71,"column":5}},"type":"if","locations":[{"start":{"line":66,"column":4},"end":{"line":71,"column":5}},{"start":{},"end":{}}],"line":66},"9":{"loc":{"start":{"line":78,"column":4},"end":{"line":80,"column":5}},"type":"if","locations":[{"start":{"line":78,"column":4},"end":{"line":80,"column":5}},{"start":{},"end":{}}],"line":78},"10":{"loc":{"start":{"line":78,"column":8},"end":{"line":78,"column":45}},"type":"binary-expr","locations":[{"start":{"line":78,"column":8},"end":{"line":78,"column":27}},{"start":{"line":78,"column":31},"end":{"line":78,"column":45}}],"line":78},"11":{"loc":{"start":{"line":82,"column":4},"end":{"line":84,"column":5}},"type":"if","locations":[{"start":{"line":82,"column":4},"end":{"line":84,"column":5}},{"start":{},"end":{}}],"line":82},"12":{"loc":{"start":{"line":91,"column":4},"end":{"line":92,"column":18}},"type":"if","locations":[{"start":{"line":91,"column":4},"end":{"line":92,"column":18}},{"start":{},"end":{}}],"line":91},"13":{"loc":{"start":{"line":91,"column":8},"end":{"line":91,"column":47}},"type":"binary-expr","locations":[{"start":{"line":91,"column":8},"end":{"line":91,"column":16}},{"start":{"line":91,"column":20},"end":{"line":91,"column":47}}],"line":91},"14":{"loc":{"start":{"line":95,"column":4},"end":{"line":96,"column":24}},"type":"if","locations":[{"start":{"line":95,"column":4},"end":{"line":96,"column":24}},{"start":{},"end":{}}],"line":95},"15":{"loc":{"start":{"line":104,"column":18},"end":{"line":104,"column":42}},"type":"binary-expr","locations":[{"start":{"line":104,"column":18},"end":{"line":104,"column":27}},{"start":{"line":104,"column":31},"end":{"line":104,"column":42}}],"line":104},"16":{"loc":{"start":{"line":105,"column":20},"end":{"line":105,"column":85}},"type":"cond-expr","locations":[{"start":{"line":105,"column":60},"end":{"line":105,"column":62}},{"start":{"line":105,"column":65},"end":{"line":105,"column":85}}],"line":105},"17":{"loc":{"start":{"line":105,"column":20},"end":{"line":105,"column":57}},"type":"binary-expr","locations":[{"start":{"line":105,"column":20},"end":{"line":105,"column":39}},{"start":{"line":105,"column":43},"end":{"line":105,"column":57}}],"line":105},"18":{"loc":{"start":{"line":108,"column":4},"end":{"line":110,"column":5}},"type":"if","locations":[{"start":{"line":108,"column":4},"end":{"line":110,"column":5}},{"start":{},"end":{}}],"line":108},"19":{"loc":{"start":{"line":112,"column":4},"end":{"line":159,"column":5}},"type":"if","locations":[{"start":{"line":112,"column":4},"end":{"line":159,"column":5}},{"start":{"line":119,"column":9},"end":{"line":159,"column":5}}],"line":112},"20":{"loc":{"start":{"line":114,"column":8},"end":{"line":116,"column":9}},"type":"if","locations":[{"start":{"line":114,"column":8},"end":{"line":116,"column":9}},{"start":{},"end":{}}],"line":114},"21":{"loc":{"start":{"line":119,"column":9},"end":{"line":159,"column":5}},"type":"if","locations":[{"start":{"line":119,"column":9},"end":{"line":159,"column":5}},{"start":{"line":126,"column":9},"end":{"line":159,"column":5}}],"line":119},"22":{"loc":{"start":{"line":119,"column":13},"end":{"line":119,"column":64}},"type":"binary-expr","locations":[{"start":{"line":119,"column":13},"end":{"line":119,"column":27}},{"start":{"line":119,"column":31},"end":{"line":119,"column":45}},{"start":{"line":119,"column":49},"end":{"line":119,"column":64}}],"line":119},"23":{"loc":{"start":{"line":121,"column":8},"end":{"line":123,"column":9}},"type":"if","locations":[{"start":{"line":121,"column":8},"end":{"line":123,"column":9}},{"start":{},"end":{}}],"line":121},"24":{"loc":{"start":{"line":126,"column":9},"end":{"line":159,"column":5}},"type":"if","locations":[{"start":{"line":126,"column":9},"end":{"line":159,"column":5}},{"start":{"line":133,"column":9},"end":{"line":159,"column":5}}],"line":126},"25":{"loc":{"start":{"line":126,"column":13},"end":{"line":126,"column":64}},"type":"binary-expr","locations":[{"start":{"line":126,"column":13},"end":{"line":126,"column":27}},{"start":{"line":126,"column":31},"end":{"line":126,"column":45}},{"start":{"line":126,"column":49},"end":{"line":126,"column":64}}],"line":126},"26":{"loc":{"start":{"line":128,"column":8},"end":{"line":130,"column":9}},"type":"if","locations":[{"start":{"line":128,"column":8},"end":{"line":130,"column":9}},{"start":{},"end":{}}],"line":128},"27":{"loc":{"start":{"line":133,"column":9},"end":{"line":159,"column":5}},"type":"if","locations":[{"start":{"line":133,"column":9},"end":{"line":159,"column":5}},{"start":{"line":145,"column":9},"end":{"line":159,"column":5}}],"line":133},"28":{"loc":{"start":{"line":133,"column":13},"end":{"line":133,"column":50}},"type":"binary-expr","locations":[{"start":{"line":133,"column":13},"end":{"line":133,"column":28}},{"start":{"line":133,"column":32},"end":{"line":133,"column":50}}],"line":133},"29":{"loc":{"start":{"line":136,"column":12},"end":{"line":138,"column":13}},"type":"if","locations":[{"start":{"line":136,"column":12},"end":{"line":138,"column":13}},{"start":{},"end":{}}],"line":136},"30":{"loc":{"start":{"line":145,"column":9},"end":{"line":159,"column":5}},"type":"if","locations":[{"start":{"line":145,"column":9},"end":{"line":159,"column":5}},{"start":{"line":152,"column":9},"end":{"line":159,"column":5}}],"line":145},"31":{"loc":{"start":{"line":145,"column":13},"end":{"line":145,"column":51}},"type":"binary-expr","locations":[{"start":{"line":145,"column":13},"end":{"line":145,"column":30}},{"start":{"line":145,"column":34},"end":{"line":145,"column":51}}],"line":145},"32":{"loc":{"start":{"line":147,"column":8},"end":{"line":149,"column":9}},"type":"if","locations":[{"start":{"line":147,"column":8},"end":{"line":149,"column":9}},{"start":{},"end":{}}],"line":147},"33":{"loc":{"start":{"line":147,"column":12},"end":{"line":147,"column":53}},"type":"binary-expr","locations":[{"start":{"line":147,"column":12},"end":{"line":147,"column":29}},{"start":{"line":147,"column":33},"end":{"line":147,"column":53}}],"line":147},"34":{"loc":{"start":{"line":157,"column":106},"end":{"line":157,"column":123}},"type":"binary-expr","locations":[{"start":{"line":157,"column":106},"end":{"line":157,"column":110}},{"start":{"line":157,"column":114},"end":{"line":157,"column":123}}],"line":157},"35":{"loc":{"start":{"line":166,"column":8},"end":{"line":177,"column":9}},"type":"if","locations":[{"start":{"line":166,"column":8},"end":{"line":177,"column":9}},{"start":{"line":172,"column":13},"end":{"line":177,"column":9}}],"line":166},"36":{"loc":{"start":{"line":167,"column":12},"end":{"line":169,"column":13}},"type":"if","locations":[{"start":{"line":167,"column":12},"end":{"line":169,"column":13}},{"start":{},"end":{}}],"line":167},"37":{"loc":{"start":{"line":167,"column":16},"end":{"line":167,"column":55}},"type":"binary-expr","locations":[{"start":{"line":167,"column":16},"end":{"line":167,"column":41}},{"start":{"line":167,"column":45},"end":{"line":167,"column":55}}],"line":167},"38":{"loc":{"start":{"line":172,"column":13},"end":{"line":177,"column":9}},"type":"if","locations":[{"start":{"line":172,"column":13},"end":{"line":177,"column":9}},{"start":{"line":175,"column":13},"end":{"line":177,"column":9}}],"line":172},"39":{"loc":{"start":{"line":172,"column":17},"end":{"line":172,"column":67}},"type":"binary-expr","locations":[{"start":{"line":172,"column":17},"end":{"line":172,"column":43}},{"start":{"line":172,"column":47},"end":{"line":172,"column":67}}],"line":172},"40":{"loc":{"start":{"line":182,"column":4},"end":{"line":193,"column":5}},"type":"if","locations":[{"start":{"line":182,"column":4},"end":{"line":193,"column":5}},{"start":{"line":187,"column":9},"end":{"line":193,"column":5}}],"line":182},"41":{"loc":{"start":{"line":183,"column":8},"end":{"line":185,"column":9}},"type":"if","locations":[{"start":{"line":183,"column":8},"end":{"line":185,"column":9}},{"start":{},"end":{}}],"line":183},"42":{"loc":{"start":{"line":183,"column":13},"end":{"line":183,"column":56}},"type":"cond-expr","locations":[{"start":{"line":183,"column":39},"end":{"line":183,"column":42}},{"start":{"line":183,"column":45},"end":{"line":183,"column":56}}],"line":183},"43":{"loc":{"start":{"line":187,"column":9},"end":{"line":193,"column":5}},"type":"if","locations":[{"start":{"line":187,"column":9},"end":{"line":193,"column":5}},{"start":{},"end":{}}],"line":187},"44":{"loc":{"start":{"line":187,"column":13},"end":{"line":187,"column":46}},"type":"binary-expr","locations":[{"start":{"line":187,"column":13},"end":{"line":187,"column":27}},{"start":{"line":187,"column":31},"end":{"line":187,"column":46}}],"line":187},"45":{"loc":{"start":{"line":188,"column":20},"end":{"line":188,"column":63}},"type":"cond-expr","locations":[{"start":{"line":188,"column":46},"end":{"line":188,"column":49}},{"start":{"line":188,"column":52},"end":{"line":188,"column":63}}],"line":188},"46":{"loc":{"start":{"line":189,"column":20},"end":{"line":189,"column":55}},"type":"cond-expr","locations":[{"start":{"line":189,"column":37},"end":{"line":189,"column":44}},{"start":{"line":189,"column":47},"end":{"line":189,"column":55}}],"line":189},"47":{"loc":{"start":{"line":190,"column":8},"end":{"line":192,"column":9}},"type":"if","locations":[{"start":{"line":190,"column":8},"end":{"line":192,"column":9}},{"start":{},"end":{}}],"line":190},"48":{"loc":{"start":{"line":190,"column":12},"end":{"line":190,"column":33}},"type":"binary-expr","locations":[{"start":{"line":190,"column":12},"end":{"line":190,"column":20}},{"start":{"line":190,"column":24},"end":{"line":190,"column":33}}],"line":190},"49":{"loc":{"start":{"line":200,"column":8},"end":{"line":211,"column":9}},"type":"if","locations":[{"start":{"line":200,"column":8},"end":{"line":211,"column":9}},{"start":{"line":206,"column":13},"end":{"line":211,"column":9}}],"line":200},"50":{"loc":{"start":{"line":201,"column":12},"end":{"line":203,"column":13}},"type":"if","locations":[{"start":{"line":201,"column":12},"end":{"line":203,"column":13}},{"start":{},"end":{}}],"line":201},"51":{"loc":{"start":{"line":206,"column":13},"end":{"line":211,"column":9}},"type":"if","locations":[{"start":{"line":206,"column":13},"end":{"line":211,"column":9}},{"start":{"line":209,"column":13},"end":{"line":211,"column":9}}],"line":206},"52":{"loc":{"start":{"line":206,"column":17},"end":{"line":206,"column":69}},"type":"binary-expr","locations":[{"start":{"line":206,"column":17},"end":{"line":206,"column":43}},{"start":{"line":206,"column":47},"end":{"line":206,"column":69}}],"line":206},"53":{"loc":{"start":{"line":216,"column":4},"end":{"line":228,"column":5}},"type":"if","locations":[{"start":{"line":216,"column":4},"end":{"line":228,"column":5}},{"start":{"line":222,"column":9},"end":{"line":228,"column":5}}],"line":216},"54":{"loc":{"start":{"line":217,"column":18},"end":{"line":217,"column":61}},"type":"cond-expr","locations":[{"start":{"line":217,"column":44},"end":{"line":217,"column":47}},{"start":{"line":217,"column":50},"end":{"line":217,"column":61}}],"line":217},"55":{"loc":{"start":{"line":218,"column":8},"end":{"line":220,"column":9}},"type":"if","locations":[{"start":{"line":218,"column":8},"end":{"line":220,"column":9}},{"start":{},"end":{}}],"line":218},"56":{"loc":{"start":{"line":218,"column":12},"end":{"line":218,"column":38}},"type":"binary-expr","locations":[{"start":{"line":218,"column":12},"end":{"line":218,"column":23}},{"start":{"line":218,"column":27},"end":{"line":218,"column":38}}],"line":218},"57":{"loc":{"start":{"line":222,"column":9},"end":{"line":228,"column":5}},"type":"if","locations":[{"start":{"line":222,"column":9},"end":{"line":228,"column":5}},{"start":{},"end":{}}],"line":222},"58":{"loc":{"start":{"line":222,"column":13},"end":{"line":222,"column":46}},"type":"binary-expr","locations":[{"start":{"line":222,"column":13},"end":{"line":222,"column":27}},{"start":{"line":222,"column":31},"end":{"line":222,"column":46}}],"line":222},"59":{"loc":{"start":{"line":223,"column":20},"end":{"line":223,"column":63}},"type":"cond-expr","locations":[{"start":{"line":223,"column":46},"end":{"line":223,"column":49}},{"start":{"line":223,"column":52},"end":{"line":223,"column":63}}],"line":223},"60":{"loc":{"start":{"line":224,"column":27},"end":{"line":224,"column":85}},"type":"cond-expr","locations":[{"start":{"line":224,"column":44},"end":{"line":224,"column":62}},{"start":{"line":224,"column":65},"end":{"line":224,"column":85}}],"line":224},"61":{"loc":{"start":{"line":225,"column":8},"end":{"line":227,"column":9}},"type":"if","locations":[{"start":{"line":225,"column":8},"end":{"line":227,"column":9}},{"start":{},"end":{}}],"line":225},"62":{"loc":{"start":{"line":225,"column":12},"end":{"line":225,"column":34}},"type":"binary-expr","locations":[{"start":{"line":225,"column":12},"end":{"line":225,"column":21}},{"start":{"line":225,"column":25},"end":{"line":225,"column":34}}],"line":225}},"s":{"0":1,"1":1,"2":1,"3":1,"4":1,"5":1,"6":1,"7":1,"8":1,"9":1,"10":1,"11":1,"12":1,"13":1,"14":1,"15":1,"16":1,"17":1,"18":13,"19":2,"20":11,"21":11,"22":2,"23":9,"24":9,"25":3,"26":3,"27":6,"28":8,"29":0,"30":8,"31":8,"32":2,"33":6,"34":2,"35":4,"36":10,"37":0,"38":10,"39":10,"40":4,"41":6,"42":12,"43":0,"44":12,"45":12,"46":12,"47":0,"48":12,"49":12,"50":12,"51":12,"52":12,"53":12,"54":1,"55":11,"56":2,"57":2,"58":0,"59":0,"60":9,"61":6,"62":6,"63":2,"64":3,"65":0,"66":0,"67":0,"68":3,"69":3,"70":3,"71":2,"72":0,"73":1,"74":0,"75":0,"76":0,"77":0,"78":0,"79":0,"80":11,"81":6,"82":6,"83":5,"84":5,"85":0,"86":5,"87":0,"88":0,"89":0,"90":1,"91":5,"92":5,"93":1,"94":0,"95":0,"96":0,"97":0,"98":0,"99":4,"100":0,"101":0,"102":0,"103":0,"104":0,"105":0,"106":0,"107":0,"108":0,"109":0,"110":0,"111":0,"112":0,"113":0,"114":0,"115":0,"116":0,"117":0,"118":0,"119":0},"f":{"0":13,"1":8,"2":10,"3":12,"4":12,"5":0,"6":6,"7":0},"b":{"0":[2,11],"1":[13,12],"2":[2,9],"3":[3,6],"4":[3,0],"5":[0,8],"6":[8,8],"7":[2,6],"8":[2,4],"9":[0,10],"10":[10,10],"11":[4,6],"12":[0,12],"13":[12,12],"14":[0,12],"15":[12,0],"16":[0,12],"17":[12,12],"18":[1,11],"19":[2,9],"20":[0,2],"21":[6,3],"22":[9,3,3],"23":[2,4],"24":[0,3],"25":[3,3,3],"26":[0,0],"27":[3,0],"28":[3,0],"29":[0,2],"30":[0,0],"31":[0,0],"32":[0,0],"33":[0,0],"34":[0,0],"35":[5,0],"36":[0,5],"37":[5,5],"38":[0,0],"39":[0,0],"40":[5,0],"41":[1,4],"42":[5,0],"43":[0,0],"44":[0,0],"45":[0,0],"46":[0,0],"47":[0,0],"48":[0,0],"49":[0,0],"50":[0,0],"51":[0,0],"52":[0,0],"53":[0,0],"54":[0,0],"55":[0,0],"56":[0,0],"57":[0,0],"58":[0,0],"59":[0,0],"60":[0,0],"61":[0,0],"62":[0,0]},"inputSourceMap":{"version":3,"file":"/home/danielakinsanya/stellar-suite/src/utils/validators/typeValidators.ts","sources":["/home/danielakinsanya/stellar-suite/src/utils/validators/typeValidators.ts"],"names":[],"mappings":";AAAA;;;GAGG;;AAoCH,0CAoBC;AAMD,oDAeC;AAKD,4CASC;AAgBD,kDA6DC;AArKD,yDAK4B;AAE5B,2EAA2E;AAC3E,MAAM,iBAAiB,GAAG,iBAAiB,CAAC;AAE5C,0FAA0F;AAC1F,MAAM,wBAAwB,GAAG,iBAAiB,CAAC;AAEnD,mEAAmE;AACnE,MAAM,mBAAmB,GAAG,0BAA0B,CAAC;AAEvD,kDAAkD;AAClD,MAAM,OAAO,GAAG,CAAC,IAAI,EAAE,GAAG,CAAC,CAAC;AAC5B,MAAM,OAAO,GAAG,MAAM,CAAC,sBAAsB,CAAC,CAAC;AAC/C,MAAM,QAAQ,GAAG,MAAM,CAAC,yCAAyC,CAAC,CAAC;AAEnE,oCAAoC;AACpC,MAAM,OAAO,GAAG,CAAC,CAAC,CAAC,IAAI,EAAE,CAAC,CAAC;AAC3B,MAAM,OAAO,GAAG,CAAC,IAAI,EAAE,GAAG,CAAC,CAAC;AAC5B,MAAM,OAAO,GAAG,MAAM,CAAC,sBAAsB,CAAC,CAAC;AAC/C,MAAM,OAAO,GAAG,MAAM,CAAC,qBAAqB,CAAC,CAAC;AAC9C,MAAM,QAAQ,GAAG,MAAM,CAAC,0CAA0C,CAAC,CAAC;AACpE,MAAM,QAAQ,GAAG,MAAM,CAAC,yCAAyC,CAAC,CAAC;AAEnE;;;GAGG;AACH,SAAgB,eAAe,CAAC,KAAa;IACzC,IAAI,KAAK,KAAK,SAAS,IAAI,KAAK,KAAK,IAAI,EAAE,CAAC;QACxC,OAAO,IAAA,gCAAa,EAAC,eAAe,EAAE,qBAAqB,EAAE,EAAE,KAAK,EAAE,SAAS,EAAE,CAAC,CAAC;IACvF,CAAC;IACD,MAAM,OAAO,GAAG,MAAM,CAAC,KAAK,CAAC,CAAC,IAAI,EAAE,CAAC;IACrC,IAAI,OAAO,CAAC,MAAM,KAAK,CAAC,EAAE,CAAC;QACvB,OAAO,IAAA,gCAAa,EAAC,eAAe,EAAE,qBAAqB,EAAE,EAAE,KAAK,EAAE,SAAS,EAAE,CAAC,CAAC;IACvF,CAAC;IACD,MAAM,UAAU,GAAG,OAAO,CAAC,WAAW,EAAE,CAAC;IACzC,IAAI,CAAC,iBAAiB,CAAC,IAAI,CAAC,UAAU,CAAC,EAAE,CAAC;QACtC,oCAAoC;QACpC,IAAI,CAAC,wBAAwB,CAAC,IAAI,CAAC,UAAU,CAAC,EAAE,CAAC;YAC7C,OAAO,IAAA,gCAAa,EAAC,wBAAwB,EAAE,uEAAuE,EAAE;gBACpH,KAAK,EAAE,SAAS;gBAChB,aAAa,EAAE,OAAO;gBACtB,aAAa,EAAE,eAAe;aACjC,CAAC,CAAC;QACP,CAAC;IACL,CAAC;IACD,OAAO,IAAA,8BAAW,GAAE,CAAC;AACzB,CAAC;AAED;;;GAGG;AACH,SAAgB,oBAAoB,CAAC,KAAa;IAC9C,IAAI,KAAK,KAAK,SAAS,IAAI,KAAK,KAAK,IAAI,EAAE,CAAC;QACxC,OAAO,IAAA,gCAAa,EAAC,eAAe,EAAE,2BAA2B,EAAE,EAAE,KAAK,EAAE,cAAc,EAAE,CAAC,CAAC;IAClG,CAAC;IACD,MAAM,OAAO,GAAG,MAAM,CAAC,KAAK,CAAC,CAAC,IAAI,EAAE,CAAC;IACrC,IAAI,OAAO,CAAC,MAAM,KAAK,CAAC,EAAE,CAAC;QACvB,OAAO,IAAA,gCAAa,EAAC,eAAe,EAAE,2BAA2B,EAAE,EAAE,KAAK,EAAE,cAAc,EAAE,CAAC,CAAC;IAClG,CAAC;IACD,IAAI,CAAC,mBAAmB,CAAC,IAAI,CAAC,OAAO,CAAC,EAAE,CAAC;QACrC,OAAO,IAAA,gCAAa,EAAC,uBAAuB,EAAE,yGAAyG,EAAE;YACrJ,KAAK,EAAE,cAAc;YACrB,aAAa,EAAE,OAAO;SACzB,CAAC,CAAC;IACP,CAAC;IACD,OAAO,IAAA,8BAAW,GAAE,CAAC;AACzB,CAAC;AAED;;GAEG;AACH,SAAgB,gBAAgB,CAAC,KAAgC,EAAE,SAAiB;IAChF,IAAI,KAAK,KAAK,SAAS,IAAI,KAAK,KAAK,IAAI,EAAE,CAAC;QACxC,OAAO,IAAA,gCAAa,EAAC,kBAAkB,EAAE,GAAG,SAAS,cAAc,EAAE,EAAE,KAAK,EAAE,SAAS,EAAE,CAAC,CAAC;IAC/F,CAAC;IACD,MAAM,OAAO,GAAG,MAAM,CAAC,KAAK,CAAC,CAAC,IAAI,EAAE,CAAC;IACrC,IAAI,OAAO,CAAC,MAAM,KAAK,CAAC,EAAE,CAAC;QACvB,OAAO,IAAA,gCAAa,EAAC,kBAAkB,EAAE,GAAG,SAAS,cAAc,EAAE,EAAE,KAAK,EAAE,SAAS,EAAE,CAAC,CAAC;IAC/F,CAAC;IACD,OAAO,IAAA,8BAAW,GAAE,CAAC;AACzB,CAAC;AAED;;GAEG;AACH,SAAS,oBAAoB,CAAC,OAAe;IACzC,IAAI,CAAC,OAAO,IAAI,OAAO,OAAO,KAAK,QAAQ;QAAE,OAAO,EAAE,CAAC;IACvD,MAAM,CAAC,GAAG,OAAO,CAAC,IAAI,EAAE,CAAC,WAAW,EAAE,CAAC;IACvC,MAAM,KAAK,GAAG,CAAC,CAAC,KAAK,CAAC,WAAW,CAAC,CAAC;IACnC,IAAI,KAAK;QAAE,OAAO,KAAK,CAAC,CAAC,CAAC,CAAC;IAC3B,OAAO,CAAC,CAAC;AACb,CAAC;AAED;;GAEG;AACH,SAAgB,mBAAmB,CAAC,KAAa,EAAE,OAAe,EAAE,SAAkB;IAClF,MAAM,MAAM,GAA0D,EAAE,CAAC;IACzE,MAAM,KAAK,GAAG,SAAS,IAAI,WAAW,CAAC;IACvC,MAAM,OAAO,GAAG,KAAK,KAAK,SAAS,IAAI,KAAK,KAAK,IAAI,CAAC,CAAC,CAAC,EAAE,CAAC,CAAC,CAAC,MAAM,CAAC,KAAK,CAAC,CAAC,IAAI,EAAE,CAAC;IAElF,MAAM,IAAI,GAAG,oBAAoB,CAAC,OAAO,CAAC,CAAC;IAE3C,uBAAuB;IACvB,IAAI,OAAO,CAAC,MAAM,KAAK,CAAC,EAAE,CAAC;QACvB,OAAO,IAAA,8BAAW,GAAE,CAAC;IACzB,CAAC;IAED,UAAU;IACV,IAAI,IAAI,KAAK,SAAS,EAAE,CAAC;QACrB,MAAM,UAAU,GAAG,eAAe,CAAC,OAAO,CAAC,CAAC;QAC5C,IAAI,CAAC,UAAU,CAAC,KAAK,EAAE,CAAC;YACpB,UAAU,CAAC,MAAM,CAAC,OAAO,CAAC,CAAC,CAAC,EAAE,EAAE,CAAC,MAAM,CAAC,IAAI,CAAC,EAAE,GAAG,CAAC,EAAE,KAAK,EAAE,CAAC,CAAC,CAAC;QACnE,CAAC;IACL,CAAC;IACD,oBAAoB;SACf,IAAI,IAAI,KAAK,KAAK,IAAI,IAAI,KAAK,KAAK,IAAI,IAAI,KAAK,MAAM,EAAE,CAAC;QAC3D,MAAM,SAAS,GAAG,uBAAuB,CAAC,OAAO,EAAE,IAAI,EAAE,KAAK,CAAC,CAAC;QAChE,IAAI,CAAC,SAAS,CAAC,KAAK,EAAE,CAAC;YACnB,MAAM,CAAC,IAAI,CAAC,GAAG,SAAS,CAAC,MAAM,CAAC,CAAC;QACrC,CAAC;IACL,CAAC;IACD,kBAAkB;SACb,IAAI,IAAI,KAAK,KAAK,IAAI,IAAI,KAAK,KAAK,IAAI,IAAI,KAAK,MAAM,EAAE,CAAC;QAC3D,MAAM,SAAS,GAAG,qBAAqB,CAAC,OAAO,EAAE,IAAI,EAAE,KAAK,CAAC,CAAC;QAC9D,IAAI,CAAC,SAAS,CAAC,KAAK,EAAE,CAAC;YACnB,MAAM,CAAC,IAAI,CAAC,GAAG,SAAS,CAAC,MAAM,CAAC,CAAC;QACrC,CAAC;IACL,CAAC;IACD,OAAO;SACF,IAAI,IAAI,KAAK,MAAM,IAAI,IAAI,KAAK,SAAS,EAAE,CAAC;QAC7C,IAAI,CAAC;YACD,MAAM,MAAM,GAAG,IAAI,CAAC,KAAK,CAAC,OAAO,CAAC,CAAC;YACnC,IAAI,OAAO,MAAM,KAAK,SAAS,EAAE,CAAC;gBAC9B,MAAM,CAAC,IAAI,CAAC,IAAA,mCAAgB,EAAC,cAAc,EAAE,kCAAkC,EAAE,EAAE,KAAK,EAAE,aAAa,EAAE,OAAO,EAAE,CAAC,CAAC,CAAC;YACzH,CAAC;QACL,CAAC;QAAC,MAAM,CAAC;YACL,MAAM,CAAC,IAAI,CAAC,IAAA,mCAAgB,EAAC,cAAc,EAAE,6CAA6C,EAAE,EAAE,KAAK,EAAE,aAAa,EAAE,OAAO,EAAE,CAAC,CAAC,CAAC;QACpI,CAAC;IACL,CAAC;IACD,iBAAiB;SACZ,IAAI,IAAI,KAAK,QAAQ,IAAI,IAAI,KAAK,QAAQ,EAAE,CAAC;QAC9C,mEAAmE;QACnE,IAAI,IAAI,KAAK,QAAQ,IAAI,OAAO,CAAC,MAAM,KAAK,CAAC,EAAE,CAAC;YAC5C,MAAM,CAAC,IAAI,CAAC,IAAA,mCAAgB,EAAC,gBAAgB,EAAE,wBAAwB,EAAE,EAAE,KAAK,EAAE,CAAC,CAAC,CAAC;QACzF,CAAC;IACL,CAAC;IACD,oDAAoD;SAC/C,CAAC;QACF,IAAI,CAAC;YACD,IAAI,CAAC,KAAK,CAAC,OAAO,CAAC,CAAC;QACxB,CAAC;QAAC,MAAM,CAAC;YACL,MAAM,CAAC,IAAI,CAAC,IAAA,mCAAgB,EAAC,cAAc,EAAE,yBAAyB,IAAI,IAAI,SAAS,EAAE,EAAE,EAAE,KAAK,EAAE,aAAa,EAAE,OAAO,EAAE,CAAC,CAAC,CAAC;QACnI,CAAC;IACL,CAAC;IAED,OAAO,IAAA,wCAAqB,EAAC,MAAM,CAAC,CAAC;AACzC,CAAC;AAED,SAAS,uBAAuB,CAAC,KAAa,EAAE,IAAY,EAAE,KAAa;IACvE,IAAI,GAAoB,CAAC;IACzB,IAAI,CAAC;QACD,MAAM,MAAM,GAAG,IAAI,CAAC,KAAK,CAAC,KAAK,CAAC,CAAC;QACjC,IAAI,OAAO,MAAM,KAAK,QAAQ,EAAE,CAAC;YAC7B,IAAI,CAAC,MAAM,CAAC,SAAS,CAAC,MAAM,CAAC,IAAI,MAAM,GAAG,CAAC,EAAE,CAAC;gBAC1C,OAAO,IAAA,gCAAa,EAAC,cAAc,EAAE,qCAAqC,IAAI,EAAE,EAAE,EAAE,KAAK,EAAE,aAAa,EAAE,KAAK,EAAE,CAAC,CAAC;YACvH,CAAC;YACD,GAAG,GAAG,MAAM,CAAC;QACjB,CAAC;aAAM,IAAI,OAAO,MAAM,KAAK,QAAQ,IAAI,OAAO,CAAC,IAAI,CAAC,MAAM,CAAC,EAAE,CAAC;YAC5D,GAAG,GAAG,MAAM,CAAC,MAAM,CAAC,CAAC;QACzB,CAAC;aAAM,CAAC;YACJ,OAAO,IAAA,gCAAa,EAAC,cAAc,EAAE,wBAAwB,IAAI,EAAE,EAAE,EAAE,KAAK,EAAE,aAAa,EAAE,KAAK,EAAE,CAAC,CAAC;QAC1G,CAAC;IACL,CAAC;IAAC,MAAM,CAAC;QACL,OAAO,IAAA,gCAAa,EAAC,cAAc,EAAE,sBAAsB,IAAI,EAAE,EAAE,EAAE,KAAK,EAAE,aAAa,EAAE,KAAK,EAAE,CAAC,CAAC;IACxG,CAAC;IAED,IAAI,IAAI,KAAK,KAAK,EAAE,CAAC;QACjB,IAAI,CAAC,OAAO,GAAG,KAAK,QAAQ,CAAC,CAAC,CAAC,GAAG,CAAC,CAAC,CAAC,MAAM,CAAC,GAAG,CAAC,CAAC,GAAG,OAAO,EAAE,CAAC;YAC1D,OAAO,IAAA,gCAAa,EAAC,cAAc,EAAE,oBAAoB,OAAO,EAAE,EAAE,EAAE,KAAK,EAAE,aAAa,EAAE,KAAK,EAAE,aAAa,EAAE,KAAK,OAAO,EAAE,EAAE,CAAC,CAAC;QACxI,CAAC;IACL,CAAC;SAAM,IAAI,IAAI,KAAK,KAAK,IAAI,IAAI,KAAK,MAAM,EAAE,CAAC;QAC3C,MAAM,GAAG,GAAG,OAAO,GAAG,KAAK,QAAQ,CAAC,CAAC,CAAC,GAAG,CAAC,CAAC,CAAC,MAAM,CAAC,GAAG,CAAC,CAAC;QACxD,MAAM,GAAG,GAAG,IAAI,KAAK,KAAK,CAAC,CAAC,CAAC,OAAO,CAAC,CAAC,CAAC,QAAQ,CAAC;QAChD,IAAI,GAAG,GAAG,EAAE,IAAI,GAAG,GAAG,GAAG,EAAE,CAAC;YACxB,OAAO,IAAA,gCAAa,EAAC,cAAc,EAAE,GAAG,IAAI,iBAAiB,GAAG,EAAE,EAAE,EAAE,KAAK,EAAE,aAAa,EAAE,KAAK,EAAE,CAAC,CAAC;QACzG,CAAC;IACL,CAAC;IAED,OAAO,IAAA,8BAAW,GAAE,CAAC;AACzB,CAAC;AAED,SAAS,qBAAqB,CAAC,KAAa,EAAE,IAAY,EAAE,KAAa;IACrE,IAAI,GAAoB,CAAC;IACzB,IAAI,CAAC;QACD,MAAM,MAAM,GAAG,IAAI,CAAC,KAAK,CAAC,KAAK,CAAC,CAAC;QACjC,IAAI,OAAO,MAAM,KAAK,QAAQ,EAAE,CAAC;YAC7B,IAAI,CAAC,MAAM,CAAC,SAAS,CAAC,MAAM,CAAC,EAAE,CAAC;gBAC5B,OAAO,IAAA,gCAAa,EAAC,aAAa,EAAE,wBAAwB,IAAI,EAAE,EAAE,EAAE,KAAK,EAAE,aAAa,EAAE,KAAK,EAAE,CAAC,CAAC;YACzG,CAAC;YACD,GAAG,GAAG,MAAM,CAAC;QACjB,CAAC;aAAM,IAAI,OAAO,MAAM,KAAK,QAAQ,IAAI,SAAS,CAAC,IAAI,CAAC,MAAM,CAAC,EAAE,CAAC;YAC9D,GAAG,GAAG,MAAM,CAAC,MAAM,CAAC,CAAC;QACzB,CAAC;aAAM,CAAC;YACJ,OAAO,IAAA,gCAAa,EAAC,aAAa,EAAE,wBAAwB,IAAI,EAAE,EAAE,EAAE,KAAK,EAAE,aAAa,EAAE,KAAK,EAAE,CAAC,CAAC;QACzG,CAAC;IACL,CAAC;IAAC,MAAM,CAAC;QACL,OAAO,IAAA,gCAAa,EAAC,cAAc,EAAE,sBAAsB,IAAI,EAAE,EAAE,EAAE,KAAK,EAAE,aAAa,EAAE,KAAK,EAAE,CAAC,CAAC;IACxG,CAAC;IAED,IAAI,IAAI,KAAK,KAAK,EAAE,CAAC;QACjB,MAAM,CAAC,GAAG,OAAO,GAAG,KAAK,QAAQ,CAAC,CAAC,CAAC,GAAG,CAAC,CAAC,CAAC,MAAM,CAAC,GAAG,CAAC,CAAC;QACtD,IAAI,CAAC,GAAG,OAAO,IAAI,CAAC,GAAG,OAAO,EAAE,CAAC;YAC7B,OAAO,IAAA,gCAAa,EAAC,cAAc,EAAE,eAAe,OAAO,OAAO,OAAO,EAAE,EAAE,EAAE,KAAK,EAAE,aAAa,EAAE,KAAK,EAAE,CAAC,CAAC;QAClH,CAAC;IACL,CAAC;SAAM,IAAI,IAAI,KAAK,KAAK,IAAI,IAAI,KAAK,MAAM,EAAE,CAAC;QAC3C,MAAM,GAAG,GAAG,OAAO,GAAG,KAAK,QAAQ,CAAC,CAAC,CAAC,GAAG,CAAC,CAAC,CAAC,MAAM,CAAC,GAAG,CAAC,CAAC;QACxD,MAAM,CAAC,GAAG,EAAE,GAAG,CAAC,GAAG,IAAI,KAAK,KAAK,CAAC,CAAC,CAAC,CAAC,OAAO,EAAE,OAAO,CAAC,CAAC,CAAC,CAAC,CAAC,QAAQ,EAAE,QAAQ,CAAC,CAAC;QAC9E,IAAI,GAAG,GAAG,GAAG,IAAI,GAAG,GAAG,GAAG,EAAE,CAAC;YACzB,OAAO,IAAA,gCAAa,EAAC,cAAc,EAAE,GAAG,IAAI,eAAe,EAAE,EAAE,KAAK,EAAE,aAAa,EAAE,KAAK,EAAE,CAAC,CAAC;QAClG,CAAC;IACL,CAAC;IAED,OAAO,IAAA,8BAAW,GAAE,CAAC;AACzB,CAAC","sourcesContent":["/**\n * Type validators for form inputs.\n * Validates Soroban/Stellar types: Address, u32, i128, String, Bool, Symbol, etc.\n */\n\nimport type { ValidationResult } from '../../types/cliValidation';\nimport {\n    createErrorIssue,\n    buildValidationResult,\n    validResult,\n    invalidResult,\n} from './validationResult';\n\n/** Stellar contract ID format: C followed by 55 base32 chars (A-Z, 2-7) */\nconst CONTRACT_ID_REGEX = /^C[A-Z2-7]{55}$/;\n\n/** Stellar contract ID format (legacy, more permissive): C followed by 55 alphanumeric */\nconst CONTRACT_ID_REGEX_LEGACY = /^C[A-Z0-9]{55}$/;\n\n/** Function name: identifier starting with letter or underscore */\nconst FUNCTION_NAME_REGEX = /^[a-zA-Z_][a-zA-Z0-9_]*$/;\n\n/** Soroban unsigned integer max values by type */\nconst U32_MAX = 2 ** 32 - 1;\nconst U64_MAX = BigInt('18446744073709551615');\nconst U128_MAX = BigInt('340282366920938463463374607431768211455');\n\n/** Soroban signed integer bounds */\nconst I32_MIN = -(2 ** 31);\nconst I32_MAX = 2 ** 31 - 1;\nconst I64_MIN = BigInt('-9223372036854775808');\nconst I64_MAX = BigInt('9223372036854775807');\nconst I128_MIN = BigInt('-170141183460469231731687303715884105728');\nconst I128_MAX = BigInt('170141183460469231731687303715884105727');\n\n/**\n * Validate Stellar contract ID (address format).\n * Uses strkey format: C followed by 55 base32 chars (A-Z, 2-7).\n */\nexport function validateAddress(value: string): ValidationResult {\n    if (value === undefined || value === null) {\n        return invalidResult('MISSING_VALUE', 'Address is required', { field: 'address' });\n    }\n    const trimmed = String(value).trim();\n    if (trimmed.length === 0) {\n        return invalidResult('MISSING_VALUE', 'Address is required', { field: 'address' });\n    }\n    const normalized = trimmed.toUpperCase();\n    if (!CONTRACT_ID_REGEX.test(normalized)) {\n        // Fallback: some inputs may use 0-9\n        if (!CONTRACT_ID_REGEX_LEGACY.test(normalized)) {\n            return invalidResult('INVALID_ADDRESS_FORMAT', 'Invalid contract ID format (should start with C and be 56 characters)', {\n                field: 'address',\n                receivedValue: trimmed,\n                expectedValue: 'C[A-Z2-7]{55}',\n            });\n        }\n    }\n    return validResult();\n}\n\n/**\n * Validate Soroban function name.\n * Must match: ^[a-zA-Z_][a-zA-Z0-9_]*$\n */\nexport function validateFunctionName(value: string): ValidationResult {\n    if (value === undefined || value === null) {\n        return invalidResult('MISSING_VALUE', 'Function name is required', { field: 'functionName' });\n    }\n    const trimmed = String(value).trim();\n    if (trimmed.length === 0) {\n        return invalidResult('MISSING_VALUE', 'Function name is required', { field: 'functionName' });\n    }\n    if (!FUNCTION_NAME_REGEX.test(trimmed)) {\n        return invalidResult('INVALID_FUNCTION_NAME', 'Function name must start with a letter or underscore and contain only letters, numbers, and underscores', {\n            field: 'functionName',\n            receivedValue: trimmed,\n        });\n    }\n    return validResult();\n}\n\n/**\n * Check if a required field has a value.\n */\nexport function validateRequired(value: string | undefined | null, fieldName: string): ValidationResult {\n    if (value === undefined || value === null) {\n        return invalidResult('MISSING_REQUIRED', `${fieldName} is required`, { field: fieldName });\n    }\n    const trimmed = String(value).trim();\n    if (trimmed.length === 0) {\n        return invalidResult('MISSING_REQUIRED', `${fieldName} is required`, { field: fieldName });\n    }\n    return validResult();\n}\n\n/**\n * Normalize Soroban type string from CLI help (e.g. \"<ADDRESS>\", \"u32\", \"<STRING>\").\n */\nfunction normalizeSorobanType(typeStr: string): string {\n    if (!typeStr || typeof typeStr !== 'string') return '';\n    const t = typeStr.trim().toLowerCase();\n    const match = t.match(/<([^>]+)>/);\n    if (match) return match[1];\n    return t;\n}\n\n/**\n * Validate value against a Soroban type from CLI help.\n */\nexport function validateSorobanType(value: string, typeStr: string, fieldName?: string): ValidationResult {\n    const issues: import('../../types/cliValidation').ValidationIssue[] = [];\n    const field = fieldName || 'parameter';\n    const trimmed = value === undefined || value === null ? '' : String(value).trim();\n\n    const type = normalizeSorobanType(typeStr);\n\n    // Optional empty value\n    if (trimmed.length === 0) {\n        return validResult();\n    }\n\n    // Address\n    if (type === 'address') {\n        const addrResult = validateAddress(trimmed);\n        if (!addrResult.valid) {\n            addrResult.issues.forEach((i) => issues.push({ ...i, field }));\n        }\n    }\n    // Unsigned integers\n    else if (type === 'u32' || type === 'u64' || type === 'u128') {\n        const numResult = validateUnsignedInteger(trimmed, type, field);\n        if (!numResult.valid) {\n            issues.push(...numResult.issues);\n        }\n    }\n    // Signed integers\n    else if (type === 'i32' || type === 'i64' || type === 'i128') {\n        const numResult = validateSignedInteger(trimmed, type, field);\n        if (!numResult.valid) {\n            issues.push(...numResult.issues);\n        }\n    }\n    // Bool\n    else if (type === 'bool' || type === 'boolean') {\n        try {\n            const parsed = JSON.parse(trimmed);\n            if (typeof parsed !== 'boolean') {\n                issues.push(createErrorIssue('INVALID_BOOL', 'Expected boolean (true or false)', { field, receivedValue: trimmed }));\n            }\n        } catch {\n            issues.push(createErrorIssue('INVALID_JSON', 'Invalid JSON for boolean. Use true or false', { field, receivedValue: trimmed }));\n        }\n    }\n    // String, Symbol\n    else if (type === 'string' || type === 'symbol') {\n        // Any non-empty string is fine; symbol typically expects non-empty\n        if (type === 'symbol' && trimmed.length === 0) {\n            issues.push(createErrorIssue('INVALID_SYMBOL', 'Symbol cannot be empty', { field }));\n        }\n    }\n    // Vec, Map, Option, or unknown - attempt JSON parse\n    else {\n        try {\n            JSON.parse(trimmed);\n        } catch {\n            issues.push(createErrorIssue('INVALID_JSON', `Invalid JSON for type ${type || 'unknown'}`, { field, receivedValue: trimmed }));\n        }\n    }\n\n    return buildValidationResult(issues);\n}\n\nfunction validateUnsignedInteger(value: string, type: string, field: string): ValidationResult {\n    let num: number | bigint;\n    try {\n        const parsed = JSON.parse(value);\n        if (typeof parsed === 'number') {\n            if (!Number.isInteger(parsed) || parsed < 0) {\n                return invalidResult('INVALID_UINT', `Expected non-negative integer for ${type}`, { field, receivedValue: value });\n            }\n            num = parsed;\n        } else if (typeof parsed === 'string' && /^\\d+$/.test(parsed)) {\n            num = BigInt(parsed);\n        } else {\n            return invalidResult('INVALID_UINT', `Expected integer for ${type}`, { field, receivedValue: value });\n        }\n    } catch {\n        return invalidResult('INVALID_JSON', `Invalid number for ${type}`, { field, receivedValue: value });\n    }\n\n    if (type === 'u32') {\n        if ((typeof num === 'number' ? num : Number(num)) > U32_MAX) {\n            return invalidResult('OUT_OF_RANGE', `u32 must be 0 to ${U32_MAX}`, { field, receivedValue: value, expectedValue: `0-${U32_MAX}` });\n        }\n    } else if (type === 'u64' || type === 'u128') {\n        const big = typeof num === 'bigint' ? num : BigInt(num);\n        const max = type === 'u64' ? U64_MAX : U128_MAX;\n        if (big < 0n || big > max) {\n            return invalidResult('OUT_OF_RANGE', `${type} must be 0 to ${max}`, { field, receivedValue: value });\n        }\n    }\n\n    return validResult();\n}\n\nfunction validateSignedInteger(value: string, type: string, field: string): ValidationResult {\n    let num: number | bigint;\n    try {\n        const parsed = JSON.parse(value);\n        if (typeof parsed === 'number') {\n            if (!Number.isInteger(parsed)) {\n                return invalidResult('INVALID_INT', `Expected integer for ${type}`, { field, receivedValue: value });\n            }\n            num = parsed;\n        } else if (typeof parsed === 'string' && /^-?\\d+$/.test(parsed)) {\n            num = BigInt(parsed);\n        } else {\n            return invalidResult('INVALID_INT', `Expected integer for ${type}`, { field, receivedValue: value });\n        }\n    } catch {\n        return invalidResult('INVALID_JSON', `Invalid number for ${type}`, { field, receivedValue: value });\n    }\n\n    if (type === 'i32') {\n        const n = typeof num === 'number' ? num : Number(num);\n        if (n < I32_MIN || n > I32_MAX) {\n            return invalidResult('OUT_OF_RANGE', `i32 must be ${I32_MIN} to ${I32_MAX}`, { field, receivedValue: value });\n        }\n    } else if (type === 'i64' || type === 'i128') {\n        const big = typeof num === 'bigint' ? num : BigInt(num);\n        const [min, max] = type === 'i64' ? [I64_MIN, I64_MAX] : [I128_MIN, I128_MAX];\n        if (big < min || big > max) {\n            return invalidResult('OUT_OF_RANGE', `${type} out of range`, { field, receivedValue: value });\n        }\n    }\n\n    return validResult();\n}\n"]},"_coverageSchema":"1a1c01bbd47fc00a2c39e90264f33305004495a9","hash":"cee5c7f0b395a36b70af2a33cccf41656c8f2668","contentHash":"e30e3f25015c1ce094ae39a8726588a0a0eed4a2237cd817e0f19237e5355bdf"},"/home/danielakinsanya/stellar-suite/src/utils/validators/validationResult.ts":{"path":"/home/danielakinsanya/stellar-suite/src/utils/validators/validationResult.ts","statementMap":{"0":{"start":{"line":5,"column":0},"end":{"line":5,"column":62}},"1":{"start":{"line":6,"column":0},"end":{"line":6,"column":44}},"2":{"start":{"line":7,"column":0},"end":{"line":7,"column":54}},"3":{"start":{"line":8,"column":0},"end":{"line":8,"column":34}},"4":{"start":{"line":9,"column":0},"end":{"line":9,"column":38}},"5":{"start":{"line":14,"column":4},"end":{"line":19,"column":6}},"6":{"start":{"line":25,"column":19},"end":{"line":25,"column":63}},"7":{"start":{"line":25,"column":40},"end":{"line":25,"column":62}},"8":{"start":{"line":26,"column":21},"end":{"line":26,"column":92}},"9":{"start":{"line":26,"column":42},"end":{"line":26,"column":91}},"10":{"start":{"line":27,"column":4},"end":{"line":32,"column":6}},"11":{"start":{"line":38,"column":4},"end":{"line":43,"column":6}},"12":{"start":{"line":49,"column":18},"end":{"line":49,"column":58}},"13":{"start":{"line":50,"column":4},"end":{"line":50,"column":42}}},"fnMap":{"0":{"name":"createErrorIssue","decl":{"start":{"line":13,"column":9},"end":{"line":13,"column":25}},"loc":{"start":{"line":13,"column":50},"end":{"line":20,"column":1}},"line":13},"1":{"name":"buildValidationResult","decl":{"start":{"line":24,"column":9},"end":{"line":24,"column":30}},"loc":{"start":{"line":24,"column":39},"end":{"line":33,"column":1}},"line":24},"2":{"name":"(anonymous_2)","decl":{"start":{"line":25,"column":33},"end":{"line":25,"column":34}},"loc":{"start":{"line":25,"column":40},"end":{"line":25,"column":62}},"line":25},"3":{"name":"(anonymous_3)","decl":{"start":{"line":26,"column":35},"end":{"line":26,"column":36}},"loc":{"start":{"line":26,"column":42},"end":{"line":26,"column":91}},"line":26},"4":{"name":"validResult","decl":{"start":{"line":37,"column":9},"end":{"line":37,"column":20}},"loc":{"start":{"line":37,"column":23},"end":{"line":44,"column":1}},"line":37},"5":{"name":"invalidResult","decl":{"start":{"line":48,"column":9},"end":{"line":48,"column":22}},"loc":{"start":{"line":48,"column":47},"end":{"line":51,"column":1}},"line":48}},"branchMap":{"0":{"loc":{"start":{"line":26,"column":42},"end":{"line":26,"column":91}},"type":"binary-expr","locations":[{"start":{"line":26,"column":42},"end":{"line":26,"column":66}},{"start":{"line":26,"column":70},"end":{"line":26,"column":91}}],"line":26}},"s":{"0":1,"1":1,"2":1,"3":1,"4":1,"5":29,"6":46,"7":33,"8":46,"9":33,"10":46,"11":35,"12":28,"13":28},"f":{"0":29,"1":46,"2":33,"3":33,"4":35,"5":28},"b":{"0":[33,33]},"inputSourceMap":{"version":3,"file":"/home/danielakinsanya/stellar-suite/src/utils/validators/validationResult.ts","sources":["/home/danielakinsanya/stellar-suite/src/utils/validators/validationResult.ts"],"names":[],"mappings":";AAAA;;GAEG;;AAOH,4CAWC;AAKD,sDASC;AAKD,kCAOC;AAKD,sCAOC;AApDD;;GAEG;AACH,SAAgB,gBAAgB,CAC5B,IAAY,EACZ,OAAe,EACf,OAAiG;IAEjG,OAAO;QACH,QAAQ,EAAE,OAAO;QACjB,IAAI;QACJ,OAAO;QACP,GAAG,OAAO;KACb,CAAC;AACN,CAAC;AAED;;GAEG;AACH,SAAgB,qBAAqB,CAAC,MAAyB;IAC3D,MAAM,MAAM,GAAG,MAAM,CAAC,MAAM,CAAC,CAAC,CAAC,EAAE,EAAE,CAAC,CAAC,CAAC,QAAQ,KAAK,OAAO,CAAC,CAAC;IAC5D,MAAM,QAAQ,GAAG,MAAM,CAAC,MAAM,CAAC,CAAC,CAAC,EAAE,EAAE,CAAC,CAAC,CAAC,QAAQ,KAAK,SAAS,IAAI,CAAC,CAAC,QAAQ,KAAK,MAAM,CAAC,CAAC;IACzF,OAAO;QACH,KAAK,EAAE,MAAM,CAAC,MAAM,KAAK,CAAC;QAC1B,MAAM;QACN,MAAM;QACN,QAAQ;KACX,CAAC;AACN,CAAC;AAED;;GAEG;AACH,SAAgB,WAAW;IACvB,OAAO;QACH,KAAK,EAAE,IAAI;QACX,MAAM,EAAE,EAAE;QACV,MAAM,EAAE,EAAE;QACV,QAAQ,EAAE,EAAE;KACf,CAAC;AACN,CAAC;AAED;;GAEG;AACH,SAAgB,aAAa,CACzB,IAAY,EACZ,OAAe,EACf,OAA4E;IAE5E,MAAM,KAAK,GAAG,gBAAgB,CAAC,IAAI,EAAE,OAAO,EAAE,OAAO,CAAC,CAAC;IACvD,OAAO,qBAAqB,CAAC,CAAC,KAAK,CAAC,CAAC,CAAC;AAC1C,CAAC","sourcesContent":["/**\n * Helper utilities for building ValidationResult from ValidationIssues.\n */\n\nimport type { ValidationResult, ValidationIssue } from '../../types/cliValidation';\n\n/**\n * Create a ValidationIssue with error severity.\n */\nexport function createErrorIssue(\n    code: string,\n    message: string,\n    options?: { field?: string; receivedValue?: string; expectedValue?: string; suggestion?: string }\n): ValidationIssue {\n    return {\n        severity: 'error',\n        code,\n        message,\n        ...options,\n    };\n}\n\n/**\n * Build a ValidationResult from an array of issues.\n */\nexport function buildValidationResult(issues: ValidationIssue[]): ValidationResult {\n    const errors = issues.filter((i) => i.severity === 'error');\n    const warnings = issues.filter((i) => i.severity === 'warning' || i.severity === 'info');\n    return {\n        valid: errors.length === 0,\n        issues,\n        errors,\n        warnings,\n    };\n}\n\n/**\n * Return a valid empty result.\n */\nexport function validResult(): ValidationResult {\n    return {\n        valid: true,\n        issues: [],\n        errors: [],\n        warnings: [],\n    };\n}\n\n/**\n * Return a failed result with a single error.\n */\nexport function invalidResult(\n    code: string,\n    message: string,\n    options?: { field?: string; receivedValue?: string; expectedValue?: string }\n): ValidationResult {\n    const issue = createErrorIssue(code, message, options);\n    return buildValidationResult([issue]);\n}\n"]},"_coverageSchema":"1a1c01bbd47fc00a2c39e90264f33305004495a9","hash":"0b6aa822403aafa74db5816d580cc2e6f493c030","contentHash":"a31242990a5e2ce8794b5cd07806f6a2dbe210289afc64e2c05341f35a6694bc"},"/home/danielakinsanya/stellar-suite/src/utils/validators/formatValidators.ts":{"path":"/home/danielakinsanya/stellar-suite/src/utils/validators/formatValidators.ts","statementMap":{"0":{"start":{"line":6,"column":0},"end":{"line":6,"column":62}},"1":{"start":{"line":7,"column":0},"end":{"line":7,"column":48}},"2":{"start":{"line":8,"column":0},"end":{"line":8,"column":46}},"3":{"start":{"line":9,"column":0},"end":{"line":9,"column":42}},"4":{"start":{"line":10,"column":27},"end":{"line":10,"column":56}},"5":{"start":{"line":11,"column":25},"end":{"line":11,"column":52}},"6":{"start":{"line":16,"column":4},"end":{"line":18,"column":5}},"7":{"start":{"line":17,"column":8},"end":{"line":17,"column":125}},"8":{"start":{"line":19,"column":20},"end":{"line":19,"column":40}},"9":{"start":{"line":20,"column":4},"end":{"line":22,"column":5}},"10":{"start":{"line":21,"column":8},"end":{"line":21,"column":125}},"11":{"start":{"line":23,"column":4},"end":{"line":39,"column":5}},"12":{"start":{"line":24,"column":23},"end":{"line":24,"column":42}},"13":{"start":{"line":25,"column":8},"end":{"line":30,"column":9}},"14":{"start":{"line":26,"column":12},"end":{"line":29,"column":15}},"15":{"start":{"line":31,"column":8},"end":{"line":31,"column":53}},"16":{"start":{"line":34,"column":20},"end":{"line":34,"column":67}},"17":{"start":{"line":35,"column":8},"end":{"line":38,"column":11}},"18":{"start":{"line":45,"column":4},"end":{"line":47,"column":5}},"19":{"start":{"line":46,"column":8},"end":{"line":46,"column":53}},"20":{"start":{"line":48,"column":20},"end":{"line":48,"column":40}},"21":{"start":{"line":49,"column":4},"end":{"line":51,"column":5}},"22":{"start":{"line":50,"column":8},"end":{"line":50,"column":53}},"23":{"start":{"line":52,"column":4},"end":{"line":62,"column":5}},"24":{"start":{"line":53,"column":8},"end":{"line":53,"column":28}},"25":{"start":{"line":54,"column":8},"end":{"line":54,"column":53}},"26":{"start":{"line":57,"column":20},"end":{"line":57,"column":67}},"27":{"start":{"line":58,"column":8},"end":{"line":61,"column":11}},"28":{"start":{"line":69,"column":4},"end":{"line":69,"column":56}}},"fnMap":{"0":{"name":"validateJsonObject","decl":{"start":{"line":15,"column":9},"end":{"line":15,"column":27}},"loc":{"start":{"line":15,"column":42},"end":{"line":40,"column":1}},"line":15},"1":{"name":"validateJsonValue","decl":{"start":{"line":44,"column":9},"end":{"line":44,"column":26}},"loc":{"start":{"line":44,"column":41},"end":{"line":63,"column":1}},"line":44},"2":{"name":"validateAddress","decl":{"start":{"line":68,"column":9},"end":{"line":68,"column":24}},"loc":{"start":{"line":68,"column":32},"end":{"line":70,"column":1}},"line":68}},"branchMap":{"0":{"loc":{"start":{"line":16,"column":4},"end":{"line":18,"column":5}},"type":"if","locations":[{"start":{"line":16,"column":4},"end":{"line":18,"column":5}},{"start":{},"end":{}}],"line":16},"1":{"loc":{"start":{"line":16,"column":8},"end":{"line":16,"column":45}},"type":"binary-expr","locations":[{"start":{"line":16,"column":8},"end":{"line":16,"column":27}},{"start":{"line":16,"column":31},"end":{"line":16,"column":45}}],"line":16},"2":{"loc":{"start":{"line":17,"column":106},"end":{"line":17,"column":121}},"type":"binary-expr","locations":[{"start":{"line":17,"column":106},"end":{"line":17,"column":111}},{"start":{"line":17,"column":115},"end":{"line":17,"column":121}}],"line":17},"3":{"loc":{"start":{"line":20,"column":4},"end":{"line":22,"column":5}},"type":"if","locations":[{"start":{"line":20,"column":4},"end":{"line":22,"column":5}},{"start":{},"end":{}}],"line":20},"4":{"loc":{"start":{"line":21,"column":106},"end":{"line":21,"column":121}},"type":"binary-expr","locations":[{"start":{"line":21,"column":106},"end":{"line":21,"column":111}},{"start":{"line":21,"column":115},"end":{"line":21,"column":121}}],"line":21},"5":{"loc":{"start":{"line":25,"column":8},"end":{"line":30,"column":9}},"type":"if","locations":[{"start":{"line":25,"column":8},"end":{"line":30,"column":9}},{"start":{},"end":{}}],"line":25},"6":{"loc":{"start":{"line":25,"column":12},"end":{"line":25,"column":82}},"type":"binary-expr","locations":[{"start":{"line":25,"column":12},"end":{"line":25,"column":38}},{"start":{"line":25,"column":42},"end":{"line":25,"column":57}},{"start":{"line":25,"column":61},"end":{"line":25,"column":82}}],"line":25},"7":{"loc":{"start":{"line":27,"column":23},"end":{"line":27,"column":38}},"type":"binary-expr","locations":[{"start":{"line":27,"column":23},"end":{"line":27,"column":28}},{"start":{"line":27,"column":32},"end":{"line":27,"column":38}}],"line":27},"8":{"loc":{"start":{"line":34,"column":20},"end":{"line":34,"column":67}},"type":"cond-expr","locations":[{"start":{"line":34,"column":41},"end":{"line":34,"column":50}},{"start":{"line":34,"column":53},"end":{"line":34,"column":67}}],"line":34},"9":{"loc":{"start":{"line":36,"column":19},"end":{"line":36,"column":34}},"type":"binary-expr","locations":[{"start":{"line":36,"column":19},"end":{"line":36,"column":24}},{"start":{"line":36,"column":28},"end":{"line":36,"column":34}}],"line":36},"10":{"loc":{"start":{"line":45,"column":4},"end":{"line":47,"column":5}},"type":"if","locations":[{"start":{"line":45,"column":4},"end":{"line":47,"column":5}},{"start":{},"end":{}}],"line":45},"11":{"loc":{"start":{"line":45,"column":8},"end":{"line":45,"column":45}},"type":"binary-expr","locations":[{"start":{"line":45,"column":8},"end":{"line":45,"column":27}},{"start":{"line":45,"column":31},"end":{"line":45,"column":45}}],"line":45},"12":{"loc":{"start":{"line":49,"column":4},"end":{"line":51,"column":5}},"type":"if","locations":[{"start":{"line":49,"column":4},"end":{"line":51,"column":5}},{"start":{},"end":{}}],"line":49},"13":{"loc":{"start":{"line":57,"column":20},"end":{"line":57,"column":67}},"type":"cond-expr","locations":[{"start":{"line":57,"column":41},"end":{"line":57,"column":50}},{"start":{"line":57,"column":53},"end":{"line":57,"column":67}}],"line":57},"14":{"loc":{"start":{"line":59,"column":19},"end":{"line":59,"column":34}},"type":"binary-expr","locations":[{"start":{"line":59,"column":19},"end":{"line":59,"column":24}},{"start":{"line":59,"column":28},"end":{"line":59,"column":34}}],"line":59}},"s":{"0":1,"1":1,"2":1,"3":1,"4":1,"5":1,"6":11,"7":0,"8":11,"9":11,"10":1,"11":10,"12":10,"13":8,"14":3,"15":5,"16":2,"17":2,"18":6,"19":0,"20":6,"21":6,"22":1,"23":5,"24":5,"25":4,"26":1,"27":1,"28":2},"f":{"0":11,"1":6,"2":2},"b":{"0":[0,11],"1":[11,11],"2":[0,0],"3":[1,10],"4":[1,1],"5":[3,5],"6":[8,7,7],"7":[3,2],"8":[2,0],"9":[2,1],"10":[0,6],"11":[6,6],"12":[1,5],"13":[1,0],"14":[1,1]},"inputSourceMap":{"version":3,"file":"/home/danielakinsanya/stellar-suite/src/utils/validators/formatValidators.ts","sources":["/home/danielakinsanya/stellar-suite/src/utils/validators/formatValidators.ts"],"names":[],"mappings":";AAAA;;;GAGG;;AASH,gDAwBC;AAKD,8CAkBC;AAMD,0CAEC;AA7DD,yDAAyG;AACzG,qDAA4E;AAE5E;;GAEG;AACH,SAAgB,kBAAkB,CAAC,KAAa,EAAE,KAAc;IAC5D,IAAI,KAAK,KAAK,SAAS,IAAI,KAAK,KAAK,IAAI,EAAE,CAAC;QACxC,OAAO,IAAA,gCAAa,EAAC,eAAe,EAAE,yBAAyB,EAAE,EAAE,KAAK,EAAE,KAAK,IAAI,MAAM,EAAE,CAAC,CAAC;IACjG,CAAC;IACD,MAAM,OAAO,GAAG,MAAM,CAAC,KAAK,CAAC,CAAC,IAAI,EAAE,CAAC;IACrC,IAAI,OAAO,CAAC,MAAM,KAAK,CAAC,EAAE,CAAC;QACvB,OAAO,IAAA,gCAAa,EAAC,eAAe,EAAE,yBAAyB,EAAE,EAAE,KAAK,EAAE,KAAK,IAAI,MAAM,EAAE,CAAC,CAAC;IACjG,CAAC;IACD,IAAI,CAAC;QACD,MAAM,MAAM,GAAG,IAAI,CAAC,KAAK,CAAC,OAAO,CAAC,CAAC;QACnC,IAAI,OAAO,MAAM,KAAK,QAAQ,IAAI,MAAM,KAAK,IAAI,IAAI,KAAK,CAAC,OAAO,CAAC,MAAM,CAAC,EAAE,CAAC;YACzE,OAAO,IAAA,gCAAa,EAAC,qBAAqB,EAAE,iCAAiC,EAAE;gBAC3E,KAAK,EAAE,KAAK,IAAI,MAAM;gBACtB,aAAa,EAAE,OAAO,CAAC,SAAS,CAAC,CAAC,EAAE,GAAG,CAAC;aAC3C,CAAC,CAAC;QACP,CAAC;QACD,OAAO,IAAA,8BAAW,GAAE,CAAC;IACzB,CAAC;IAAC,OAAO,CAAC,EAAE,CAAC;QACT,MAAM,GAAG,GAAG,CAAC,YAAY,KAAK,CAAC,CAAC,CAAC,CAAC,CAAC,OAAO,CAAC,CAAC,CAAC,cAAc,CAAC;QAC5D,OAAO,IAAA,gCAAa,EAAC,cAAc,EAAE,iBAAiB,GAAG,EAAE,EAAE;YACzD,KAAK,EAAE,KAAK,IAAI,MAAM;YACtB,aAAa,EAAE,OAAO,CAAC,SAAS,CAAC,CAAC,EAAE,GAAG,CAAC;SAC3C,CAAC,CAAC;IACP,CAAC;AACL,CAAC;AAED;;GAEG;AACH,SAAgB,iBAAiB,CAAC,KAAa,EAAE,KAAc;IAC3D,IAAI,KAAK,KAAK,SAAS,IAAI,KAAK,KAAK,IAAI,EAAE,CAAC;QACxC,OAAO,IAAA,8BAAW,GAAE,CAAC,CAAC,2BAA2B;IACrD,CAAC;IACD,MAAM,OAAO,GAAG,MAAM,CAAC,KAAK,CAAC,CAAC,IAAI,EAAE,CAAC;IACrC,IAAI,OAAO,CAAC,MAAM,KAAK,CAAC,EAAE,CAAC;QACvB,OAAO,IAAA,8BAAW,GAAE,CAAC;IACzB,CAAC;IACD,IAAI,CAAC;QACD,IAAI,CAAC,KAAK,CAAC,OAAO,CAAC,CAAC;QACpB,OAAO,IAAA,8BAAW,GAAE,CAAC;IACzB,CAAC;IAAC,OAAO,CAAC,EAAE,CAAC;QACT,MAAM,GAAG,GAAG,CAAC,YAAY,KAAK,CAAC,CAAC,CAAC,CAAC,CAAC,OAAO,CAAC,CAAC,CAAC,cAAc,CAAC;QAC5D,OAAO,IAAA,gCAAa,EAAC,cAAc,EAAE,iBAAiB,GAAG,EAAE,EAAE;YACzD,KAAK,EAAE,KAAK,IAAI,MAAM;YACtB,aAAa,EAAE,OAAO,CAAC,SAAS,CAAC,CAAC,EAAE,GAAG,CAAC;SAC3C,CAAC,CAAC;IACP,CAAC;AACL,CAAC;AAED;;;GAGG;AACH,SAAgB,eAAe,CAAC,KAAa;IACzC,OAAO,IAAA,gCAAqB,EAAC,KAAK,CAAC,CAAC;AACxC,CAAC","sourcesContent":["/**\n * Format validators for form inputs.\n * Validates JSON structures, address format, etc.\n */\n\nimport type { ValidationResult } from '../../types/cliValidation';\nimport { createErrorIssue, buildValidationResult, validResult, invalidResult } from './validationResult';\nimport { validateAddress as validateAddressFormat } from './typeValidators';\n\n/**\n * Validate that a string is valid JSON and parses to an object (not array or primitive).\n */\nexport function validateJsonObject(value: string, field?: string): ValidationResult {\n    if (value === undefined || value === null) {\n        return invalidResult('MISSING_VALUE', 'JSON object is required', { field: field || 'json' });\n    }\n    const trimmed = String(value).trim();\n    if (trimmed.length === 0) {\n        return invalidResult('MISSING_VALUE', 'JSON object is required', { field: field || 'json' });\n    }\n    try {\n        const parsed = JSON.parse(trimmed);\n        if (typeof parsed !== 'object' || parsed === null || Array.isArray(parsed)) {\n            return invalidResult('INVALID_JSON_OBJECT', 'Arguments must be a JSON object', {\n                field: field || 'json',\n                receivedValue: trimmed.substring(0, 100),\n            });\n        }\n        return validResult();\n    } catch (e) {\n        const msg = e instanceof Error ? e.message : 'Invalid JSON';\n        return invalidResult('INVALID_JSON', `Invalid JSON: ${msg}`, {\n            field: field || 'json',\n            receivedValue: trimmed.substring(0, 100),\n        });\n    }\n}\n\n/**\n * Validate that a string is valid JSON (any value).\n */\nexport function validateJsonValue(value: string, field?: string): ValidationResult {\n    if (value === undefined || value === null) {\n        return validResult(); // Empty is ok for optional\n    }\n    const trimmed = String(value).trim();\n    if (trimmed.length === 0) {\n        return validResult();\n    }\n    try {\n        JSON.parse(trimmed);\n        return validResult();\n    } catch (e) {\n        const msg = e instanceof Error ? e.message : 'Invalid JSON';\n        return invalidResult('INVALID_JSON', `Invalid JSON: ${msg}`, {\n            field: field || 'json',\n            receivedValue: trimmed.substring(0, 100),\n        });\n    }\n}\n\n/**\n * Validate Stellar contract address format.\n * Re-exports type validator for consistency.\n */\nexport function validateAddress(value: string): ValidationResult {\n    return validateAddressFormat(value);\n}\n"]},"_coverageSchema":"1a1c01bbd47fc00a2c39e90264f33305004495a9","hash":"a3fac0c14d641e46f772f7505e7129b9e8634fe7","contentHash":"3161e41b65653b099c7b99d5304655139e7b459761bf37a2e04f17fce82f9f13"},"/home/danielakinsanya/stellar-suite/src/services/rpcService.ts":{"path":"/home/danielakinsanya/stellar-suite/src/services/rpcService.ts","statementMap":{"0":{"start":{
[...]
,EAAE;iBACxB,CAAC;YACN,CAAC;QACL,CAAC;QAAC,OAAO,KAAK,EAAE,CAAC;YACb,MAAM,YAAY,GAAG,KAAK,YAAY,KAAK,CAAC,CAAC,CAAC,KAAK,CAAC,OAAO,CAAC,CAAC,CAAC,eAAe,CAAC;YAE9E,IAAI,YAAY,CAAC,QAAQ,CAAC,QAAQ,CAAC,IAAI,YAAY,CAAC,QAAQ,CAAC,WAAW,CAAC,EAAE,CAAC;gBACxE,OAAO;oBACH,OAAO,EAAE,KAAK;oBACd,KAAK,EAAE,6BAA6B,IAAI,CAAC,OAAO,+FAA+F;iBAClJ,CAAC;YACN,CAAC;YAED,OAAO;gBACH,OAAO,EAAE,KAAK;gBACd,KAAK,EAAE,yBAAyB,YAAY,EAAE;aACjD,CAAC;QACN,CAAC;IACL,CAAC;IAED,KAAK,CAAC,WAAW;QACb,IAAI,CAAC;YACD,MAAM,GAAG,GAAG,sBAAsB,EAAE,CAAC;YACrC,MAAM,IAAI,CAAC,QAAQ,CAAC,IAAI,CAAC,OAAO,EAAE,CAAC,WAAW,CAAC,EAAE,EAAE,GAAG,EAAE,GAAG,EAAE,OAAO,EAAE,IAAI,EAAE,CAAC,CAAC;YAC9E,OAAO,IAAI,CAAC;QAChB,CAAC;QAAC,MAAM,CAAC;YACL,OAAO,KAAK,CAAC;QACjB,CAAC;IACL,CAAC;IAED,MAAM,CAAC,KAAK,CAAC,WAAW;QACpB,MAAM,WAAW,GAAG;YAChB,SAAS;YACT,IAAI,CAAC,IAAI,CAAC,EAAE,CAAC,OAAO,EAAE,EAAE,QAAQ,EAAE,KAAK,EAAE,SAAS,CAAC;YACnD,wBAAwB;YACxB,2BAA2B;YAC3B,kBAAkB;SACrB,CAAC;QAEF,MAAM,GAAG,GAAG,sBAAsB,EAAE,CAAC;QACrC,KAAK,MAAM,OAAO,IAAI,WAAW,EAAE,CAAC;YAChC,IAAI,CAAC;gBACD,IAAI,OAAO,KAAK,SAAS,EAAE,CAAC;oBACxB,MAAM,SAAS,CAAC,mBAAmB,EAAE,EAAE,GAAG,EAAE,GAAG,EAAE,OAAO,EAAE,IAAI,EAAE,CAAC,CAAC;oBAClE,OAAO,SAAS,CAAC;gBACrB,CAAC;qBAAM,CAAC;oBACJ,MAAM,aAAa,CAAC,OAAO,EAAE,CAAC,WAAW,CAAC,EAAE,EAAE,GAAG,EAAE,GAAG,EAAE,OAAO,EAAE,IAAI,EAAE,CAAC,CAAC;oBACzE,OAAO,OAAO,CAAC;gBACnB,CAAC;YACL,CAAC;YAAC,MAAM,CAAC;YACT,CAAC;QACL,CAAC;QACD,OAAO,IAAI,CAAC;IAChB,CAAC;CACJ;AA1KD,8CA0KC","sourcesContent":["import { execFile, exec, ExecFileOptions } from 'child_process';\nimport { promisify } from 'util';\nimport { formatCliError } from '../utils/errorFormatter';\nimport * as os from 'os';\nimport * as path from 'path';\n\nconst execFileAsync = promisify(execFile);\nconst execAsync = promisify(exec);\n\nexport type ExecFileFunction = (\n    file: string,\n    args: ReadonlyArray<string>,\n    options: ExecFileOptions\n) => Promise<{ stdout: string; stderr: string }>;\n\nfunction getEnvironmentWithPath(): NodeJS.ProcessEnv {\n    const env = { ...process.env };\n    const homeDir = os.homedir();\n    const cargoBin = path.join(homeDir, '.cargo', 'bin');\n\n    const additionalPaths = [\n        cargoBin,\n        path.join(homeDir, '.local', 'bin'),\n        '/usr/local/bin',\n        '/opt/homebrew/bin',\n        '/opt/homebrew/sbin'\n    ];\n\n    const currentPath = env.PATH || env.Path || '';\n    env.PATH = [...additionalPaths, currentPath].filter(Boolean).join(path.delimiter);\n    env.Path = env.PATH;\n\n    return env;\n}\n\nexport interface SimulationResult {\n    success: boolean;\n    result?: any;\n    error?: string;\n    resourceUsage?: {\n        cpuInstructions?: number;\n        memoryBytes?: number;\n    };\n}\n\nexport class SorobanCliService {\n    private cliPath: string;\n    private source: string;\n    private execFile: ExecFileFunction;\n\n    constructor(\n        cliPath: string,\n        source: string = 'dev',\n        executor?: ExecFileFunction\n    ) {\n        this.cliPath = cliPath;\n        this.source = source;\n        this.execFile = executor || execFileAsync;\n    }\n\n    async simulateTransaction(\n        contractId: string,\n        functionName: string,\n        args: any[],\n        network: string = 'testnet'\n    ): Promise<SimulationResult> {\n        try {\n            const commandParts = [\n                this.cliPath,\n                'contract',\n                'invoke',\n                '--id', contractId,\n                '--source', this.source,\n                '--network', network,\n                '--'\n            ];\n\n            commandParts.push(functionName);\n\n            if (args.length > 0 && typeof args[0] === 'object' && !Array.isArray(args[0])) {\n                const argObj = args[0];\n                for (const [key, value] of Object.entries(argObj)) {\n                    commandParts.push(`--${key}`);\n                    if (typeof value === 'object') {\n                        commandParts.push(JSON.stringify(value));\n                    } else {\n                        commandParts.push(String(value));\n                    }\n                }\n            } else {\n                for (const arg of args) {\n                    if (typeof arg === 'object') {\n                        commandParts.push(JSON.stringify(arg));\n                    } else {\n                        commandParts.push(String(arg));\n                    }\n                }\n            }\n\n            const env = getEnvironmentWithPath();\n\n            const { stdout, stderr } = await this.execFile(\n                commandParts[0],\n                commandParts.slice(1),\n                {\n                    env: env,\n                    maxBuffer: 10 * 1024 * 1024,\n                    timeout: 30000\n                }\n            );\n\n            if (stderr && stderr.trim().length > 0) {\n                if (stderr.toLowerCase().includes('error') || stderr.toLowerCase().includes('failed')) {\n                    return {\n                        success: false,\n                        error: formatCliError(stderr)\n                    };\n                }\n            }\n\n            try {\n                const output = stdout.trim();\n                try {\n                    const parsed = JSON.parse(output);\n                    const resourceUsage = parsed.resource_usage || parsed.resourceUsage;\n                    return {\n                        success: true,\n                        result: parsed.result || parsed.returnValue || parsed,\n                        resourceUsage: resourceUsage ? {\n                            cpuInstructions: resourceUsage.cpu_instructions || resourceUsage.cpuInstructions || parsed.cpu_instructions,\n                            memoryBytes: resourceUsage.memory_bytes || resourceUsage.memoryBytes || parsed.memory_bytes\n                        } : (parsed.cpu_instructions ? {\n                            cpuInstructions: parsed.cpu_instructions,\n                            memoryBytes: parsed.memory_bytes\n                        } : undefined)\n                    };\n                } catch {\n                    const jsonMatch = output.match(/\\{[\\s\\S]*\\}/);\n                    if (jsonMatch) {\n                        const parsed = JSON.parse(jsonMatch[0]);\n                        const resourceUsage = parsed.resource_usage || parsed.resourceUsage;\n                        return {\n                            success: true,\n                            result: parsed.result || parsed.returnValue || parsed,\n                            resourceUsage: resourceUsage ? {\n                                cpuInstructions: resourceUsage.cpu_instructions || resourceUsage.cpuInstructions || parsed.cpu_instructions,\n                                memoryBytes: resourceUsage.memory_bytes || resourceUsage.memoryBytes || parsed.memory_bytes\n                            } : (parsed.cpu_instructions ? {\n                                cpuInstructions: parsed.cpu_instructions,\n                                memoryBytes: parsed.memory_bytes\n                            } : undefined)\n                        };\n                    }\n                    return {\n                        success: true,\n                        result: output\n                    };\n                }\n            } catch (parseError) {\n                return {\n                    success: true,\n                    result: stdout.trim()\n                };\n            }\n        } catch (error) {\n            const errorMessage = error instanceof Error ? error.message : 'Unknown error';\n\n            if (errorMessage.includes('ENOENT') || errorMessage.includes('not found')) {\n                return {\n                    success: false,\n                    error: `Stellar CLI not found at \"${this.cliPath}\". Make sure it is installed and in your PATH, or configure the stellarSuite.cliPath setting.`\n                };\n            }\n\n            return {\n                success: false,\n                error: `CLI execution failed: ${errorMessage}`\n            };\n        }\n    }\n\n    async isAvailable(): Promise<boolean> {\n        try {\n            const env = getEnvironmentWithPath();\n            await this.execFile(this.cliPath, ['--version'], { env: env, timeout: 5000 });\n            return true;\n        } catch {\n            return false;\n        }\n    }\n\n    static async findCliPath(): Promise<string | null> {\n        const commonPaths = [\n            'stellar',\n            path.join(os.homedir(), '.cargo', 'bin', 'stellar'),\n            '/usr/local/bin/stellar',\n            '/opt/homebrew/bin/stellar',\n            '/usr/bin/stellar'\n        ];\n\n        const env = getEnvironmentWithPath();\n        for (const cliPath of commonPaths) {\n            try {\n                if (cliPath === 'stellar') {\n                    await execAsync('stellar --version', { env: env, timeout: 5000 });\n                    return 'stellar';\n                } else {\n                    await execFileAsync(cliPath, ['--version'], { env: env, timeout: 5000 });\n                    return cliPath;\n                }\n            } catch {\n            }\n        }\n        return null;\n    }\n}\n"]},"_coverageSchema":"1a1c01bbd47fc00a2c39e90264f33305004495a9","hash":"5f8a603504e2e5e8bd7f66abc6db5fbc0011db6e","contentHash":"395cc362856f5db07315135d1fe17ae04c91899430e7916f0cc4eaac86a697a0"},"/home/danielakinsanya/stellar-suite/src/utils/validators/rangeValidators.ts":{"path":"/home/danielakinsanya/stellar-suite/src/utils/validators/rangeValidators.ts","statementMap":{"0":{"start":{"line":6,"column":0},"end":{"line":6,"column":62}},"1":{"start":{"line":7,"column":0},"end":{"line":7,"column":50}},"2":{"start":{"line":8,"column":0},"end":{"line":8,"column":52}},"3":{"start":{"line":9,"column":0},"end":{"line":9,"column":58}},"4":{"start":{"line":10,"column":27},"end":{"line":10,"column":56}},"5":{"start":{"line":15,"column":42},"end":{"line":15,"column":55}},"6":{"start":{"line":16,"column":4},"end":{"line":22,"column":5}},"7":{"start":{"line":17,"column":8},"end":{"line":21,"column":11}},"8":{"start":{"line":23,"column":4},"end":{"line":29,"column":5}},"9":{"start":{"line":24,"column":8},"end":{"line":28,"column":11}},"10":{"start":{"line":30,"column":4},"end":{"line":30,"column":49}},"11":{"start":{"line":36,"column":42},"end":{"line":36,"column":55}},"12":{"start":{"line":37,"column":16},"end":{"line":37,"column":28}},"13":{"start":{"line":38,"column":4},"end":{"line":43,"column":5}},"14":{"start":{"line":39,"column":8},"end":{"line":42,"column":11}},"15":{"start":{"line":44,"column":4},"end":{"line":49,"column":5}},"16":{"start":{"line":45,"column":8},"end":{"line":48,"column":11}},"17":{"start":{"line":50,"column":4},"end":{"line":50,"column":49}},"18":{"start":{"line":56,"column":14},"end":{"line":56,"column":32}},"19":{"start":{"line":57,"column":4},"end":{"line":70,"column":5}},"20":{"start":{"line":59,"column":12},"end":{"line":59,"column":48}},"21":{"start":{"line":61,"column":12},"end":{"line":61,"column":57}},"22":{"start":{"line":67,"column":12},"end":{"line":67,"column":22}},"23":{"start":{"line":69,"column":12},"end":{"line":69,"column":22}}},"fnMap":{"0":{"name":"validateNumberRange","decl":{"start":{"line":14,"column":9},"end":{"line":14,"column":28}},"loc":{"start":{"line":14,"column":45},"end":{"line":31,"column":1}},"line":14},"1":{"name":"validateStringLength","decl":{"start":{"line":35,"column":9},"end":{"line":35,"column":29}},"loc":{"start":{"line":35,"column":46},"end":{"line":51,"column":1}},"line":35},"2":{"name":"getSorobanIntegerBounds","decl":{"start":{"line":55,"column":9},"end":{"line":55,"column":32}},"loc":{"start":{"line":55,"column":39},"end":{"line":71,"column":1}},"line":55}},"branchMap":{"0":{"loc":{"start":{"line":15,"column":22},"end":{"line":15,"column":37}},"type":"default-arg","locations":[{"start":{"line":15,"column":30},"end":{"line":15,"column":37}}],"line":15},"1":{"loc":{"start":{"line":15,"column":42},"end":{"line":15,"column":55}},"type":"binary-expr","locations":[{"start":{"line":15,"column":42},"end":{"line":15,"column":49}},{"start":{"line":15,"column":53},"end":{"line":15,"column":55}}],"line":15},"2":{"loc":{"start":{"line":16,"column":4},"end":{"line":22,"column":5}},"type":"if","locations":[{"start":{"line":16,"column":4},"end":{"line":22,"column":5}},{"start":{},"end":{}}],"line":16},"3":{"loc":{"start":{"line":16,"column":8},"end":{"line":16,"column":40}},"type":"binary-expr","locations":[{"start":{"line":16,"column":8},"end":{"line":16,"column":25}},{"start":{"line":16,"column":29},"end":{"line":16,"column":40}}],"line":16},"4":{"loc":{"start":{"line":23,"column":4},"end":{"line":29,"column":5}},"type":"if","locations":[{"start":{"line":23,"column":4},"end":{"line":29,"column":5}},{"start":{},"end":{}}],"line":23},"5":{"loc":{"start":{"line":23,"column":8},"end":{"line":23,"column":40}},"type":"binary-expr","locations":[{"start":{"line":23,"column":8},"end":{"line":23,"column":25}},{"start":{"line":23,"column":29},"end":{"line":23,"column":40}}],"line":23},"6":{"loc":{"start":{"line":36,"column":22},"end":{"line":36,"column":37}},"type":"default-arg","locations":[{"start":{"line":36,"column":30},"end":{"line":36,"column":37}}],"line":36},"7":{"loc":{"start":{"line":36,"column":42},"end":{"line":36,"column":55}},"type":"binary-expr","locations":[{"start":{"line":36,"column":42},"end":{"line":36,"column":49}},{"start":{"line":36,"column":53},"end":{"line":36,"column":55}}],"line":36},"8":{"loc":{"start":{"line":38,"column":4},"end":{"line":43,"column":5}},"type":"if","locations":[{"start":{"line":38,"column":4},"end":{"line":43,"column":5}},{"start":{},"end":{}}],"line":38},"9":{"loc":{"start":{"line":38,"column":8},"end":{"line":38,"column":38}},"type":"binary-expr","locations":[{"start":{"line":38,"column":8},"end":{"line":38,"column":25}},{"start":{"line":38,"column":29},"end":{"line":38,"column":38}}],"line":38},"10":{"loc":{"start":{"line":44,"column":4},"end":{"line":49,"column":5}},"type":"if","locations":[{"start":{"line":44,"column":4},"end":{"line":49,"column":5}},{"start":{},"end":{}}],"line":44},"11":{"loc":{"start":{"line":44,"column":8},"end":{"line":44,"column":38}},"type":"binary-expr","locations":[{"start":{"line":44,"column":8},"end":{"line":44,"column":25}},{"start":{"line":44,"column":29},"end":{"line":44,"column":38}}],"line":44},"12":{"loc":{"start":{"line":57,"column":4},"end":{"line":70,"column":5}},"type":"switch","locations":[{"start":{"line":58,"column":8},"end":{"line":59,"column":48}},{"start":{"line":60,"column":8},"end":{"line":61,"column":57}},{"start":{"line":62,"column":8},"end":{"line":62,"column":19}},{"start":{"line":63,"column":8},"end":{"line":63,"column":20}},{"start":{"line":64,"column":8},"end":{"line":64,"column":19}},{"start":{"line":65,"column":8},"end":{"line":67,"column":22}},{"start":{"line":68,"column":8},"end":{"line":69,"column":22}}],"line":57}},"s":{"0":1,"1":1,"2":1,"3":1,"4":1,"5":5,"6":5,"7":1,"8":4,"9":1,"10":3,"11":3,"12":3,"13":3,"14":1,"15":2,"16":1,"17":1,"18":3,"19":3,"20":1,"21":1,"22":1,"23":0},"f":{"0":5,"1":3,"2":3},"b":{"0":[5],"1":[5,0],"2":[1,4],"3":[5,4],"4":[1,3],"5":[4,3],"6":[3],"7":[3,0],"8":[1,2],"9":[3,2],"10":[1,1],"11":[2,2],"12":[1,1,1,1,1,1,0]},"inputSourceMap":{"version":3,"file":"/home/danielakinsanya/stellar-suite/src/utils/validators/rangeValidators.ts","sources":["/home/danielakinsanya/stellar-suite/src/utils/validators/rangeValidators.ts"],"names":[],"mappings":";AAAA;;;GAGG;;AAQH,kDAoBC;AAKD,oDAmBC;AAKD,0DAgBC;AAtED,yDAAyG;AAEzG;;GAEG;AACH,SAAgB,mBAAmB,CAC/B,KAAa,EACb,OAAwD;IAExD,MAAM,EAAE,GAAG,EAAE,GAAG,EAAE,KAAK,GAAG,OAAO,EAAE,GAAG,OAAO,IAAI,EAAE,CAAC;IACpD,IAAI,GAAG,KAAK,SAAS,IAAI,KAAK,GAAG,GAAG,EAAE,CAAC;QACnC,OAAO,IAAA,gCAAa,EAAC,WAAW,EAAE,0BAA0B,GAAG,EAAE,EAAE;YAC/D,KAAK;YACL,aAAa,EAAE,MAAM,CAAC,KAAK,CAAC;YAC5B,aAAa,EAAE,OAAO,GAAG,EAAE;SAC9B,CAAC,CAAC;IACP,CAAC;IACD,IAAI,GAAG,KAAK,SAAS,IAAI,KAAK,GAAG,GAAG,EAAE,CAAC;QACnC,OAAO,IAAA,gCAAa,EAAC,WAAW,EAAE,yBAAyB,GAAG,EAAE,EAAE;YAC9D,KAAK;YACL,aAAa,EAAE,MAAM,CAAC,KAAK,CAAC;YAC5B,aAAa,EAAE,OAAO,GAAG,EAAE;SAC9B,CAAC,CAAC;IACP,CAAC;IACD,OAAO,IAAA,8BAAW,GAAE,CAAC;AACzB,CAAC;AAED;;GAEG;AACH,SAAgB,oBAAoB,CAChC,KAAa,EACb,OAAwD;IAExD,MAAM,EAAE,GAAG,EAAE,GAAG,EAAE,KAAK,GAAG,OAAO,EAAE,GAAG,OAAO,IAAI,EAAE,CAAC;IACpD,MAAM,GAAG,GAAG,KAAK,CAAC,MAAM,CAAC;IACzB,IAAI,GAAG,KAAK,SAAS,IAAI,GAAG,GAAG,GAAG,EAAE,CAAC;QACjC,OAAO,IAAA,gCAAa,EAAC,WAAW,EAAE,0BAA0B,GAAG,aAAa,EAAE;YAC1E,KAAK;YACL,aAAa,EAAE,cAAc,GAAG,EAAE;SACrC,CAAC,CAAC;IACP,CAAC;IACD,IAAI,GAAG,KAAK,SAAS,IAAI,GAAG,GAAG,GAAG,EAAE,CAAC;QACjC,OAAO,IAAA,gCAAa,EAAC,UAAU,EAAE,yBAAyB,GAAG,aAAa,EAAE;YACxE,KAAK;YACL,aAAa,EAAE,cAAc,GAAG,EAAE;SACrC,CAAC,CAAC;IACP,CAAC;IACD,OAAO,IAAA,8BAAW,GAAE,CAAC;AACzB,CAAC;AAED;;GAEG;AACH,SAAgB,uBAAuB,CAAC,IAAY;IAChD,MAAM,CAAC,GAAG,IAAI,CAAC,WAAW,EAAE,CAAC;IAC7B,QAAQ,CAAC,EAAE,CAAC;QACR,KAAK,KAAK;YACN,OAAO,EAAE,GAAG,EAAE,CAAC,EAAE,GAAG,EAAE,CAAC,IAAI,EAAE,GAAG,CAAC,EAAE,CAAC;QACxC,KAAK,KAAK;YACN,OAAO,EAAE,GAAG,EAAE,CAAC,CAAC,CAAC,IAAI,EAAE,CAAC,EAAE,GAAG,EAAE,CAAC,IAAI,EAAE,GAAG,CAAC,EAAE,CAAC;QACjD,KAAK,KAAK,CAAC;QACX,KAAK,MAAM,CAAC;QACZ,KAAK,KAAK,CAAC;QACX,KAAK,MAAM;YACP,sDAAsD;YACtD,OAAO,EAAE,CAAC;QACd;YACI,OAAO,EAAE,CAAC;IAClB,CAAC;AACL,CAAC","sourcesContent":["/**\n * Range validators for form inputs.\n * Validates numeric ranges and string length constraints.\n */\n\nimport type { ValidationResult } from '../../types/cliValidation';\nimport { createErrorIssue, buildValidationResult, validResult, invalidResult } from './validationResult';\n\n/**\n * Validate a number is within optional min/max bounds.\n */\nexport function validateNumberRange(\n    value: number,\n    options?: { min?: number; max?: number; field?: string }\n): ValidationResult {\n    const { min, max, field = 'value' } = options || {};\n    if (min !== undefined && value < min) {\n        return invalidResult('BELOW_MIN', `Value must be at least ${min}`, {\n            field,\n            receivedValue: String(value),\n            expectedValue: `min ${min}`,\n        });\n    }\n    if (max !== undefined && value > max) {\n        return invalidResult('ABOVE_MAX', `Value must be at most ${max}`, {\n            field,\n            receivedValue: String(value),\n            expectedValue: `max ${max}`,\n        });\n    }\n    return validResult();\n}\n\n/**\n * Validate string length is within optional min/max.\n */\nexport function validateStringLength(\n    value: string,\n    options?: { min?: number; max?: number; field?: string }\n): ValidationResult {\n    const { min, max, field = 'value' } = options || {};\n    const len = value.length;\n    if (min !== undefined && len < min) {\n        return invalidResult('TOO_SHORT', `Value must be at least ${min} characters`, {\n            field,\n            expectedValue: `min length ${min}`,\n        });\n    }\n    if (max !== undefined && len > max) {\n        return invalidResult('TOO_LONG', `Value must be at most ${max} characters`, {\n            field,\n            expectedValue: `max length ${max}`,\n        });\n    }\n    return validResult();\n}\n\n/**\n * Get min/max bounds for a Soroban integer type.\n */\nexport function getSorobanIntegerBounds(type: string): { min?: number; max?: number } {\n    const t = type.toLowerCase();\n    switch (t) {\n        case 'u32':\n            return { min: 0, max: 2 ** 32 - 1 };\n        case 'i32':\n            return { min: -(2 ** 31), max: 2 ** 31 - 1 };\n        case 'u64':\n        case 'u128':\n        case 'i64':\n        case 'i128':\n            // BigInt ranges - caller should use BigInt validation\n            return {};\n        default:\n            return {};\n    }\n}\n"]},"_coverageSchema":"1a1c01bbd47fc00a2c39e90264f33305004495a9","hash":"5655b7c835293f3d344a96c6af3bbbda0c8d73db","contentHash":"554d122f59bb2519c44be45c861cbf94b7919671a62eb775e8eed705e4fd2de8"}}